<?xml version="1.0" encoding="UTF-8"?>
<testsuites>
  <testsuite name="ds.asCharacter::arg::test errors" timestamp="2020-07-06T23:06:13Z" hostname="fv-az14" tests="1" skipped="0" failures="0" errors="0" time="6.746">
    <testcase time="6.746" classname="ds.asCharacter_arg_test_errors" name="asCharacter_erros"/>
  </testsuite>
  <testsuite name="ds.asDataMatrix::arg::test errors" timestamp="2020-07-06T23:06:18Z" hostname="fv-az14" tests="1" skipped="0" failures="0" errors="0" time="4.839">
    <testcase time="4.839" classname="ds.asDataMatrix_arg_test_errors" name="asDataMatrix_erros"/>
  </testsuite>
  <testsuite name="ds.asFactor::arg::test errors" timestamp="2020-07-06T23:06:22Z" hostname="fv-az14" tests="3" skipped="0" failures="0" errors="0" time="4.782">
    <testcase time="4.721" classname="ds.asFactor_arg_test_errors" name="asFactor_erros"/>
    <testcase time="0.0479999999999983" classname="ds.asFactor_arg_test_errors" name="asFactor_erros"/>
    <testcase time="0.0130000000000017" classname="ds.asFactor_arg_test_errors" name="asFactor_erros"/>
  </testsuite>
  <testsuite name="ds.asInteger::arg::test errors" timestamp="2020-07-06T23:06:27Z" hostname="fv-az14" tests="1" skipped="0" failures="0" errors="0" time="4.712">
    <testcase time="4.712" classname="ds.asInteger_arg_test_errors" name="asInteger_erros"/>
  </testsuite>
  <testsuite name="ds.asList::arg::test errors" timestamp="2020-07-06T23:06:32Z" hostname="fv-az14" tests="1" skipped="0" failures="0" errors="0" time="4.689">
    <testcase time="4.689" classname="ds.asList_arg_test_errors" name="asList_erros"/>
  </testsuite>
  <testsuite name="ds.asLogical::arg::test errors" timestamp="2020-07-06T23:06:36Z" hostname="fv-az14" tests="1" skipped="0" failures="0" errors="0" time="4.661">
    <testcase time="4.661" classname="ds.asLogical_arg_test_errors" name="asLogical_erros"/>
  </testsuite>
  <testsuite name="ds.asMatrix::arg::test errors" timestamp="2020-07-06T23:06:41Z" hostname="fv-az14" tests="1" skipped="0" failures="0" errors="0" time="4.626">
    <testcase time="4.626" classname="ds.asMatrix_arg_test_errors" name="asMatrix_erros"/>
  </testsuite>
  <testsuite name="ds.asNumeric::arg::test errors" timestamp="2020-07-06T23:06:46Z" hostname="fv-az14" tests="1" skipped="0" failures="0" errors="0" time="4.669">
    <testcase time="4.669" classname="ds.asNumeric_arg_test_errors" name="asNumeric_erros"/>
  </testsuite>
  <testsuite name="ds.assign::arg::test errors" timestamp="2020-07-06T23:06:50Z" hostname="fv-az14" tests="1" skipped="0" failures="0" errors="0" time="4.682">
    <testcase time="4.682" classname="ds.assign_arg_test_errors" name="assign_erros"/>
  </testsuite>
  <testsuite name="ds.Boole::arg::test errors" timestamp="2020-07-06T23:06:55Z" hostname="fv-az14" tests="5" skipped="0" failures="0" errors="0" time="4.799">
    <testcase time="4.726" classname="ds.Boole_arg_test_errors" name="Boole_erros"/>
    <testcase time="0.0579999999999998" classname="ds.Boole_arg_test_errors" name="Boole_erros"/>
    <testcase time="0.00400000000000489" classname="ds.Boole_arg_test_errors" name="Boole_erros"/>
    <testcase time="0.00499999999999545" classname="ds.Boole_arg_test_errors" name="Boole_erros"/>
    <testcase time="0.00600000000000023" classname="ds.Boole_arg_test_errors" name="Boole_erros"/>
  </testsuite>
  <testsuite name="ds.cbind::arg::test errors" timestamp="2020-07-06T23:07:00Z" hostname="fv-az14" tests="2" skipped="0" failures="0" errors="0" time="6.083">
    <testcase time="4.975" classname="ds.cbind_arg_test_errors" name="cbind_erros"/>
    <testcase time="1.108" classname="ds.cbind_arg_test_errors" name="cbind_erros"/>
  </testsuite>
  <testsuite name="ds.changeRefGroup::arg::test errors" timestamp="2020-07-06T23:07:06Z" hostname="fv-az14" tests="3" skipped="0" failures="0" errors="0" time="5.702">
    <testcase time="4.706" classname="ds.changeRefGroup_arg_test_errors" name="changeRefGroup_erros"/>
    <testcase time="0.0249999999999915" classname="ds.changeRefGroup_arg_test_errors" name="changeRefGroup_erros"/>
    <testcase time="0.971000000000004" classname="ds.changeRefGroup_arg_test_errors" name="changeRefGroup_erros"/>
  </testsuite>
  <testsuite name="ds.class::arg::test errors" timestamp="2020-07-06T23:07:12Z" hostname="fv-az14" tests="1" skipped="0" failures="0" errors="0" time="4.707">
    <testcase time="4.70699999999999" classname="ds.class_arg_test_errors" name="class_erros"/>
  </testsuite>
  <testsuite name="ds.colnames::arg::test errors" timestamp="2020-07-06T23:07:16Z" hostname="fv-az14" tests="1" skipped="0" failures="0" errors="0" time="4.712">
    <testcase time="4.712" classname="ds.colnames_arg_test_errors" name="simple_colnames_errors"/>
  </testsuite>
  <testsuite name="ds.completeCases::arg::test errors" timestamp="2020-07-06T23:07:21Z" hostname="fv-az14" tests="1" skipped="0" failures="0" errors="0" time="4.621">
    <testcase time="4.62100000000001" classname="ds.completeCases_arg_test_errors" name="completeCases_errors"/>
  </testsuite>
  <testsuite name="ds.cor::arg::test errors" timestamp="2020-07-06T23:07:26Z" hostname="fv-az14" tests="3" skipped="0" failures="0" errors="0" time="8.152">
    <testcase time="4.72799999999999" classname="ds.cor_arg_test_errors" name="cor_erros"/>
    <testcase time="1.18299999999999" classname="ds.cor_arg_test_errors" name="cor_erros"/>
    <testcase time="2.241" classname="ds.cor_arg_test_errors" name="cor_erros"/>
  </testsuite>
  <testsuite name="ds.corTest::arg" timestamp="2020-07-06T23:07:34Z" hostname="fv-az14" tests="2" skipped="0" failures="0" errors="0" time="4.686">
    <testcase time="4.664" classname="ds.corTest_arg" name="simple_arg_test"/>
    <testcase time="0.0220000000000056" classname="ds.corTest_arg" name="simple_arg_test"/>
  </testsuite>
  <testsuite name="ds.cov::arg::test errors" timestamp="2020-07-06T23:07:39Z" hostname="fv-az14" tests="3" skipped="0" failures="0" errors="0" time="8.011">
    <testcase time="4.68499999999999" classname="ds.cov_arg_test_errors" name="cov_erros"/>
    <testcase time="1.131" classname="ds.cov_arg_test_errors" name="cov_erros"/>
    <testcase time="2.19500000000001" classname="ds.cov_arg_test_errors" name="cov_erros"/>
  </testsuite>
  <testsuite name="ds.c::arg::test errors" timestamp="2020-07-06T23:07:47Z" hostname="fv-az14" tests="1" skipped="0" failures="0" errors="0" time="4.671">
    <testcase time="4.67099999999999" classname="ds.c_arg_test_errors" name="simple_c_errors"/>
  </testsuite>
  <testsuite name="ds.dataFrameFill::arg::test errors" timestamp="2020-07-06T23:07:51Z" hostname="fv-az14" tests="3" skipped="0" failures="0" errors="0" time="6.022">
    <testcase time="4.60900000000001" classname="ds.dataFrameFill_arg_test_errors" name="dataFrameFill_erros"/>
    <testcase time="0.335999999999999" classname="ds.dataFrameFill_arg_test_errors" name="dataFrameFill_erros"/>
    <testcase time="1.077" classname="ds.dataFrameFill_arg_test_errors" name="dataFrameFill_erros"/>
  </testsuite>
  <testsuite name="ds.dataFrame::arg::test errors" timestamp="2020-07-06T23:07:57Z" hostname="fv-az14" tests="2" skipped="0" failures="0" errors="0" time="6.007">
    <testcase time="4.60000000000001" classname="ds.dataFrame_arg_test_errors" name="dataframe_erros"/>
    <testcase time="1.407" classname="ds.dataFrame_arg_test_errors" name="dataframe_erros"/>
  </testsuite>
  <testsuite name="ds.dataFrameSubset::arg::setup" timestamp="2020-07-06T23:07:59Z" hostname="fv-az14" tests="3" skipped="0" failures="0" errors="0" time="5.061">
    <testcase time="5.059" classname="ds.dataFrameSubset_arg_setup" name="setup"/>
    <testcase time="0.00100000000000477" classname="ds.dataFrameSubset_arg_setup" name="setup"/>
    <testcase time="0.000999999999990564" classname="ds.dataFrameSubset_arg_setup" name="setup"/>
  </testsuite>
  <testsuite name="ds.dataFrameSubset::arg::test errors" timestamp="2020-07-06T23:08:04Z" hostname="fv-az14" tests="1" skipped="0" failures="0" errors="0" time="0.007">
    <testcase time="0.007000000000005" classname="ds.dataFrameSubset_arg_test_errors" name="dataFrameSubset_erros"/>
  </testsuite>
  <testsuite name="ds.dataFrameSubset::arg::shutdown" timestamp="2020-07-06T23:08:04Z" hostname="fv-az14" tests="3" skipped="0" failures="0" errors="0" time="0.302">
    <testcase time="0.299999999999997" classname="ds.dataFrameSubset_arg_shutdown" name="shutdown"/>
    <testcase time="0.00100000000000477" classname="ds.dataFrameSubset_arg_shutdown" name="shutdown"/>
    <testcase time="0.000999999999990564" classname="ds.dataFrameSubset_arg_shutdown" name="shutdown"/>
  </testsuite>
  <testsuite name="ds.dataFrameSubset::arg::done" timestamp="2020-07-06T23:08:04Z" hostname="fv-az14" tests="0" skipped="0" failures="0" errors="0" time="0"/>
  <testsuite name="ds.dim::arg::test errors" timestamp="2020-07-06T23:08:09Z" hostname="fv-az14" tests="3" skipped="0" failures="0" errors="0" time="5.994">
    <testcase time="4.623" classname="ds.dim_arg_test_errors" name="dim_erros"/>
    <testcase time="1.10400000000001" classname="ds.dim_arg_test_errors" name="dim_erros"/>
    <testcase time="0.266999999999996" classname="ds.dim_arg_test_errors" name="dim_erros"/>
  </testsuite>
  <testsuite name="ds.exists::arg::test errors" timestamp="2020-07-06T23:08:15Z" hostname="fv-az14" tests="1" skipped="0" failures="0" errors="0" time="4.621">
    <testcase time="4.62099999999998" classname="ds.exists_arg_test_errors" name="simple_exists_errors"/>
  </testsuite>
  <testsuite name="ds.exp::arg::test errors" timestamp="2020-07-06T23:08:19Z" hostname="fv-az14" tests="1" skipped="0" failures="0" errors="0" time="4.649">
    <testcase time="4.649" classname="ds.exp_arg_test_errors" name="exp_erros"/>
  </testsuite>
  <testsuite name="ds.foobar::arg::setup" timestamp="2020-07-06T23:08:20Z" hostname="fv-az14" tests="3" skipped="0" failures="0" errors="0" time="4.95">
    <testcase time="4.94800000000001" classname="ds.foobar_arg_setup" name="setup"/>
    <testcase time="0.00100000000000477" classname="ds.foobar_arg_setup" name="setup"/>
    <testcase time="0.00100000000000477" classname="ds.foobar_arg_setup" name="setup"/>
  </testsuite>
  <testsuite name="ds.foobar::arg::aggregate" timestamp="2020-07-06T23:08:24Z" hostname="fv-az14" tests="2" skipped="0" failures="0" errors="0" time="0.008">
    <testcase time="0.00699999999997658" classname="ds.foobar_arg_aggregate" name="NULL_connections"/>
    <testcase time="0.00100000000000477" classname="ds.foobar_arg_aggregate" name="NULL_connections"/>
  </testsuite>
  <testsuite name="ds.foobar::arg::aggregate" timestamp="2020-07-06T23:08:24Z" hostname="fv-az14" tests="8" skipped="0" failures="0" errors="0" time="0.015">
    <testcase time="0.00800000000000978" classname="ds.foobar_arg_aggregate" name="NULL_expr"/>
    <testcase time="0.00100000000000477" classname="ds.foobar_arg_aggregate" name="NULL_expr"/>
    <testcase time="0.00100000000000477" classname="ds.foobar_arg_aggregate" name="NULL_expr"/>
    <testcase time="0.000999999999976353" classname="ds.foobar_arg_aggregate" name="NULL_expr"/>
    <testcase time="0.00100000000000477" classname="ds.foobar_arg_aggregate" name="NULL_expr"/>
    <testcase time="0.00100000000000477" classname="ds.foobar_arg_aggregate" name="NULL_expr"/>
    <testcase time="0.00100000000000477" classname="ds.foobar_arg_aggregate" name="NULL_expr"/>
    <testcase time="0.00100000000000477" classname="ds.foobar_arg_aggregate" name="NULL_expr"/>
  </testsuite>
  <testsuite name="ds.foobar::arg::aggregate" timestamp="2020-07-06T23:08:24Z" hostname="fv-az14" tests="8" skipped="0" failures="0" errors="0" time="0.227">
    <testcase time="0.218999999999994" classname="ds.foobar_arg_aggregate" name="non_existent_aggregate_foobarDS"/>
    <testcase time="0.00100000000000477" classname="ds.foobar_arg_aggregate" name="non_existent_aggregate_foobarDS"/>
    <testcase time="0.00100000000000477" classname="ds.foobar_arg_aggregate" name="non_existent_aggregate_foobarDS"/>
    <testcase time="0.000999999999976353" classname="ds.foobar_arg_aggregate" name="non_existent_aggregate_foobarDS"/>
    <testcase time="0.00100000000000477" classname="ds.foobar_arg_aggregate" name="non_existent_aggregate_foobarDS"/>
    <testcase time="0.00200000000000955" classname="ds.foobar_arg_aggregate" name="non_existent_aggregate_foobarDS"/>
    <testcase time="0.00100000000000477" classname="ds.foobar_arg_aggregate" name="non_existent_aggregate_foobarDS"/>
    <testcase time="0.00100000000000477" classname="ds.foobar_arg_aggregate" name="non_existent_aggregate_foobarDS"/>
  </testsuite>
  <testsuite name="ds.foobar::arg::assign" timestamp="2020-07-06T23:08:24Z" hostname="fv-az14" tests="2" skipped="0" failures="0" errors="0" time="0.009">
    <testcase time="0.00799999999998136" classname="ds.foobar_arg_assign" name="NULL_connections"/>
    <testcase time="0.00100000000000477" classname="ds.foobar_arg_assign" name="NULL_connections"/>
  </testsuite>
  <testsuite name="ds.foobar::arg::assign" timestamp="2020-07-06T23:08:24Z" hostname="fv-az14" tests="2" skipped="0" failures="0" errors="0" time="0.008">
    <testcase time="0.007000000000005" classname="ds.foobar_arg_assign" name="NULL_value"/>
    <testcase time="0.00100000000000477" classname="ds.foobar_arg_assign" name="NULL_value"/>
  </testsuite>
  <testsuite name="ds.foobar::arg::assign" timestamp="2020-07-06T23:08:24Z" hostname="fv-az14" tests="8" skipped="0" failures="0" errors="0" time="0.23">
    <testcase time="0.22199999999998" classname="ds.foobar_arg_assign" name="non_existent_assign_foobarDS"/>
    <testcase time="0.00100000000000477" classname="ds.foobar_arg_assign" name="non_existent_assign_foobarDS"/>
    <testcase time="0.00100000000000477" classname="ds.foobar_arg_assign" name="non_existent_assign_foobarDS"/>
    <testcase time="0.00100000000000477" classname="ds.foobar_arg_assign" name="non_existent_assign_foobarDS"/>
    <testcase time="0.00100000000000477" classname="ds.foobar_arg_assign" name="non_existent_assign_foobarDS"/>
    <testcase time="0.00100000000000477" classname="ds.foobar_arg_assign" name="non_existent_assign_foobarDS"/>
    <testcase time="0.000999999999976353" classname="ds.foobar_arg_assign" name="non_existent_assign_foobarDS"/>
    <testcase time="0.00200000000000955" classname="ds.foobar_arg_assign" name="non_existent_assign_foobarDS"/>
  </testsuite>
  <testsuite name="ds.foobar::arg::shutdown" timestamp="2020-07-06T23:08:25Z" hostname="fv-az14" tests="3" skipped="0" failures="0" errors="0" time="0.269">
    <testcase time="0.266999999999996" classname="ds.foobar_arg_shutdown" name="shutdown"/>
    <testcase time="0.00100000000000477" classname="ds.foobar_arg_shutdown" name="shutdown"/>
    <testcase time="0.00100000000000477" classname="ds.foobar_arg_shutdown" name="shutdown"/>
  </testsuite>
  <testsuite name="ds.foobar::arg::done" timestamp="2020-07-06T23:08:25Z" hostname="fv-az14" tests="0" skipped="0" failures="0" errors="0" time="0"/>
  <testsuite name="ds.glmerSLMA::arg::setup" timestamp="2020-07-06T23:08:25Z" hostname="fv-az14" tests="3" skipped="0" failures="0" errors="0" time="4.937">
    <testcase time="4.935" classname="ds.glmerSLMA_arg_setup" name="setup"/>
    <testcase time="0.00100000000000477" classname="ds.glmerSLMA_arg_setup" name="setup"/>
    <testcase time="0.00100000000000477" classname="ds.glmerSLMA_arg_setup" name="setup"/>
  </testsuite>
  <testsuite name="ds.glmerSLMA::arg::testing" timestamp="2020-07-06T23:08:30Z" hostname="fv-az14" tests="18" skipped="0" failures="0" errors="0" time="3.669">
    <testcase time="0.00799999999998136" classname="ds.glmerSLMA_arg_testing" name="simple_glmerSLMA_tesing_mis_use_of_arguments"/>
    <testcase time="2.22400000000002" classname="ds.glmerSLMA_arg_testing" name="simple_glmerSLMA_tesing_mis_use_of_arguments"/>
    <testcase time="0.000999999999976353" classname="ds.glmerSLMA_arg_testing" name="simple_glmerSLMA_tesing_mis_use_of_arguments"/>
    <testcase time="0.00100000000000477" classname="ds.glmerSLMA_arg_testing" name="simple_glmerSLMA_tesing_mis_use_of_arguments"/>
    <testcase time="0.00100000000000477" classname="ds.glmerSLMA_arg_testing" name="simple_glmerSLMA_tesing_mis_use_of_arguments"/>
    <testcase time="0.00100000000000477" classname="ds.glmerSLMA_arg_testing" name="simple_glmerSLMA_tesing_mis_use_of_arguments"/>
    <testcase time="0.520999999999987" classname="ds.glmerSLMA_arg_testing" name="simple_glmerSLMA_tesing_mis_use_of_arguments"/>
    <testcase time="0.00100000000000477" classname="ds.glmerSLMA_arg_testing" name="simple_glmerSLMA_tesing_mis_use_of_arguments"/>
    <testcase time="0.00100000000000477" classname="ds.glmerSLMA_arg_testing" name="simple_glmerSLMA_tesing_mis_use_of_arguments"/>
    <testcase time="0.00100000000000477" classname="ds.glmerSLMA_arg_testing" name="simple_glmerSLMA_tesing_mis_use_of_arguments"/>
    <testcase time="0.00200000000000955" classname="ds.glmerSLMA_arg_testing" name="simple_glmerSLMA_tesing_mis_use_of_arguments"/>
    <testcase time="0.262999999999977" classname="ds.glmerSLMA_arg_testing" name="simple_glmerSLMA_tesing_mis_use_of_arguments"/>
    <testcase time="0.634000000000015" classname="ds.glmerSLMA_arg_testing" name="simple_glmerSLMA_tesing_mis_use_of_arguments"/>
    <testcase time="0.000999999999976353" classname="ds.glmerSLMA_arg_testing" name="simple_glmerSLMA_tesing_mis_use_of_arguments"/>
    <testcase time="0.00200000000000955" classname="ds.glmerSLMA_arg_testing" name="simple_glmerSLMA_tesing_mis_use_of_arguments"/>
    <testcase time="0.00100000000000477" classname="ds.glmerSLMA_arg_testing" name="simple_glmerSLMA_tesing_mis_use_of_arguments"/>
    <testcase time="0.00100000000000477" classname="ds.glmerSLMA_arg_testing" name="simple_glmerSLMA_tesing_mis_use_of_arguments"/>
    <testcase time="0.00499999999999545" classname="ds.glmerSLMA_arg_testing" name="simple_glmerSLMA_tesing_mis_use_of_arguments"/>
  </testsuite>
  <testsuite name="ds.glmerSLMA::arg::shutdown" timestamp="2020-07-06T23:08:34Z" hostname="fv-az14" tests="3" skipped="0" failures="0" errors="0" time="0.267">
    <testcase time="0.264999999999986" classname="ds.glmerSLMA_arg_shutdown" name="setup"/>
    <testcase time="0.00100000000000477" classname="ds.glmerSLMA_arg_shutdown" name="setup"/>
    <testcase time="0.00100000000000477" classname="ds.glmerSLMA_arg_shutdown" name="setup"/>
  </testsuite>
  <testsuite name="ds.glmerSLMA::arg::done" timestamp="2020-07-06T23:08:34Z" hostname="fv-az14" tests="0" skipped="0" failures="0" errors="0" time="0"/>
  <testsuite name="ds.glm::arg::test errors" timestamp="2020-07-06T23:08:39Z" hostname="fv-az14" tests="2" skipped="0" failures="0" errors="0" time="4.999">
    <testcase time="4.68700000000001" classname="ds.glm_arg_test_errors" name="glm_erros"/>
    <testcase time="0.311999999999983" classname="ds.glm_arg_test_errors" name="glm_erros"/>
  </testsuite>
  <testsuite name="ds.glmSLMA::arg::test errors" timestamp="2020-07-06T23:08:43Z" hostname="fv-az14" tests="1" skipped="0" failures="0" errors="0" time="4.637">
    <testcase time="4.637" classname="ds.glmSLMA_arg_test_errors" name="glmSLMA_erros"/>
  </testsuite>
  <testsuite name="ds.isNA::smk::errors" timestamp="2020-07-06T23:08:48Z" hostname="fv-az14" tests="1" skipped="0" failures="0" errors="0" time="4.626">
    <testcase time="4.626" classname="ds.isNA_smk_errors" name="isNA_errors"/>
  </testsuite>
  <testsuite name="ds.isValid::smk::errors" timestamp="2020-07-06T23:08:53Z" hostname="fv-az14" tests="2" skipped="0" failures="0" errors="0" time="5.713">
    <testcase time="4.62899999999999" classname="ds.isValid_smk_errors" name="isValid_errors"/>
    <testcase time="1.084" classname="ds.isValid_smk_errors" name="isValid_errors"/>
  </testsuite>
  <testsuite name="ds.length::arg::test errors" timestamp="2020-07-06T23:08:58Z" hostname="fv-az14" tests="5" skipped="0" failures="0" errors="0" time="7.435">
    <testcase time="5.49200000000002" classname="ds.length_arg_test_errors" name="length_erros"/>
    <testcase time="0.0569999999999879" classname="ds.length_arg_test_errors" name="length_erros"/>
    <testcase time="0.00499999999999545" classname="ds.length_arg_test_errors" name="length_erros"/>
    <testcase time="0.942000000000007" classname="ds.length_arg_test_errors" name="length_erros"/>
    <testcase time="0.938999999999993" classname="ds.length_arg_test_errors" name="length_erros"/>
  </testsuite>
  <testsuite name="ds.levels::arg" timestamp="2020-07-06T23:09:06Z" hostname="fv-az14" tests="2" skipped="0" failures="0" errors="0" time="4.989">
    <testcase time="4.69900000000001" classname="ds.levels_arg" name="simple_levels"/>
    <testcase time="0.289999999999992" classname="ds.levels_arg" name="simple_levels"/>
  </testsuite>
  <testsuite name="ds.lexis::arg::test errors" timestamp="2020-07-06T23:09:11Z" hostname="fv-az14" tests="1" skipped="0" failures="0" errors="0" time="4.62">
    <testcase time="4.62" classname="ds.lexis_arg_test_errors" name="lexis_erros"/>
  </testsuite>
  <testsuite name="ds.list::arg::test errors" timestamp="2020-07-06T23:09:15Z" hostname="fv-az14" tests="1" skipped="0" failures="0" errors="0" time="4.602">
    <testcase time="4.602" classname="ds.list_arg_test_errors" name="simple_ds.list_errors"/>
  </testsuite>
  <testsuite name="ds.lmerSLMA::arg::setup" timestamp="2020-07-06T23:09:16Z" hostname="fv-az14" tests="3" skipped="0" failures="0" errors="0" time="4.895">
    <testcase time="4.893" classname="ds.lmerSLMA_arg_setup" name="setup"/>
    <testcase time="0.000999999999976353" classname="ds.lmerSLMA_arg_setup" name="setup"/>
    <testcase time="0.00100000000000477" classname="ds.lmerSLMA_arg_setup" name="setup"/>
  </testsuite>
  <testsuite name="ds.lmerSLMA::arg" timestamp="2020-07-06T23:09:20Z" hostname="fv-az14" tests="17" skipped="0" failures="0" errors="0" time="3.591">
    <testcase time="1.947" classname="ds.lmerSLMA_arg" name="simple_lmerSLMA_tesing_mis_use_of_arguments"/>
    <testcase time="0.00100000000000477" classname="ds.lmerSLMA_arg" name="simple_lmerSLMA_tesing_mis_use_of_arguments"/>
    <testcase time="0.00100000000000477" classname="ds.lmerSLMA_arg" name="simple_lmerSLMA_tesing_mis_use_of_arguments"/>
    <testcase time="0.00100000000000477" classname="ds.lmerSLMA_arg" name="simple_lmerSLMA_tesing_mis_use_of_arguments"/>
    <testcase time="0.00199999999998113" classname="ds.lmerSLMA_arg" name="simple_lmerSLMA_tesing_mis_use_of_arguments"/>
    <testcase time="0.691000000000003" classname="ds.lmerSLMA_arg" name="simple_lmerSLMA_tesing_mis_use_of_arguments"/>
    <testcase time="0.00200000000000955" classname="ds.lmerSLMA_arg" name="simple_lmerSLMA_tesing_mis_use_of_arguments"/>
    <testcase time="0.00100000000000477" classname="ds.lmerSLMA_arg" name="simple_lmerSLMA_tesing_mis_use_of_arguments"/>
    <testcase time="0.00100000000000477" classname="ds.lmerSLMA_arg" name="simple_lmerSLMA_tesing_mis_use_of_arguments"/>
    <testcase time="0.000999999999976353" classname="ds.lmerSLMA_arg" name="simple_lmerSLMA_tesing_mis_use_of_arguments"/>
    <testcase time="0.260000000000019" classname="ds.lmerSLMA_arg" name="simple_lmerSLMA_tesing_mis_use_of_arguments"/>
    <testcase time="0.673000000000002" classname="ds.lmerSLMA_arg" name="simple_lmerSLMA_tesing_mis_use_of_arguments"/>
    <testcase time="0.00199999999998113" classname="ds.lmerSLMA_arg" name="simple_lmerSLMA_tesing_mis_use_of_arguments"/>
    <testcase time="0.00100000000000477" classname="ds.lmerSLMA_arg" name="simple_lmerSLMA_tesing_mis_use_of_arguments"/>
    <testcase time="0.00100000000000477" classname="ds.lmerSLMA_arg" name="simple_lmerSLMA_tesing_mis_use_of_arguments"/>
    <testcase time="0.00200000000000955" classname="ds.lmerSLMA_arg" name="simple_lmerSLMA_tesing_mis_use_of_arguments"/>
    <testcase time="0.00399999999999068" classname="ds.lmerSLMA_arg" name="simple_lmerSLMA_tesing_mis_use_of_arguments"/>
  </testsuite>
  <testsuite name="ds.lmerSLMA::arg::shutdown" timestamp="2020-07-06T23:09:24Z" hostname="fv-az14" tests="3" skipped="0" failures="0" errors="0" time="0.273">
    <testcase time="0.270999999999987" classname="ds.lmerSLMA_arg_shutdown" name="shutdown"/>
    <testcase time="0.00100000000000477" classname="ds.lmerSLMA_arg_shutdown" name="shutdown"/>
    <testcase time="0.00100000000000477" classname="ds.lmerSLMA_arg_shutdown" name="shutdown"/>
  </testsuite>
  <testsuite name="ds.lmerSLMA::arg::done" timestamp="2020-07-06T23:09:25Z" hostname="fv-az14" tests="0" skipped="0" failures="0" errors="0" time="0"/>
  <testsuite name="ds.log::arg::test errors" timestamp="2020-07-06T23:09:29Z" hostname="fv-az14" tests="1" skipped="0" failures="0" errors="0" time="4.664">
    <testcase time="4.66400000000002" classname="ds.log_arg_test_errors" name="log_erros"/>
  </testsuite>
  <testsuite name="ds.look::arg::test errors" timestamp="2020-07-06T23:09:34Z" hostname="fv-az14" tests="2" skipped="0" failures="0" errors="0" time="4.615">
    <testcase time="4.61099999999999" classname="ds.look_arg_test_errors" name="look_erros"/>
    <testcase time="0.00399999999999068" classname="ds.look_arg_test_errors" name="look_erros"/>
  </testsuite>
  <testsuite name="ds.ls::arg::setup" timestamp="2020-07-06T23:09:34Z" hostname="fv-az14" tests="3" skipped="0" failures="0" errors="0" time="5">
    <testcase time="4.99800000000002" classname="ds.ls_arg_setup" name="setup"/>
    <testcase time="0.000999999999976353" classname="ds.ls_arg_setup" name="setup"/>
    <testcase time="0.00100000000000477" classname="ds.ls_arg_setup" name="setup"/>
  </testsuite>
  <testsuite name="ds.ls::arg" timestamp="2020-07-06T23:09:39Z" hostname="fv-az14" tests="6" skipped="0" failures="0" errors="0" time="0.012">
    <testcase time="0.00499999999999545" classname="ds.ls_arg" name="containing_escape_sequence"/>
    <testcase time="0.00100000000000477" classname="ds.ls_arg" name="containing_escape_sequence"/>
    <testcase time="0.00200000000000955" classname="ds.ls_arg" name="containing_escape_sequence"/>
    <testcase time="0.00100000000000477" classname="ds.ls_arg" name="containing_escape_sequence"/>
    <testcase time="0.00199999999998113" classname="ds.ls_arg" name="containing_escape_sequence"/>
    <testcase time="0.00100000000000477" classname="ds.ls_arg" name="containing_escape_sequence"/>
  </testsuite>
  <testsuite name="ds.ls::arg::shutdown" timestamp="2020-07-06T23:09:39Z" hostname="fv-az14" tests="3" skipped="0" failures="0" errors="0" time="0.266">
    <testcase time="0.263000000000005" classname="ds.ls_arg_shutdown" name="shutdown"/>
    <testcase time="0.00200000000000955" classname="ds.ls_arg_shutdown" name="shutdown"/>
    <testcase time="0.00100000000000477" classname="ds.ls_arg_shutdown" name="shutdown"/>
  </testsuite>
  <testsuite name="ds.ls::arg::done" timestamp="2020-07-06T23:09:39Z" hostname="fv-az14" tests="0" skipped="0" failures="0" errors="0" time="0"/>
  <testsuite name="ds.make::arg::test errors" timestamp="2020-07-06T23:09:43Z" hostname="fv-az14" tests="1" skipped="0" failures="0" errors="0" time="4.637">
    <testcase time="4.637" classname="ds.make_arg_test_errors" name="make_erros"/>
  </testsuite>
  <testsuite name="ds.matrixDet::arg::test errors" timestamp="2020-07-06T23:09:48Z" hostname="fv-az14" tests="1" skipped="0" failures="0" errors="0" time="4.649">
    <testcase time="4.649" classname="ds.matrixDet_arg_test_errors" name="matrixDet_erros"/>
  </testsuite>
  <testsuite name="ds.matrixDet.report::arg::test errors" timestamp="2020-07-06T23:09:53Z" hostname="fv-az14" tests="1" skipped="0" failures="0" errors="0" time="4.68">
    <testcase time="4.67999999999998" classname="ds.matrixDet.report_arg_test_errors" name="ds.matixDet.report_erros"/>
  </testsuite>
  <testsuite name="ds.matrixDiag::arg::test errors" timestamp="2020-07-06T23:09:57Z" hostname="fv-az14" tests="2" skipped="0" failures="0" errors="0" time="4.63">
    <testcase time="4.62900000000002" classname="ds.matrixDiag_arg_test_errors" name="matrixDiag_erros"/>
    <testcase time="0.000999999999976353" classname="ds.matrixDiag_arg_test_errors" name="matrixDiag_erros"/>
  </testsuite>
  <testsuite name="ds.matrixDimnames::arg::test errors" timestamp="2020-07-06T23:10:02Z" hostname="fv-az14" tests="1" skipped="0" failures="0" errors="0" time="4.623">
    <testcase time="4.62300000000002" classname="ds.matrixDimnames_arg_test_errors" name="matrixDimnames_erros"/>
  </testsuite>
  <testsuite name="ds.matrixInvert::arg::test errors" timestamp="2020-07-06T23:10:07Z" hostname="fv-az14" tests="1" skipped="0" failures="0" errors="0" time="4.64">
    <testcase time="4.63999999999999" classname="ds.matrixInvert_arg_test_errors" name="matrixInvert_erros"/>
  </testsuite>
  <testsuite name="ds.matrixMult::arg::test errors" timestamp="2020-07-06T23:10:11Z" hostname="fv-az14" tests="1" skipped="0" failures="0" errors="0" time="4.617">
    <testcase time="4.61700000000002" classname="ds.matrixMult_arg_test_errors" name="matrixMult_erros"/>
  </testsuite>
  <testsuite name="ds.matrix::arg::test errors" timestamp="2020-07-06T23:10:16Z" hostname="fv-az14" tests="1" skipped="0" failures="0" errors="0" time="4.622">
    <testcase time="4.62199999999999" classname="ds.matrix_arg_test_errors" name="matrix_erros"/>
  </testsuite>
  <testsuite name="ds.matrixTranspose::arg::test errors" timestamp="2020-07-06T23:10:21Z" hostname="fv-az14" tests="1" skipped="0" failures="0" errors="0" time="4.633">
    <testcase time="4.63299999999998" classname="ds.matrixTranspose_arg_test_errors" name="matrixTranspose_erros"/>
  </testsuite>
  <testsuite name="ds.meanByClass::arg::test errors" timestamp="2020-07-06T23:10:25Z" hostname="fv-az14" tests="8" skipped="0" failures="0" errors="0" time="10.456">
    <testcase time="7.35000000000002" classname="ds.meanByClass_arg_test_errors" name="meanByClass_erros"/>
    <testcase time="0.0040000000000191" classname="ds.meanByClass_arg_test_errors" name="meanByClass_erros"/>
    <testcase time="0.00199999999995271" classname="ds.meanByClass_arg_test_errors" name="meanByClass_erros"/>
    <testcase time="1.20700000000005" classname="ds.meanByClass_arg_test_errors" name="meanByClass_erros"/>
    <testcase time="0.000999999999976353" classname="ds.meanByClass_arg_test_errors" name="meanByClass_erros"/>
    <testcase time="1.88600000000002" classname="ds.meanByClass_arg_test_errors" name="meanByClass_erros"/>
    <testcase time="0.00199999999995271" classname="ds.meanByClass_arg_test_errors" name="meanByClass_erros"/>
    <testcase time="0.0040000000000191" classname="ds.meanByClass_arg_test_errors" name="meanByClass_erros"/>
  </testsuite>
  <testsuite name="ds.mean::arg::test errors" timestamp="2020-07-06T23:10:36Z" hostname="fv-az14" tests="3" skipped="0" failures="0" errors="0" time="6.514">
    <testcase time="5.50100000000003" classname="ds.mean_arg_test_errors" name="mean_erros"/>
    <testcase time="0.0749999999999886" classname="ds.mean_arg_test_errors" name="mean_erros"/>
    <testcase time="0.937999999999988" classname="ds.mean_arg_test_errors" name="mean_erros"/>
  </testsuite>
  <testsuite name="ds.meanSdGp::arg::test errors" timestamp="2020-07-06T23:10:42Z" hostname="fv-az14" tests="1" skipped="0" failures="0" errors="0" time="4.618">
    <testcase time="4.61799999999999" classname="ds.meanSdGp_arg_test_errors" name="meanSdGp_erros"/>
  </testsuite>
  <testsuite name="ds.merge::arg::test errors" timestamp="2020-07-06T23:10:47Z" hostname="fv-az14" tests="5" skipped="0" failures="0" errors="0" time="4.679">
    <testcase time="4.61799999999999" classname="ds.merge_arg_test_errors" name="merge_erros"/>
    <testcase time="0.0470000000000255" classname="ds.merge_arg_test_errors" name="merge_erros"/>
    <testcase time="0.00499999999999545" classname="ds.merge_arg_test_errors" name="merge_erros"/>
    <testcase time="0.00399999999996226" classname="ds.merge_arg_test_errors" name="merge_erros"/>
    <testcase time="0.00499999999999545" classname="ds.merge_arg_test_errors" name="merge_erros"/>
  </testsuite>
  <testsuite name="ds.message::arg" timestamp="2020-07-06T23:10:51Z" hostname="fv-az14" tests="2" skipped="0" failures="0" errors="0" time="4.625">
    <testcase time="4.62100000000004" classname="ds.message_arg" name="request_message_for_NULL"/>
    <testcase time="0.00399999999996226" classname="ds.message_arg" name="request_message_for_NULL"/>
  </testsuite>
  <testsuite name="ds.names::arg::test errors" timestamp="2020-07-06T23:10:56Z" hostname="fv-az14" tests="7" skipped="0" failures="0" errors="0" time="4.965">
    <testcase time="4.63800000000003" classname="ds.names_arg_test_errors" name="simple_ds.names_errors"/>
    <testcase time="0.322000000000003" classname="ds.names_arg_test_errors" name="simple_ds.names_errors"/>
    <testcase time="0.000999999999976353" classname="ds.names_arg_test_errors" name="simple_ds.names_errors"/>
    <testcase time="0.0010000000000332" classname="ds.names_arg_test_errors" name="simple_ds.names_errors"/>
    <testcase time="0.000999999999976353" classname="ds.names_arg_test_errors" name="simple_ds.names_errors"/>
    <testcase time="0.0010000000000332" classname="ds.names_arg_test_errors" name="simple_ds.names_errors"/>
    <testcase time="0.000999999999976353" classname="ds.names_arg_test_errors" name="simple_ds.names_errors"/>
  </testsuite>
  <testsuite name="ds.numNA::arg::test errors" timestamp="2020-07-06T23:11:01Z" hostname="fv-az14" tests="1" skipped="0" failures="0" errors="0" time="4.637">
    <testcase time="4.637" classname="ds.numNA_arg_test_errors" name="simple_ds.numNA_errors"/>
  </testsuite>
  <testsuite name="ds.quantileMean::arg::test errors" timestamp="2020-07-06T23:11:06Z" hostname="fv-az14" tests="3" skipped="0" failures="0" errors="0" time="8.212">
    <testcase time="5.49599999999998" classname="ds.quantileMean_arg_test_errors" name="quantileMean_erros"/>
    <testcase time="1.77699999999999" classname="ds.quantileMean_arg_test_errors" name="quantileMean_erros"/>
    <testcase time="0.939000000000021" classname="ds.quantileMean_arg_test_errors" name="quantileMean_erros"/>
  </testsuite>
  <testsuite name="ds.rbind::arg::test errors" timestamp="2020-07-06T23:11:14Z" hostname="fv-az14" tests="1" skipped="0" failures="0" errors="0" time="4.64">
    <testcase time="4.63999999999999" classname="ds.rbind_arg_test_errors" name="rbind_erros"/>
  </testsuite>
  <testsuite name="ds.rBinom::arg::test errors" timestamp="2020-07-06T23:11:18Z" hostname="fv-az14" tests="2" skipped="0" failures="0" errors="0" time="4.606">
    <testcase time="4.60500000000002" classname="ds.rBinom_arg_test_errors" name="rBinom_erros"/>
    <testcase time="0.000999999999976353" classname="ds.rBinom_arg_test_errors" name="rBinom_erros"/>
  </testsuite>
  <testsuite name="ds.recodeLevels::arg::test errors" timestamp="2020-07-06T23:11:23Z" hostname="fv-az14" tests="8" skipped="0" failures="0" errors="0" time="6.846">
    <testcase time="4.66700000000003" classname="ds.recodeLevels_arg_test_errors" name="recodeLevels_erros"/>
    <testcase time="0.00499999999999545" classname="ds.recodeLevels_arg_test_errors" name="recodeLevels_erros"/>
    <testcase time="0.0310000000000059" classname="ds.recodeLevels_arg_test_errors" name="recodeLevels_erros"/>
    <testcase time="0.00499999999999545" classname="ds.recodeLevels_arg_test_errors" name="recodeLevels_erros"/>
    <testcase time="0.00200000000000955" classname="ds.recodeLevels_arg_test_errors" name="recodeLevels_erros"/>
    <testcase time="0.937000000000012" classname="ds.recodeLevels_arg_test_errors" name="recodeLevels_erros"/>
    <testcase time="0.00199999999995271" classname="ds.recodeLevels_arg_test_errors" name="recodeLevels_erros"/>
    <testcase time="1.197" classname="ds.recodeLevels_arg_test_errors" name="recodeLevels_erros"/>
  </testsuite>
  <testsuite name="ds.recodeValues::arg::test errors" timestamp="2020-07-06T23:11:30Z" hostname="fv-az14" tests="6" skipped="0" failures="0" errors="0" time="4.729">
    <testcase time="4.642" classname="ds.recodeValues_arg_test_errors" name="recodeValues_erros"/>
    <testcase time="0.0680000000000405" classname="ds.recodeValues_arg_test_errors" name="recodeValues_erros"/>
    <testcase time="0.00499999999999545" classname="ds.recodeValues_arg_test_errors" name="recodeValues_erros"/>
    <testcase time="0.00499999999999545" classname="ds.recodeValues_arg_test_errors" name="recodeValues_erros"/>
    <testcase time="0.0040000000000191" classname="ds.recodeValues_arg_test_errors" name="recodeValues_erros"/>
    <testcase time="0.00499999999999545" classname="ds.recodeValues_arg_test_errors" name="recodeValues_erros"/>
  </testsuite>
  <testsuite name="ds.replaceNA::arg::test errors" timestamp="2020-07-06T23:11:35Z" hostname="fv-az14" tests="2" skipped="0" failures="0" errors="0" time="4.664">
    <testcase time="4.62699999999995" classname="ds.replaceNA_arg_test_errors" name="simple_ds.replaceNA_errors"/>
    <testcase time="0.0370000000000346" classname="ds.replaceNA_arg_test_errors" name="simple_ds.replaceNA_errors"/>
  </testsuite>
  <testsuite name="ds.rep::arg::setup" timestamp="2020-07-06T23:11:35Z" hostname="fv-az14" tests="0" skipped="0" failures="0" errors="0" time="0"/>
  <testsuite name="ds.rep::arg::test errors" timestamp="2020-07-06T23:11:39Z" hostname="fv-az14" tests="1" skipped="0" failures="0" errors="0" time="4.662">
    <testcase time="4.66199999999998" classname="ds.rep_arg_test_errors" name="ds.rep_erros"/>
  </testsuite>
  <testsuite name="ds.rep::arg::shutdown" timestamp="2020-07-06T23:11:39Z" hostname="fv-az14" tests="0" skipped="0" failures="0" errors="0" time="0"/>
  <testsuite name="ds.rep::arg::done" timestamp="2020-07-06T23:11:40Z" hostname="fv-az14" tests="0" skipped="0" failures="0" errors="0" time="0"/>
  <testsuite name="ds.reShape::arg::test errors" timestamp="2020-07-06T23:11:44Z" hostname="fv-az14" tests="4" skipped="0" failures="0" errors="0" time="4.717">
    <testcase time="4.661" classname="ds.reShape_arg_test_errors" name="reShape_erros"/>
    <testcase time="0.0470000000000255" classname="ds.reShape_arg_test_errors" name="reShape_erros"/>
    <testcase time="0.00499999999999545" classname="ds.reShape_arg_test_errors" name="reShape_erros"/>
    <testcase time="0.0040000000000191" classname="ds.reShape_arg_test_errors" name="reShape_erros"/>
  </testsuite>
  <testsuite name="ds.rm::arg::test errors" timestamp="2020-07-06T23:11:49Z" hostname="fv-az14" tests="1" skipped="0" failures="0" errors="0" time="4.681">
    <testcase time="4.68099999999998" classname="ds.rm_arg_test_errors" name="ds.rm_erros"/>
  </testsuite>
  <testsuite name="ds.rNorm::arg::test errors" timestamp="2020-07-06T23:11:53Z" hostname="fv-az14" tests="2" skipped="0" failures="0" errors="0" time="4.626">
    <testcase time="4.625" classname="ds.rNorm_arg_test_errors" name="rNorm_erros"/>
    <testcase time="0.0010000000000332" classname="ds.rNorm_arg_test_errors" name="rNorm_erros"/>
  </testsuite>
  <testsuite name="ds.rowColCalc::arg::test errors" timestamp="2020-07-06T23:11:58Z" hostname="fv-az14" tests="3" skipped="0" failures="0" errors="0" time="12.277">
    <testcase time="4.69599999999997" classname="ds.rowColCalc_arg_test_errors" name="rowColCalc_errors"/>
    <testcase time="3.83300000000003" classname="ds.rowColCalc_arg_test_errors" name="rowColCalc_errors"/>
    <testcase time="3.74799999999999" classname="ds.rowColCalc_arg_test_errors" name="rowColCalc_errors"/>
  </testsuite>
  <testsuite name="ds.rPois::arg::test errors" timestamp="2020-07-06T23:12:10Z" hostname="fv-az14" tests="2" skipped="0" failures="0" errors="0" time="4.662">
    <testcase time="4.661" classname="ds.rPois_arg_test_errors" name="rPois_erros"/>
    <testcase time="0.000999999999976353" classname="ds.rPois_arg_test_errors" name="rPois_erros"/>
  </testsuite>
  <testsuite name="ds.rUnif::arg::test errors" timestamp="2020-07-06T23:12:15Z" hostname="fv-az14" tests="2" skipped="0" failures="0" errors="0" time="4.682">
    <testcase time="4.68100000000004" classname="ds.rUnif_arg_test_errors" name="rUnif_erros"/>
    <testcase time="0.000999999999976353" classname="ds.rUnif_arg_test_errors" name="rUnif_erros"/>
  </testsuite>
  <testsuite name="ds.sample::arg::setup" timestamp="2020-07-06T23:12:16Z" hostname="fv-az14" tests="0" skipped="0" failures="0" errors="0" time="0"/>
  <testsuite name="ds.sample::arg::test errors" timestamp="2020-07-06T23:12:20Z" hostname="fv-az14" tests="3" skipped="0" failures="0" errors="0" time="4.797">
    <testcase time="4.733" classname="ds.sample_arg_test_errors" name="cov_erros"/>
    <testcase time="0.0620000000000118" classname="ds.sample_arg_test_errors" name="cov_erros"/>
    <testcase time="0.00200000000000955" classname="ds.sample_arg_test_errors" name="cov_erros"/>
  </testsuite>
  <testsuite name="ds.sample::arg::shutdown" timestamp="2020-07-06T23:12:20Z" hostname="fv-az14" tests="0" skipped="0" failures="0" errors="0" time="0"/>
  <testsuite name="ds.sample::arg::done" timestamp="2020-07-06T23:12:20Z" hostname="fv-az14" tests="0" skipped="0" failures="0" errors="0" time="0"/>
  <testsuite name="ds.seq::arg::test errors" timestamp="2020-07-06T23:12:24Z" hostname="fv-az14" tests="1" skipped="0" failures="0" errors="0" time="4.642">
    <testcase time="4.642" classname="ds.seq_arg_test_errors" name="seq_erros"/>
  </testsuite>
  <testsuite name="ds.setSeed::arg::test errors" timestamp="2020-07-06T23:12:29Z" hostname="fv-az14" tests="1" skipped="0" failures="0" errors="0" time="4.634">
    <testcase time="4.63399999999996" classname="ds.setSeed_arg_test_errors" name="setSeed_erros"/>
  </testsuite>
  <testsuite name="ds.subsetByClass::arg::test errors" timestamp="2020-07-06T23:12:34Z" hostname="fv-az14" tests="4" skipped="0" failures="0" errors="0" time="5.756">
    <testcase time="4.65900000000005" classname="ds.subsetByClass_arg_test_errors" name="subsetByClass_erros"/>
    <testcase time="0.00399999999996226" classname="ds.subsetByClass_arg_test_errors" name="subsetByClass_erros"/>
    <testcase time="0.0339999999999918" classname="ds.subsetByClass_arg_test_errors" name="subsetByClass_erros"/>
    <testcase time="1.05900000000003" classname="ds.subsetByClass_arg_test_errors" name="subsetByClass_erros"/>
  </testsuite>
  <testsuite name="ds.subset::arg::test errors" timestamp="2020-07-06T23:12:40Z" hostname="fv-az14" tests="2" skipped="0" failures="0" errors="0" time="4.744">
    <testcase time="4.74000000000001" classname="ds.subset_arg_test_errors" name="subset_erros"/>
    <testcase time="0.00399999999996226" classname="ds.subset_arg_test_errors" name="subset_erros"/>
  </testsuite>
  <testsuite name="ds.summary::arg::test errors" timestamp="2020-07-06T23:12:44Z" hostname="fv-az14" tests="1" skipped="0" failures="0" errors="0" time="4.671">
    <testcase time="4.67100000000005" classname="ds.summary_arg_test_errors" name="summary_erros"/>
  </testsuite>
  <testsuite name="ds.table1D::arg::test errors" timestamp="2020-07-06T23:12:49Z" hostname="fv-az14" tests="4" skipped="0" failures="0" errors="0" time="5.97">
    <testcase time="4.69699999999995" classname="ds.table1D_arg_test_errors" name="table1D_erros"/>
    <testcase time="0.0040000000000191" classname="ds.table1D_arg_test_errors" name="table1D_erros"/>
    <testcase time="0.0620000000000118" classname="ds.table1D_arg_test_errors" name="table1D_erros"/>
    <testcase time="1.20699999999999" classname="ds.table1D_arg_test_errors" name="table1D_erros"/>
  </testsuite>
  <testsuite name="ds.table2D::arg::test errors" timestamp="2020-07-06T23:12:55Z" hostname="fv-az14" tests="2" skipped="0" failures="0" errors="0" time="4.687">
    <testcase time="4.68299999999999" classname="ds.table2D_arg_test_errors" name="table2D_erros"/>
    <testcase time="0.0040000000000191" classname="ds.table2D_arg_test_errors" name="table2D_erros"/>
  </testsuite>
  <testsuite name="ds.table::arg::test rvar has value" timestamp="2020-07-06T23:13:00Z" hostname="fv-az14" tests="1" skipped="0" failures="0" errors="0" time="4.639">
    <testcase time="4.63900000000001" classname="ds.table_arg_test_rvar_has_value" name="table_rvar_has_value"/>
  </testsuite>
  <testsuite name="ds.table::arg::test cvar has value" timestamp="2020-07-06T23:13:00Z" hostname="fv-az14" tests="1" skipped="0" failures="0" errors="0" time="0.879">
    <testcase time="0.878999999999962" classname="ds.table_arg_test_cvar_has_value" name="table_cvar_has_value"/>
  </testsuite>
  <testsuite name="ds.table::arg::test stvar has value" timestamp="2020-07-06T23:13:00Z" hostname="fv-az14" tests="1" skipped="0" failures="0" errors="0" time="0.006">
    <testcase time="0.00600000000002865" classname="ds.table_arg_test_stvar_has_value" name="table_stvar_has_value"/>
  </testsuite>
  <testsuite name="ds.table::arg::test stvar has CORRECT value" timestamp="2020-07-06T23:13:00Z" hostname="fv-az14" tests="1" skipped="0" failures="0" errors="0" time="0.005">
    <testcase time="0.00499999999999545" classname="ds.table_arg_test_stvar_has_CORRECT_value" name="table_useNA_has_value"/>
  </testsuite>
  <testsuite name="ds.table::arg::test force.nfilter has value" timestamp="2020-07-06T23:13:00Z" hostname="fv-az14" tests="1" skipped="0" failures="0" errors="0" time="0.005">
    <testcase time="0.00499999999999545" classname="ds.table_arg_test_force.nfilter_has_value" name="table_force.nfilter_has_value"/>
  </testsuite>
  <testsuite name="ds.tapply.assign::arg::test errors" timestamp="2020-07-06T23:13:05Z" hostname="fv-az14" tests="8" skipped="0" failures="0" errors="0" time="4.75">
    <testcase time="4.702" classname="ds.tapply.assign_arg_test_errors" name="tapply_erros"/>
    <testcase time="0.000999999999976353" classname="ds.tapply.assign_arg_test_errors" name="tapply_erros"/>
    <testcase time="0.0410000000000537" classname="ds.tapply.assign_arg_test_errors" name="tapply_erros"/>
    <testcase time="0.000999999999976353" classname="ds.tapply.assign_arg_test_errors" name="tapply_erros"/>
    <testcase time="0.000999999999976353" classname="ds.tapply.assign_arg_test_errors" name="tapply_erros"/>
    <testcase time="0.0010000000000332" classname="ds.tapply.assign_arg_test_errors" name="tapply_erros"/>
    <testcase time="0.00200000000000955" classname="ds.tapply.assign_arg_test_errors" name="tapply_erros"/>
    <testcase time="0.000999999999976353" classname="ds.tapply.assign_arg_test_errors" name="tapply_erros"/>
  </testsuite>
  <testsuite name="ds.tapply::arg::test errors" timestamp="2020-07-06T23:13:10Z" hostname="fv-az14" tests="8" skipped="0" failures="0" errors="0" time="4.724">
    <testcase time="4.70299999999997" classname="ds.tapply_arg_test_errors" name="tapply_erros"/>
    <testcase time="0.0010000000000332" classname="ds.tapply_arg_test_errors" name="tapply_erros"/>
    <testcase time="0.01400000000001" classname="ds.tapply_arg_test_errors" name="tapply_erros"/>
    <testcase time="0.000999999999976353" classname="ds.tapply_arg_test_errors" name="tapply_erros"/>
    <testcase time="0.0010000000000332" classname="ds.tapply_arg_test_errors" name="tapply_erros"/>
    <testcase time="0.000999999999976353" classname="ds.tapply_arg_test_errors" name="tapply_erros"/>
    <testcase time="0.000999999999976353" classname="ds.tapply_arg_test_errors" name="tapply_erros"/>
    <testcase time="0.00200000000000955" classname="ds.tapply_arg_test_errors" name="tapply_erros"/>
  </testsuite>
  <testsuite name="ds.testObjExists::arg::test errors" timestamp="2020-07-06T23:13:15Z" hostname="fv-az14" tests="1" skipped="0" failures="0" errors="0" time="4.639">
    <testcase time="4.63900000000001" classname="ds.testObjExists_arg_test_errors" name="testObjExists_erros"/>
  </testsuite>
  <testsuite name="ds.unList::arg::test errors" timestamp="2020-07-06T23:13:19Z" hostname="fv-az14" tests="1" skipped="0" failures="0" errors="0" time="4.656">
    <testcase time="4.65600000000001" classname="ds.unList_arg_test_errors" name="unList_erros"/>
  </testsuite>
  <testsuite name="ds.var::arg::test errors" timestamp="2020-07-06T23:13:24Z" hostname="fv-az14" tests="2" skipped="0" failures="0" errors="0" time="6.512">
    <testcase time="5.50099999999998" classname="ds.var_arg_test_errors" name="var_erros"/>
    <testcase time="1.01100000000002" classname="ds.var_arg_test_errors" name="var_erros"/>
  </testsuite>
  <testsuite name="ds.vectorCalc::arg::test errors" timestamp="2020-07-06T23:13:30Z" hostname="fv-az14" tests="2" skipped="0" failures="0" errors="0" time="4.63">
    <testcase time="4.625" classname="ds.vectorCalc_arg_test_errors" name="ds.vectorCalc_erros"/>
    <testcase time="0.00499999999999545" classname="ds.vectorCalc_arg_test_errors" name="ds.vectorCalc_erros"/>
  </testsuite>
  <testsuite name="CLUSTER_INT::datachk::setup" timestamp="2020-07-06T23:13:31Z" hostname="fv-az14" tests="3" skipped="0" failures="0" errors="0" time="4.969">
    <testcase time="4.96699999999998" classname="CLUSTER_INT_datachk_setup" name="setup"/>
    <testcase time="0.0010000000000332" classname="CLUSTER_INT_datachk_setup" name="setup"/>
    <testcase time="0.000999999999976353" classname="CLUSTER_INT_datachk_setup" name="setup"/>
  </testsuite>
  <testsuite name="CLUSTER_INT::datachk" timestamp="2020-07-06T23:13:35Z" hostname="fv-az14" tests="230" skipped="0" failures="0" errors="0" time="12.919">
    <testcase time="0.52800000000002" classname="CLUSTER_INT_datachk" name="Check_CLUSTER_INT_dataset"/>
    <testcase time="0.000999999999976353" classname="CLUSTER_INT_datachk" name="Check_CLUSTER_INT_dataset"/>
    <testcase time="0.0010000000000332" classname="CLUSTER_INT_datachk" name="Check_CLUSTER_INT_dataset"/>
    <testcase time="0.000999999999976353" classname="CLUSTER_INT_datachk" name="Check_CLUSTER_INT_dataset"/>
    <testcase time="0.000999999999976353" classname="CLUSTER_INT_datachk" name="Check_CLUSTER_INT_dataset"/>
    <testcase time="0.0010000000000332" classname="CLUSTER_INT_datachk" name="Check_CLUSTER_INT_dataset"/>
    <testcase time="0.0010000000000332" classname="CLUSTER_INT_datachk" name="Check_CLUSTER_INT_dataset"/>
    <testcase time="0.258999999999958" classname="CLUSTER_INT_datachk" name="Check_CLUSTER_INT_dataset"/>
    <testcase time="0.0010000000000332" classname="CLUSTER_INT_datachk" name="Check_CLUSTER_INT_dataset"/>
    <testcase time="0.000999999999976353" classname="CLUSTER_INT_datachk" name="Check_CLUSTER_INT_dataset"/>
    <testcase time="0.00200000000000955" classname="CLUSTER_INT_datachk" name="Check_CLUSTER_INT_dataset"/>
    <testcase time="0.000999999999976353" classname="CLUSTER_INT_datachk" name="Check_CLUSTER_INT_dataset"/>
    <testcase time="0.0010000000000332" classname="CLUSTER_INT_datachk" name="Check_CLUSTER_INT_dataset"/>
    <testcase time="0.00200000000000955" classname="CLUSTER_INT_datachk" name="Check_CLUSTER_INT_dataset"/>
    <testcase time="0.000999999999976353" classname="CLUSTER_INT_datachk" name="Check_CLUSTER_INT_dataset"/>
    <testcase time="1.21100000000001" classname="CLUSTER_INT_datachk" name="Check_CLUSTER_INT_dataset"/>
    <testcase time="0.00200000000000955" classname="CLUSTER_INT_datachk" name="Check_CLUSTER_INT_dataset"/>
    <testcase time="0.000999999999976353" classname="CLUSTER_INT_datachk" name="Check_CLUSTER_INT_dataset"/>
    <testcase time="0.0010000000000332" classname="CLUSTER_INT_datachk" name="Check_CLUSTER_INT_dataset"/>
    <testcase time="0.00199999999995271" classname="CLUSTER_INT_datachk" name="Check_CLUSTER_INT_dataset"/>
    <testcase time="0.0010000000000332" classname="CLUSTER_INT_datachk" name="Check_CLUSTER_INT_dataset"/>
    <testcase time="0.00200000000000955" classname="CLUSTER_INT_datachk" name="Check_CLUSTER_INT_dataset"/>
    <testcase time="0.513999999999953" classname="CLUSTER_INT_datachk" name="Check_CLUSTER_INT_dataset"/>
    <testcase time="0.00200000000000955" classname="CLUSTER_INT_datachk" name="Check_CLUSTER_INT_dataset"/>
    <testcase time="0.0010000000000332" classname="CLUSTER_INT_datachk" name="Check_CLUSTER_INT_dataset"/>
    <testcase time="0.00200000000000955" classname="CLUSTER_INT_datachk" name="Check_CLUSTER_INT_dataset"/>
    <testcase time="0.000999999999976353" classname="CLUSTER_INT_datachk" name="Check_CLUSTER_INT_dataset"/>
    <testcase time="0.00200000000000955" classname="CLUSTER_INT_datachk" name="Check_CLUSTER_INT_dataset"/>
    <testcase time="0.000999999999976353" classname="CLUSTER_INT_datachk" name="Check_CLUSTER_INT_dataset"/>
    <testcase time="0.264999999999986" classname="CLUSTER_INT_datachk" name="Check_CLUSTER_INT_dataset"/>
    <testcase time="0.00200000000000955" classname="CLUSTER_INT_datachk" name="Check_CLUSTER_INT_dataset"/>
    <testcase time="0.00200000000000955" classname="CLUSTER_INT_datachk" name="Check_CLUSTER_INT_dataset"/>
    <testcase time="0.0010000000000332" classname="CLUSTER_INT_datachk" name="Check_CLUSTER_INT_dataset"/>
    <testcase time="0.00199999999995271" classname="CLUSTER_INT_datachk" name="Check_CLUSTER_INT_dataset"/>
    <testcase time="0.00200000000000955" classname="CLUSTER_INT_datachk" name="Check_CLUSTER_INT_dataset"/>
    <testcase time="0.0010000000000332" classname="CLUSTER_INT_datachk" name="Check_CLUSTER_INT_dataset"/>
    <testcase time="0.00199999999995271" classname="CLUSTER_INT_datachk" name="Check_CLUSTER_INT_dataset"/>
    <testcase time="0.00200000000000955" classname="CLUSTER_INT_datachk" name="Check_CLUSTER_INT_dataset"/>
    <testcase time="0.520000000000039" classname="CLUSTER_INT_datachk" name="Check_CLUSTER_INT_dataset"/>
    <testcase time="0.00199999999995271" classname="CLUSTER_INT_datachk" name="Check_CLUSTER_INT_dataset"/>
    <testcase time="0.0010000000000332" classname="CLUSTER_INT_datachk" name="Check_CLUSTER_INT_dataset"/>
    <testcase time="0.00200000000000955" classname="CLUSTER_INT_datachk" name="Check_CLUSTER_INT_dataset"/>
    <testcase time="0.00200000000000955" classname="CLUSTER_INT_datachk" name="Check_CLUSTER_INT_dataset"/>
    <testcase time="0.00199999999995271" classname="CLUSTER_INT_datachk" name="Check_CLUSTER_INT_dataset"/>
    <testcase time="0.00200000000000955" classname="CLUSTER_INT_datachk" name="Check_CLUSTER_INT_dataset"/>
    <testcase time="0.263000000000034" classname="CLUSTER_INT_datachk" name="Check_CLUSTER_INT_dataset"/>
    <testcase time="0.00199999999995271" classname="CLUSTER_INT_datachk" name="Check_CLUSTER_INT_dataset"/>
    <testcase time="0.00200000000000955" classname="CLUSTER_INT_datachk" name="Check_CLUSTER_INT_dataset"/>
    <testcase time="0.00200000000000955" classname="CLUSTER_INT_datachk" name="Check_CLUSTER_INT_dataset"/>
    <testcase time="0.00200000000000955" classname="CLUSTER_INT_datachk" name="Check_CLUSTER_INT_dataset"/>
    <testcase time="0.00200000000000955" classname="CLUSTER_INT_datachk" name="Check_CLUSTER_INT_dataset"/>
    <testcase time="0.00200000000000955" classname="CLUSTER_INT_datachk" name="Check_CLUSTER_INT_dataset"/>
    <testcase time="0.00199999999995271" classname="CLUSTER_INT_datachk" name="Check_CLUSTER_INT_dataset"/>
    <testcase time="0.00200000000000955" classname="CLUSTER_INT_datachk" name="Check_CLUSTER_INT_dataset"/>
    <testcase time="0.526999999999987" classname="CLUSTER_INT_datachk" name="Check_CLUSTER_INT_dataset"/>
    <testcase time="0.00200000000000955" classname="CLUSTER_INT_datachk" name="Check_CLUSTER_INT_dataset"/>
    <testcase time="0.00200000000000955" classname="CLUSTER_INT_datachk" name="Check_CLUSTER_INT_dataset"/>
    <testcase time="0.00200000000000955" classname="CLUSTER_INT_datachk" name="Check_CLUSTER_INT_dataset"/>
    <testcase time="0.00200000000000955" classname="CLUSTER_INT_datachk" name="Check_CLUSTER_INT_dataset"/>
    <testcase time="0.00200000000000955" classname="CLUSTER_INT_datachk" name="Check_CLUSTER_INT_dataset"/>
    <testcase time="0.00199999999995271" classname="CLUSTER_INT_datachk" name="Check_CLUSTER_INT_dataset"/>
    <testcase time="0.259000000000015" classname="CLUSTER_INT_datachk" name="Check_CLUSTER_INT_dataset"/>
    <testcase time="0.00200000000000955" classname="CLUSTER_INT_datachk" name="Check_CLUSTER_INT_dataset"/>
    <testcase time="0.0029999999999859" classname="CLUSTER_INT_datachk" name="Check_CLUSTER_INT_dataset"/>
    <testcase time="0.00200000000000955" classname="CLUSTER_INT_datachk" name="Check_CLUSTER_INT_dataset"/>
    <testcase time="0.00200000000000955" classname="CLUSTER_INT_datachk" name="Check_CLUSTER_INT_dataset"/>
    <testcase time="0.00200000000000955" classname="CLUSTER_INT_datachk" name="Check_CLUSTER_INT_dataset"/>
    <testcase time="0.00200000000000955" classname="CLUSTER_INT_datachk" name="Check_CLUSTER_INT_dataset"/>
    <testcase time="0.0029999999999859" classname="CLUSTER_INT_datachk" name="Check_CLUSTER_INT_dataset"/>
    <testcase time="0.00200000000000955" classname="CLUSTER_INT_datachk" name="Check_CLUSTER_INT_dataset"/>
    <testcase time="0.514999999999986" classname="CLUSTER_INT_datachk" name="Check_CLUSTER_INT_dataset"/>
    <testcase time="0.00200000000000955" classname="CLUSTER_INT_datachk" name="Check_CLUSTER_INT_dataset"/>
    <testcase time="0.00200000000000955" classname="CLUSTER_INT_datachk" name="Check_CLUSTER_INT_dataset"/>
    <testcase time="0.0029999999999859" classname="CLUSTER_INT_datachk" name="Check_CLUSTER_INT_dataset"/>
    <testcase time="0.00200000000000955" classname="CLUSTER_INT_datachk" name="Check_CLUSTER_INT_dataset"/>
    <testcase time="0.0029999999999859" classname="CLUSTER_INT_datachk" name="Check_CLUSTER_INT_dataset"/>
    <testcase time="0.00200000000000955" classname="CLUSTER_INT_datachk" name="Check_CLUSTER_INT_dataset"/>
    <testcase time="0.269000000000005" classname="CLUSTER_INT_datachk" name="Check_CLUSTER_INT_dataset"/>
    <testcase time="0.0029999999999859" classname="CLUSTER_INT_datachk" name="Check_CLUSTER_INT_dataset"/>
    <testcase time="0.00200000000000955" classname="CLUSTER_INT_datachk" name="Check_CLUSTER_INT_dataset"/>
    <testcase time="0.0029999999999859" classname="CLUSTER_INT_datachk" name="Check_CLUSTER_INT_dataset"/>
    <testcase time="0.0029999999999859" classname="CLUSTER_INT_datachk" name="Check_CLUSTER_INT_dataset"/>
    <testcase time="0.00200000000000955" classname="CLUSTER_INT_datachk" name="Check_CLUSTER_INT_dataset"/>
    <testcase time="0.0029999999999859" classname="CLUSTER_INT_datachk" name="Check_CLUSTER_INT_dataset"/>
    <testcase time="0.00300000000004275" classname="CLUSTER_INT_datachk" name="Check_CLUSTER_INT_dataset"/>
    <testcase time="0.00199999999995271" classname="CLUSTER_INT_datachk" name="Check_CLUSTER_INT_dataset"/>
    <testcase time="0.586000000000013" classname="CLUSTER_INT_datachk" name="Check_CLUSTER_INT_dataset"/>
    <testcase time="0.00200000000000955" classname="CLUSTER_INT_datachk" name="Check_CLUSTER_INT_dataset"/>
    <testcase time="0.0029999999999859" classname="CLUSTER_INT_datachk" name="Check_CLUSTER_INT_dataset"/>
    <testcase time="0.00300000000004275" classname="CLUSTER_INT_datachk" name="Check_CLUSTER_INT_dataset"/>
    <testcase time="0.00199999999995271" classname="CLUSTER_INT_datachk" name="Check_CLUSTER_INT_dataset"/>
    <testcase time="0.00300000000004275" classname="CLUSTER_INT_datachk" name="Check_CLUSTER_INT_dataset"/>
    <testcase time="0.0029999999999859" classname="CLUSTER_INT_datachk" name="Check_CLUSTER_INT_dataset"/>
    <testcase time="0.259999999999991" classname="CLUSTER_INT_datachk" name="Check_CLUSTER_INT_dataset"/>
    <testcase time="0.0029999999999859" classname="CLUSTER_INT_datachk" name="Check_CLUSTER_INT_dataset"/>
    <testcase time="0.00300000000004275" classname="CLUSTER_INT_datachk" name="Check_CLUSTER_INT_dataset"/>
    <testcase time="0.0029999999999859" classname="CLUSTER_INT_datachk" name="Check_CLUSTER_INT_dataset"/>
    <testcase time="0.00200000000000955" classname="CLUSTER_INT_datachk" name="Check_CLUSTER_INT_dataset"/>
    <testcase time="0.0029999999999859" classname="CLUSTER_INT_datachk" name="Check_CLUSTER_INT_dataset"/>
    <testcase time="0.0029999999999859" classname="CLUSTER_INT_datachk" name="Check_CLUSTER_INT_dataset"/>
    <testcase time="0.0029999999999859" classname="CLUSTER_INT_datachk" name="Check_CLUSTER_INT_dataset"/>
    <testcase time="0.00300000000004275" classname="CLUSTER_INT_datachk" name="Check_CLUSTER_INT_dataset"/>
    <testcase time="0.518999999999949" classname="CLUSTER_INT_datachk" name="Check_CLUSTER_INT_dataset"/>
    <testcase time="0.00300000000004275" classname="CLUSTER_INT_datachk" name="Check_CLUSTER_INT_dataset"/>
    <testcase time="0.0029999999999859" classname="CLUSTER_INT_datachk" name="Check_CLUSTER_INT_dataset"/>
    <testcase time="0.0029999999999859" classname="CLUSTER_INT_datachk" name="Check_CLUSTER_INT_dataset"/>
    <testcase time="0.0040000000000191" classname="CLUSTER_INT_datachk" name="Check_CLUSTER_INT_dataset"/>
    <testcase time="0.0029999999999859" classname="CLUSTER_INT_datachk" name="Check_CLUSTER_INT_dataset"/>
    <testcase time="0.0029999999999859" classname="CLUSTER_INT_datachk" name="Check_CLUSTER_INT_dataset"/>
    <testcase time="0.26600000000002" classname="CLUSTER_INT_datachk" name="Check_CLUSTER_INT_dataset"/>
    <testcase time="0.0029999999999859" classname="CLUSTER_INT_datachk" name="Check_CLUSTER_INT_dataset"/>
    <testcase time="0.0040000000000191" classname="CLUSTER_INT_datachk" name="Check_CLUSTER_INT_dataset"/>
    <testcase time="0.0029999999999859" classname="CLUSTER_INT_datachk" name="Check_CLUSTER_INT_dataset"/>
    <testcase time="0.0029999999999859" classname="CLUSTER_INT_datachk" name="Check_CLUSTER_INT_dataset"/>
    <testcase time="0.00300000000004275" classname="CLUSTER_INT_datachk" name="Check_CLUSTER_INT_dataset"/>
    <testcase time="0.0029999999999859" classname="CLUSTER_INT_datachk" name="Check_CLUSTER_INT_dataset"/>
    <testcase time="0.00300000000004275" classname="CLUSTER_INT_datachk" name="Check_CLUSTER_INT_dataset"/>
    <testcase time="0.0029999999999859" classname="CLUSTER_INT_datachk" name="Check_CLUSTER_INT_dataset"/>
    <testcase time="0.52800000000002" classname="CLUSTER_INT_datachk" name="Check_CLUSTER_INT_dataset"/>
    <testcase time="0.0029999999999859" classname="CLUSTER_INT_datachk" name="Check_CLUSTER_INT_dataset"/>
    <testcase time="0.0029999999999859" classname="CLUSTER_INT_datachk" name="Check_CLUSTER_INT_dataset"/>
    <testcase time="0.0029999999999859" classname="CLUSTER_INT_datachk" name="Check_CLUSTER_INT_dataset"/>
    <testcase time="0.0040000000000191" classname="CLUSTER_INT_datachk" name="Check_CLUSTER_INT_dataset"/>
    <testcase time="0.0029999999999859" classname="CLUSTER_INT_datachk" name="Check_CLUSTER_INT_dataset"/>
    <testcase time="0.0029999999999859" classname="CLUSTER_INT_datachk" name="Check_CLUSTER_INT_dataset"/>
    <testcase time="0.260000000000048" classname="CLUSTER_INT_datachk" name="Check_CLUSTER_INT_dataset"/>
    <testcase time="0.0029999999999859" classname="CLUSTER_INT_datachk" name="Check_CLUSTER_INT_dataset"/>
    <testcase time="0.00399999999996226" classname="CLUSTER_INT_datachk" name="Check_CLUSTER_INT_dataset"/>
    <testcase time="0.00300000000004275" classname="CLUSTER_INT_datachk" name="Check_CLUSTER_INT_dataset"/>
    <testcase time="0.0029999999999859" classname="CLUSTER_INT_datachk" name="Check_CLUSTER_INT_dataset"/>
    <testcase time="0.0040000000000191" classname="CLUSTER_INT_datachk" name="Check_CLUSTER_INT_dataset"/>
    <testcase time="0.0029999999999859" classname="CLUSTER_INT_datachk" name="Check_CLUSTER_INT_dataset"/>
    <testcase time="0.0040000000000191" classname="CLUSTER_INT_datachk" name="Check_CLUSTER_INT_dataset"/>
    <testcase time="0.00399999999996226" classname="CLUSTER_INT_datachk" name="Check_CLUSTER_INT_dataset"/>
    <testcase time="0.521000000000015" classname="CLUSTER_INT_datachk" name="Check_CLUSTER_INT_dataset"/>
    <testcase time="0.0040000000000191" classname="CLUSTER_INT_datachk" name="Check_CLUSTER_INT_dataset"/>
    <testcase time="0.00399999999996226" classname="CLUSTER_INT_datachk" name="Check_CLUSTER_INT_dataset"/>
    <testcase time="0.0040000000000191" classname="CLUSTER_INT_datachk" name="Check_CLUSTER_INT_dataset"/>
    <testcase time="0.0029999999999859" classname="CLUSTER_INT_datachk" name="Check_CLUSTER_INT_dataset"/>
    <testcase time="0.0040000000000191" classname="CLUSTER_INT_datachk" name="Check_CLUSTER_INT_dataset"/>
    <testcase time="0.0040000000000191" classname="CLUSTER_INT_datachk" name="Check_CLUSTER_INT_dataset"/>
    <testcase time="0.260999999999967" classname="CLUSTER_INT_datachk" name="Check_CLUSTER_INT_dataset"/>
    <testcase time="0.0040000000000191" classname="CLUSTER_INT_datachk" name="Check_CLUSTER_INT_dataset"/>
    <testcase time="0.00399999999996226" classname="CLUSTER_INT_datachk" name="Check_CLUSTER_INT_dataset"/>
    <testcase time="0.0100000000000477" classname="CLUSTER_INT_datachk" name="Check_CLUSTER_INT_dataset"/>
    <testcase time="0.00399999999996226" classname="CLUSTER_INT_datachk" name="Check_CLUSTER_INT_dataset"/>
    <testcase time="0.0040000000000191" classname="CLUSTER_INT_datachk" name="Check_CLUSTER_INT_dataset"/>
    <testcase time="0.0029999999999859" classname="CLUSTER_INT_datachk" name="Check_CLUSTER_INT_dataset"/>
    <testcase time="0.0040000000000191" classname="CLUSTER_INT_datachk" name="Check_CLUSTER_INT_dataset"/>
    <testcase time="0.00399999999996226" classname="CLUSTER_INT_datachk" name="Check_CLUSTER_INT_dataset"/>
    <testcase time="0.524000000000001" classname="CLUSTER_INT_datachk" name="Check_CLUSTER_INT_dataset"/>
    <testcase time="0.0040000000000191" classname="CLUSTER_INT_datachk" name="Check_CLUSTER_INT_dataset"/>
    <testcase time="0.0040000000000191" classname="CLUSTER_INT_datachk" name="Check_CLUSTER_INT_dataset"/>
    <testcase time="0.00399999999996226" classname="CLUSTER_INT_datachk" name="Check_CLUSTER_INT_dataset"/>
    <testcase time="0.0040000000000191" classname="CLUSTER_INT_datachk" name="Check_CLUSTER_INT_dataset"/>
    <testcase time="0.0029999999999859" classname="CLUSTER_INT_datachk" name="Check_CLUSTER_INT_dataset"/>
    <testcase time="0.0040000000000191" classname="CLUSTER_INT_datachk" name="Check_CLUSTER_INT_dataset"/>
    <testcase time="0.261000000000024" classname="CLUSTER_INT_datachk" name="Check_CLUSTER_INT_dataset"/>
    <testcase time="0.00399999999996226" classname="CLUSTER_INT_datachk" name="Check_CLUSTER_INT_dataset"/>
    <testcase time="0.0040000000000191" classname="CLUSTER_INT_datachk" name="Check_CLUSTER_INT_dataset"/>
    <testcase time="0.0040000000000191" classname="CLUSTER_INT_datachk" name="Check_CLUSTER_INT_dataset"/>
    <testcase time="0.00499999999999545" classname="CLUSTER_INT_datachk" name="Check_CLUSTER_INT_dataset"/>
    <testcase time="0.00399999999996226" classname="CLUSTER_INT_datachk" name="Check_CLUSTER_INT_dataset"/>
    <testcase time="0.0040000000000191" classname="CLUSTER_INT_datachk" name="Check_CLUSTER_INT_dataset"/>
    <testcase time="0.0040000000000191" classname="CLUSTER_INT_datachk" name="Check_CLUSTER_INT_dataset"/>
    <testcase time="0.00399999999996226" classname="CLUSTER_INT_datachk" name="Check_CLUSTER_INT_dataset"/>
    <testcase time="0.523000000000025" classname="CLUSTER_INT_datachk" name="Check_CLUSTER_INT_dataset"/>
    <testcase time="0.00499999999999545" classname="CLUSTER_INT_datachk" name="Check_CLUSTER_INT_dataset"/>
    <testcase time="0.00999999999999091" classname="CLUSTER_INT_datachk" name="Check_CLUSTER_INT_dataset"/>
    <testcase time="0.0040000000000191" classname="CLUSTER_INT_datachk" name="Check_CLUSTER_INT_dataset"/>
    <testcase time="0.00399999999996226" classname="CLUSTER_INT_datachk" name="Check_CLUSTER_INT_dataset"/>
    <testcase time="0.0040000000000191" classname="CLUSTER_INT_datachk" name="Check_CLUSTER_INT_dataset"/>
    <testcase time="0.0040000000000191" classname="CLUSTER_INT_datachk" name="Check_CLUSTER_INT_dataset"/>
    <testcase time="0.259000000000015" classname="CLUSTER_INT_datachk" name="Check_CLUSTER_INT_dataset"/>
    <testcase time="0.00399999999996226" classname="CLUSTER_INT_datachk" name="Check_CLUSTER_INT_dataset"/>
    <testcase time="0.00499999999999545" classname="CLUSTER_INT_datachk" name="Check_CLUSTER_INT_dataset"/>
    <testcase time="0.0040000000000191" classname="CLUSTER_INT_datachk" name="Check_CLUSTER_INT_dataset"/>
    <testcase time="0.0040000000000191" classname="CLUSTER_INT_datachk" name="Check_CLUSTER_INT_dataset"/>
    <testcase time="0.00399999999996226" classname="CLUSTER_INT_datachk" name="Check_CLUSTER_INT_dataset"/>
    <testcase time="0.00499999999999545" classname="CLUSTER_INT_datachk" name="Check_CLUSTER_INT_dataset"/>
    <testcase time="0.0040000000000191" classname="CLUSTER_INT_datachk" name="Check_CLUSTER_INT_dataset"/>
    <testcase time="0.0040000000000191" classname="CLUSTER_INT_datachk" name="Check_CLUSTER_INT_dataset"/>
    <testcase time="0.521999999999991" classname="CLUSTER_INT_datachk" name="Check_CLUSTER_INT_dataset"/>
    <testcase time="0.0040000000000191" classname="CLUSTER_INT_datachk" name="Check_CLUSTER_INT_dataset"/>
    <testcase time="0.0040000000000191" classname="CLUSTER_INT_datachk" name="Check_CLUSTER_INT_dataset"/>
    <testcase time="0.00499999999999545" classname="CLUSTER_INT_datachk" name="Check_CLUSTER_INT_dataset"/>
    <testcase time="0.00399999999996226" classname="CLUSTER_INT_datachk" name="Check_CLUSTER_INT_dataset"/>
    <testcase time="0.00499999999999545" classname="CLUSTER_INT_datachk" name="Check_CLUSTER_INT_dataset"/>
    <testcase time="0.00499999999999545" classname="CLUSTER_INT_datachk" name="Check_CLUSTER_INT_dataset"/>
    <testcase time="0.262" classname="CLUSTER_INT_datachk" name="Check_CLUSTER_INT_dataset"/>
    <testcase time="0.0050000000000523" classname="CLUSTER_INT_datachk" name="Check_CLUSTER_INT_dataset"/>
    <testcase time="0.00399999999996226" classname="CLUSTER_INT_datachk" name="Check_CLUSTER_INT_dataset"/>
    <testcase time="0.00499999999999545" classname="CLUSTER_INT_datachk" name="Check_CLUSTER_INT_dataset"/>
    <testcase time="0.00499999999999545" classname="CLUSTER_INT_datachk" name="Check_CLUSTER_INT_dataset"/>
    <testcase time="0.0110000000000241" classname="CLUSTER_INT_datachk" name="Check_CLUSTER_INT_dataset"/>
    <testcase time="0.0040000000000191" classname="CLUSTER_INT_datachk" name="Check_CLUSTER_INT_dataset"/>
    <testcase time="0.00499999999999545" classname="CLUSTER_INT_datachk" name="Check_CLUSTER_INT_dataset"/>
    <testcase time="0.00499999999999545" classname="CLUSTER_INT_datachk" name="Check_CLUSTER_INT_dataset"/>
    <testcase time="0.522999999999968" classname="CLUSTER_INT_datachk" name="Check_CLUSTER_INT_dataset"/>
    <testcase time="0.00499999999999545" classname="CLUSTER_INT_datachk" name="Check_CLUSTER_INT_dataset"/>
    <testcase time="0.0050000000000523" classname="CLUSTER_INT_datachk" name="Check_CLUSTER_INT_dataset"/>
    <testcase time="0.00399999999996226" classname="CLUSTER_INT_datachk" name="Check_CLUSTER_INT_dataset"/>
    <testcase time="0.00499999999999545" classname="CLUSTER_INT_datachk" name="Check_CLUSTER_INT_dataset"/>
    <testcase time="0.0040000000000191" classname="CLUSTER_INT_datachk" name="Check_CLUSTER_INT_dataset"/>
    <testcase time="0.00499999999999545" classname="CLUSTER_INT_datachk" name="Check_CLUSTER_INT_dataset"/>
    <testcase time="0.26400000000001" classname="CLUSTER_INT_datachk" name="Check_CLUSTER_INT_dataset"/>
    <testcase time="0.00499999999999545" classname="CLUSTER_INT_datachk" name="Check_CLUSTER_INT_dataset"/>
    <testcase time="0.00499999999999545" classname="CLUSTER_INT_datachk" name="Check_CLUSTER_INT_dataset"/>
    <testcase time="0.00499999999999545" classname="CLUSTER_INT_datachk" name="Check_CLUSTER_INT_dataset"/>
    <testcase time="0.00600000000002865" classname="CLUSTER_INT_datachk" name="Check_CLUSTER_INT_dataset"/>
    <testcase time="0.00499999999999545" classname="CLUSTER_INT_datachk" name="Check_CLUSTER_INT_dataset"/>
    <testcase time="0.00499999999999545" classname="CLUSTER_INT_datachk" name="Check_CLUSTER_INT_dataset"/>
    <testcase time="0.00499999999999545" classname="CLUSTER_INT_datachk" name="Check_CLUSTER_INT_dataset"/>
    <testcase time="0.00499999999999545" classname="CLUSTER_INT_datachk" name="Check_CLUSTER_INT_dataset"/>
    <testcase time="0.52600000000001" classname="CLUSTER_INT_datachk" name="Check_CLUSTER_INT_dataset"/>
    <testcase time="0.00499999999999545" classname="CLUSTER_INT_datachk" name="Check_CLUSTER_INT_dataset"/>
    <testcase time="0.00499999999999545" classname="CLUSTER_INT_datachk" name="Check_CLUSTER_INT_dataset"/>
    <testcase time="0.00499999999999545" classname="CLUSTER_INT_datachk" name="Check_CLUSTER_INT_dataset"/>
    <testcase time="0.00499999999999545" classname="CLUSTER_INT_datachk" name="Check_CLUSTER_INT_dataset"/>
    <testcase time="0.00499999999999545" classname="CLUSTER_INT_datachk" name="Check_CLUSTER_INT_dataset"/>
    <testcase time="0.00499999999999545" classname="CLUSTER_INT_datachk" name="Check_CLUSTER_INT_dataset"/>
    <testcase time="0.262" classname="CLUSTER_INT_datachk" name="Check_CLUSTER_INT_dataset"/>
    <testcase time="0.00499999999999545" classname="CLUSTER_INT_datachk" name="Check_CLUSTER_INT_dataset"/>
    <testcase time="0.00499999999999545" classname="CLUSTER_INT_datachk" name="Check_CLUSTER_INT_dataset"/>
    <testcase time="0.00499999999999545" classname="CLUSTER_INT_datachk" name="Check_CLUSTER_INT_dataset"/>
    <testcase time="0.00499999999999545" classname="CLUSTER_INT_datachk" name="Check_CLUSTER_INT_dataset"/>
    <testcase time="0.00600000000002865" classname="CLUSTER_INT_datachk" name="Check_CLUSTER_INT_dataset"/>
    <testcase time="0.00499999999999545" classname="CLUSTER_INT_datachk" name="Check_CLUSTER_INT_dataset"/>
    <testcase time="0.00600000000002865" classname="CLUSTER_INT_datachk" name="Check_CLUSTER_INT_dataset"/>
    <testcase time="0.00499999999999545" classname="CLUSTER_INT_datachk" name="Check_CLUSTER_INT_dataset"/>
  </testsuite>
  <testsuite name="CLUSTER_INT::datachk::shutdown" timestamp="2020-07-06T23:13:48Z" hostname="fv-az14" tests="3" skipped="0" failures="0" errors="0" time="0.275">
    <testcase time="0.271999999999991" classname="CLUSTER_INT_datachk_shutdown" name="shutdown"/>
    <testcase time="0.00200000000000955" classname="CLUSTER_INT_datachk_shutdown" name="shutdown"/>
    <testcase time="0.000999999999976353" classname="CLUSTER_INT_datachk_shutdown" name="shutdown"/>
  </testsuite>
  <testsuite name="CLUSTER_INT::datachk::done" timestamp="2020-07-06T23:13:49Z" hostname="fv-az14" tests="0" skipped="0" failures="0" errors="0" time="0"/>
  <testsuite name="CLUSTER_SLO::datachk::setup" timestamp="2020-07-06T23:13:49Z" hostname="fv-az14" tests="3" skipped="0" failures="0" errors="0" time="5.41">
    <testcase time="5.40800000000002" classname="CLUSTER_SLO_datachk_setup" name="setup"/>
    <testcase time="0.000999999999976353" classname="CLUSTER_SLO_datachk_setup" name="setup"/>
    <testcase time="0.0010000000000332" classname="CLUSTER_SLO_datachk_setup" name="setup"/>
  </testsuite>
  <testsuite name="CLUSTER_SLO::datachk" timestamp="2020-07-06T23:13:54Z" hostname="fv-az14" tests="230" skipped="0" failures="0" errors="0" time="12.892">
    <testcase time="0.519999999999982" classname="CLUSTER_SLO_datachk" name="Check_CLUSTER_SLO_dataset"/>
    <testcase time="0.000999999999976353" classname="CLUSTER_SLO_datachk" name="Check_CLUSTER_SLO_dataset"/>
    <testcase time="0.0010000000000332" classname="CLUSTER_SLO_datachk" name="Check_CLUSTER_SLO_dataset"/>
    <testcase time="0.000999999999976353" classname="CLUSTER_SLO_datachk" name="Check_CLUSTER_SLO_dataset"/>
    <testcase time="0.0010000000000332" classname="CLUSTER_SLO_datachk" name="Check_CLUSTER_SLO_dataset"/>
    <testcase time="0.000999999999976353" classname="CLUSTER_SLO_datachk" name="Check_CLUSTER_SLO_dataset"/>
    <testcase time="0.000999999999976353" classname="CLUSTER_SLO_datachk" name="Check_CLUSTER_SLO_dataset"/>
    <testcase time="0.260000000000048" classname="CLUSTER_SLO_datachk" name="Check_CLUSTER_SLO_dataset"/>
    <testcase time="0.000999999999976353" classname="CLUSTER_SLO_datachk" name="Check_CLUSTER_SLO_dataset"/>
    <testcase time="0.00200000000000955" classname="CLUSTER_SLO_datachk" name="Check_CLUSTER_SLO_dataset"/>
    <testcase time="0.000999999999976353" classname="CLUSTER_SLO_datachk" name="Check_CLUSTER_SLO_dataset"/>
    <testcase time="0.0010000000000332" classname="CLUSTER_SLO_datachk" name="Check_CLUSTER_SLO_dataset"/>
    <testcase time="0.000999999999976353" classname="CLUSTER_SLO_datachk" name="Check_CLUSTER_SLO_dataset"/>
    <testcase time="0.00200000000000955" classname="CLUSTER_SLO_datachk" name="Check_CLUSTER_SLO_dataset"/>
    <testcase time="0.000999999999976353" classname="CLUSTER_SLO_datachk" name="Check_CLUSTER_SLO_dataset"/>
    <testcase time="1.202" classname="CLUSTER_SLO_datachk" name="Check_CLUSTER_SLO_dataset"/>
    <testcase time="0.00200000000000955" classname="CLUSTER_SLO_datachk" name="Check_CLUSTER_SLO_dataset"/>
    <testcase time="0.0010000000000332" classname="CLUSTER_SLO_datachk" name="Check_CLUSTER_SLO_dataset"/>
    <testcase time="0.000999999999976353" classname="CLUSTER_SLO_datachk" name="Check_CLUSTER_SLO_dataset"/>
    <testcase time="0.00200000000000955" classname="CLUSTER_SLO_datachk" name="Check_CLUSTER_SLO_dataset"/>
    <testcase time="0.000999999999976353" classname="CLUSTER_SLO_datachk" name="Check_CLUSTER_SLO_dataset"/>
    <testcase time="0.00200000000000955" classname="CLUSTER_SLO_datachk" name="Check_CLUSTER_SLO_dataset"/>
    <testcase time="0.518000000000029" classname="CLUSTER_SLO_datachk" name="Check_CLUSTER_SLO_dataset"/>
    <testcase time="0.00199999999995271" classname="CLUSTER_SLO_datachk" name="Check_CLUSTER_SLO_dataset"/>
    <testcase time="0.0010000000000332" classname="CLUSTER_SLO_datachk" name="Check_CLUSTER_SLO_dataset"/>
    <testcase time="0.00200000000000955" classname="CLUSTER_SLO_datachk" name="Check_CLUSTER_SLO_dataset"/>
    <testcase time="0.000999999999976353" classname="CLUSTER_SLO_datachk" name="Check_CLUSTER_SLO_dataset"/>
    <testcase time="0.00200000000000955" classname="CLUSTER_SLO_datachk" name="Check_CLUSTER_SLO_dataset"/>
    <testcase time="0.000999999999976353" classname="CLUSTER_SLO_datachk" name="Check_CLUSTER_SLO_dataset"/>
    <testcase time="0.257000000000005" classname="CLUSTER_SLO_datachk" name="Check_CLUSTER_SLO_dataset"/>
    <testcase time="0.00200000000000955" classname="CLUSTER_SLO_datachk" name="Check_CLUSTER_SLO_dataset"/>
    <testcase time="0.0010000000000332" classname="CLUSTER_SLO_datachk" name="Check_CLUSTER_SLO_dataset"/>
    <testcase time="0.00199999999995271" classname="CLUSTER_SLO_datachk" name="Check_CLUSTER_SLO_dataset"/>
    <testcase time="0.00200000000000955" classname="CLUSTER_SLO_datachk" name="Check_CLUSTER_SLO_dataset"/>
    <testcase time="0.00200000000000955" classname="CLUSTER_SLO_datachk" name="Check_CLUSTER_SLO_dataset"/>
    <testcase time="0.000999999999976353" classname="CLUSTER_SLO_datachk" name="Check_CLUSTER_SLO_dataset"/>
    <testcase time="0.00200000000000955" classname="CLUSTER_SLO_datachk" name="Check_CLUSTER_SLO_dataset"/>
    <testcase time="0.00200000000000955" classname="CLUSTER_SLO_datachk" name="Check_CLUSTER_SLO_dataset"/>
    <testcase time="0.545999999999992" classname="CLUSTER_SLO_datachk" name="Check_CLUSTER_SLO_dataset"/>
    <testcase time="0.00200000000000955" classname="CLUSTER_SLO_datachk" name="Check_CLUSTER_SLO_dataset"/>
    <testcase time="0.00200000000000955" classname="CLUSTER_SLO_datachk" name="Check_CLUSTER_SLO_dataset"/>
    <testcase time="0.00200000000000955" classname="CLUSTER_SLO_datachk" name="Check_CLUSTER_SLO_dataset"/>
[...]
    <testcase time="0.00100000000020373" classname="ds.unList_smk_shutdown" name="shutdown"/>
  </testsuite>
  <testsuite name="ds.unList::smk::done" timestamp="2020-07-07T00:00:29Z" hostname="fv-az14" tests="0" skipped="0" failures="0" errors="0" time="0"/>
  <testsuite name="ds.var::smk::setup" timestamp="2020-07-07T00:00:29Z" hostname="fv-az14" tests="3" skipped="0" failures="0" errors="0" time="5.218">
    <testcase time="5.21599999999989" classname="ds.var_smk_setup" name="setup"/>
    <testcase time="0.00100000000020373" classname="ds.var_smk_setup" name="setup"/>
    <testcase time="0.000999999999748979" classname="ds.var_smk_setup" name="setup"/>
  </testsuite>
  <testsuite name="ds.var::smk::split" timestamp="2020-07-07T00:00:33Z" hostname="fv-az14" tests="19" skipped="0" failures="0" errors="0" time="0.296">
    <testcase time="0.273000000000138" classname="ds.var_smk_split" name="simple_var_split"/>
    <testcase time="0.00100000000020373" classname="ds.var_smk_split" name="simple_var_split"/>
    <testcase time="0.000999999999748979" classname="ds.var_smk_split" name="simple_var_split"/>
    <testcase time="0.00199999999995271" classname="ds.var_smk_split" name="simple_var_split"/>
    <testcase time="0.00100000000020373" classname="ds.var_smk_split" name="simple_var_split"/>
    <testcase time="0.000999999999748979" classname="ds.var_smk_split" name="simple_var_split"/>
    <testcase time="0.00100000000020373" classname="ds.var_smk_split" name="simple_var_split"/>
    <testcase time="0.000999999999748979" classname="ds.var_smk_split" name="simple_var_split"/>
    <testcase time="0.00200000000040745" classname="ds.var_smk_split" name="simple_var_split"/>
    <testcase time="0.000999999999748979" classname="ds.var_smk_split" name="simple_var_split"/>
    <testcase time="0.00100000000020373" classname="ds.var_smk_split" name="simple_var_split"/>
    <testcase time="0.000999999999748979" classname="ds.var_smk_split" name="simple_var_split"/>
    <testcase time="0.00199999999995271" classname="ds.var_smk_split" name="simple_var_split"/>
    <testcase time="0.00100000000020373" classname="ds.var_smk_split" name="simple_var_split"/>
    <testcase time="0.000999999999748979" classname="ds.var_smk_split" name="simple_var_split"/>
    <testcase time="0.00200000000040745" classname="ds.var_smk_split" name="simple_var_split"/>
    <testcase time="0.000999999999748979" classname="ds.var_smk_split" name="simple_var_split"/>
    <testcase time="0.00100000000020373" classname="ds.var_smk_split" name="simple_var_split"/>
    <testcase time="0.00199999999995271" classname="ds.var_smk_split" name="simple_var_split"/>
  </testsuite>
  <testsuite name="ds.var::smk::combine" timestamp="2020-07-07T00:00:34Z" hostname="fv-az14" tests="11" skipped="0" failures="0" errors="0" time="0.285">
    <testcase time="0.272999999999683" classname="ds.var_smk_combine" name="simple_var_combine"/>
    <testcase time="0.00200000000040745" classname="ds.var_smk_combine" name="simple_var_combine"/>
    <testcase time="0.000999999999748979" classname="ds.var_smk_combine" name="simple_var_combine"/>
    <testcase time="0.00100000000020373" classname="ds.var_smk_combine" name="simple_var_combine"/>
    <testcase time="0.000999999999748979" classname="ds.var_smk_combine" name="simple_var_combine"/>
    <testcase time="0.00100000000020373" classname="ds.var_smk_combine" name="simple_var_combine"/>
    <testcase time="0.00199999999995271" classname="ds.var_smk_combine" name="simple_var_combine"/>
    <testcase time="0.000999999999748979" classname="ds.var_smk_combine" name="simple_var_combine"/>
    <testcase time="0.00100000000020373" classname="ds.var_smk_combine" name="simple_var_combine"/>
    <testcase time="0.000999999999748979" classname="ds.var_smk_combine" name="simple_var_combine"/>
    <testcase time="0.00100000000020373" classname="ds.var_smk_combine" name="simple_var_combine"/>
  </testsuite>
  <testsuite name="ds.var::smk::both" timestamp="2020-07-07T00:00:34Z" hostname="fv-az14" tests="24" skipped="0" failures="0" errors="0" time="0.312">
    <testcase time="0.282999999999902" classname="ds.var_smk_both" name="simple_var_both"/>
    <testcase time="0.00100000000020373" classname="ds.var_smk_both" name="simple_var_both"/>
    <testcase time="0.000999999999748979" classname="ds.var_smk_both" name="simple_var_both"/>
    <testcase time="0.00100000000020373" classname="ds.var_smk_both" name="simple_var_both"/>
    <testcase time="0.00199999999995271" classname="ds.var_smk_both" name="simple_var_both"/>
    <testcase time="0.00100000000020373" classname="ds.var_smk_both" name="simple_var_both"/>
    <testcase time="0.000999999999748979" classname="ds.var_smk_both" name="simple_var_both"/>
    <testcase time="0.00100000000020373" classname="ds.var_smk_both" name="simple_var_both"/>
    <testcase time="0.000999999999748979" classname="ds.var_smk_both" name="simple_var_both"/>
    <testcase time="0.00199999999995271" classname="ds.var_smk_both" name="simple_var_both"/>
    <testcase time="0.00100000000020373" classname="ds.var_smk_both" name="simple_var_both"/>
    <testcase time="0.000999999999748979" classname="ds.var_smk_both" name="simple_var_both"/>
    <testcase time="0.00100000000020373" classname="ds.var_smk_both" name="simple_var_both"/>
    <testcase time="0.00199999999995271" classname="ds.var_smk_both" name="simple_var_both"/>
    <testcase time="0.00100000000020373" classname="ds.var_smk_both" name="simple_var_both"/>
    <testcase time="0.000999999999748979" classname="ds.var_smk_both" name="simple_var_both"/>
    <testcase time="0.00199999999995271" classname="ds.var_smk_both" name="simple_var_both"/>
    <testcase time="0.00100000000020373" classname="ds.var_smk_both" name="simple_var_both"/>
    <testcase time="0.000999999999748979" classname="ds.var_smk_both" name="simple_var_both"/>
    <testcase time="0.00200000000040745" classname="ds.var_smk_both" name="simple_var_both"/>
    <testcase time="0.000999999999748979" classname="ds.var_smk_both" name="simple_var_both"/>
    <testcase time="0.00100000000020373" classname="ds.var_smk_both" name="simple_var_both"/>
    <testcase time="0.00199999999995271" classname="ds.var_smk_both" name="simple_var_both"/>
    <testcase time="0.000999999999748979" classname="ds.var_smk_both" name="simple_var_both"/>
  </testsuite>
  <testsuite name="ds.var::smk::shutdown" timestamp="2020-07-07T00:00:34Z" hostname="fv-az14" tests="3" skipped="0" failures="0" errors="0" time="0.277">
    <testcase time="0.275000000000091" classname="ds.var_smk_shutdown" name="shutdown"/>
    <testcase time="0.00100000000020373" classname="ds.var_smk_shutdown" name="shutdown"/>
    <testcase time="0.000999999999748979" classname="ds.var_smk_shutdown" name="shutdown"/>
  </testsuite>
  <testsuite name="ds.var::smk::done" timestamp="2020-07-07T00:00:35Z" hostname="fv-az14" tests="0" skipped="0" failures="0" errors="0" time="0"/>
  <testsuite name="ds.vectorCalc::smk::setup" timestamp="2020-07-07T00:00:35Z" hostname="fv-az14" tests="3" skipped="0" failures="0" errors="0" time="5.231">
    <testcase time="5.22900000000027" classname="ds.vectorCalc_smk_setup" name="setup"/>
    <testcase time="0.000999999999748979" classname="ds.vectorCalc_smk_setup" name="setup"/>
    <testcase time="0.00100000000020373" classname="ds.vectorCalc_smk_setup" name="setup"/>
  </testsuite>
  <testsuite name="ds.vectorCalc::smk" timestamp="2020-07-07T00:00:40Z" hostname="fv-az14" tests="18" skipped="0" failures="0" errors="0" time="2.942">
    <testcase time="0.0349999999998545" classname="ds.vectorCalc_smk" name="simple_test"/>
    <testcase time="2.11999999999989" classname="ds.vectorCalc_smk" name="simple_test"/>
    <testcase time="0.510999999999967" classname="ds.vectorCalc_smk" name="simple_test"/>
    <testcase time="0.00199999999995271" classname="ds.vectorCalc_smk" name="simple_test"/>
    <testcase time="0.00100000000020373" classname="ds.vectorCalc_smk" name="simple_test"/>
    <testcase time="0.00100000000020373" classname="ds.vectorCalc_smk" name="simple_test"/>
    <testcase time="0.000999999999748979" classname="ds.vectorCalc_smk" name="simple_test"/>
    <testcase time="0.00100000000020373" classname="ds.vectorCalc_smk" name="simple_test"/>
    <testcase time="0.000999999999748979" classname="ds.vectorCalc_smk" name="simple_test"/>
    <testcase time="0.259000000000015" classname="ds.vectorCalc_smk" name="simple_test"/>
    <testcase time="0.00100000000020373" classname="ds.vectorCalc_smk" name="simple_test"/>
    <testcase time="0.000999999999748979" classname="ds.vectorCalc_smk" name="simple_test"/>
    <testcase time="0.00100000000020373" classname="ds.vectorCalc_smk" name="simple_test"/>
    <testcase time="0.00199999999995271" classname="ds.vectorCalc_smk" name="simple_test"/>
    <testcase time="0.000999999999748979" classname="ds.vectorCalc_smk" name="simple_test"/>
    <testcase time="0.00100000000020373" classname="ds.vectorCalc_smk" name="simple_test"/>
    <testcase time="0.00199999999995271" classname="ds.vectorCalc_smk" name="simple_test"/>
    <testcase time="0.00100000000020373" classname="ds.vectorCalc_smk" name="simple_test"/>
  </testsuite>
  <testsuite name="ds.vectorCalc::smk::shutdown" timestamp="2020-07-07T00:00:43Z" hostname="fv-az14" tests="3" skipped="0" failures="0" errors="0" time="0.275">
    <testcase time="0.272999999999683" classname="ds.vectorCalc_smk_shutdown" name="shutdown"/>
    <testcase time="0.00100000000020373" classname="ds.vectorCalc_smk_shutdown" name="shutdown"/>
    <testcase time="0.000999999999748979" classname="ds.vectorCalc_smk_shutdown" name="shutdown"/>
  </testsuite>
  <testsuite name="ds.vectorCalc::smk::done" timestamp="2020-07-07T00:00:44Z" hostname="fv-az14" tests="0" skipped="0" failures="0" errors="0" time="0"/>
  <testsuite name="ds.mean::smk_expt::type=combine" timestamp="2020-07-07T00:00:48Z" hostname="fv-az14" tests="1" skipped="0" failures="0" errors="0" time="5.264">
    <testcase time="5.26400000000012" classname="ds.mean_smk_expt_type_combine" name="mean_values_combine_"/>
  </testsuite>
  <testsuite name="ds.mean::smk_expt::type=split" timestamp="2020-07-07T00:00:48Z" hostname="fv-az14" tests="1" skipped="0" failures="0" errors="0" time="0.275">
    <testcase time="0.275000000000091" classname="ds.mean_smk_expt_type_split" name="mean_values_split_"/>
  </testsuite>
  <testsuite name="ds.mean::smk_expt::type=both" timestamp="2020-07-07T00:00:49Z" hostname="fv-az14" tests="1" skipped="0" failures="0" errors="0" time="0.273">
    <testcase time="0.273000000000138" classname="ds.mean_smk_expt_type_both" name="mean_values_both_"/>
  </testsuite>
  <testsuite name="ds.mean::smk_expt::type=combine" timestamp="2020-07-07T00:00:49Z" hostname="fv-az14" tests="1" skipped="0" failures="0" errors="0" time="0.282">
    <testcase time="0.281999999999698" classname="ds.mean_smk_expt_type_combine" name="mean_values_combine_"/>
  </testsuite>
  <testsuite name="ds.mean::smk_expt::type=split" timestamp="2020-07-07T00:00:49Z" hostname="fv-az14" tests="1" skipped="0" failures="0" errors="0" time="0.273">
    <testcase time="0.273000000000138" classname="ds.mean_smk_expt_type_split" name="mean_values_split_"/>
  </testsuite>
  <testsuite name="ds.mean::smk_expt::type=both" timestamp="2020-07-07T00:00:49Z" hostname="fv-az14" tests="1" skipped="0" failures="0" errors="0" time="0.273">
    <testcase time="0.273000000000138" classname="ds.mean_smk_expt_type_both" name="mean_values_both_"/>
  </testsuite>
  <testsuite name="ds.mean::smk_expt::type=combine" timestamp="2020-07-07T00:00:50Z" hostname="fv-az14" tests="1" skipped="0" failures="0" errors="0" time="0.276">
    <testcase time="0.27599999999984" classname="ds.mean_smk_expt_type_combine" name="mean_values_combine_"/>
  </testsuite>
  <testsuite name="ds.mean::smk_expt::type=split" timestamp="2020-07-07T00:00:50Z" hostname="fv-az14" tests="1" skipped="0" failures="0" errors="0" time="0.276">
    <testcase time="0.27599999999984" classname="ds.mean_smk_expt_type_split" name="mean_values_split_"/>
  </testsuite>
  <testsuite name="ds.mean::smk_expt::type=both" timestamp="2020-07-07T00:00:50Z" hostname="fv-az14" tests="1" skipped="0" failures="0" errors="0" time="0.281">
    <testcase time="0.281000000000404" classname="ds.mean_smk_expt_type_both" name="mean_values_both_"/>
  </testsuite>
  <testsuite name="ds.mean::smk_expt::type=combine" timestamp="2020-07-07T00:00:51Z" hostname="fv-az14" tests="1" skipped="0" failures="0" errors="0" time="0.271">
    <testcase time="0.270999999999731" classname="ds.mean_smk_expt_type_combine" name="mean_values_combine_"/>
  </testsuite>
  <testsuite name="ds.mean::smk_expt::type=split" timestamp="2020-07-07T00:00:51Z" hostname="fv-az14" tests="1" skipped="0" failures="0" errors="0" time="0.27">
    <testcase time="0.269999999999982" classname="ds.mean_smk_expt_type_split" name="mean_values_split_"/>
  </testsuite>
  <testsuite name="ds.mean::smk_expt::type=both" timestamp="2020-07-07T00:00:51Z" hostname="fv-az14" tests="1" skipped="0" failures="0" errors="0" time="0.277">
    <testcase time="0.277000000000044" classname="ds.mean_smk_expt_type_both" name="mean_values_both_"/>
  </testsuite>
  <testsuite name="ds.mean::smk_expt::type=combine" timestamp="2020-07-07T00:00:51Z" hostname="fv-az14" tests="1" skipped="0" failures="0" errors="0" time="0.279">
    <testcase time="0.278999999999996" classname="ds.mean_smk_expt_type_combine" name="mean_values_combine_"/>
  </testsuite>
  <testsuite name="ds.mean::smk_expt::type=split" timestamp="2020-07-07T00:00:52Z" hostname="fv-az14" tests="1" skipped="0" failures="0" errors="0" time="0.271">
    <testcase time="0.270999999999731" classname="ds.mean_smk_expt_type_split" name="mean_values_split_"/>
  </testsuite>
  <testsuite name="ds.mean::smk_expt::type=both" timestamp="2020-07-07T00:00:52Z" hostname="fv-az14" tests="1" skipped="0" failures="0" errors="0" time="0.273">
    <testcase time="0.273000000000138" classname="ds.mean_smk_expt_type_both" name="mean_values_both_"/>
  </testsuite>
  <testsuite name="ds.mean::smk_expt::type=combine" timestamp="2020-07-07T00:00:52Z" hostname="fv-az14" tests="1" skipped="0" failures="0" errors="0" time="1.121">
    <testcase time="1.12100000000009" classname="ds.mean_smk_expt_type_combine" name="mean_values_combine_"/>
  </testsuite>
  <testsuite name="ds.mean::smk_expt::type=split" timestamp="2020-07-07T00:00:53Z" hostname="fv-az14" tests="1" skipped="0" failures="0" errors="0" time="1.04">
    <testcase time="1.03999999999996" classname="ds.mean_smk_expt_type_split" name="mean_values_split_"/>
  </testsuite>
  <testsuite name="ds.mean::smk_expt::type=both" timestamp="2020-07-07T00:00:54Z" hostname="fv-az14" tests="1" skipped="0" failures="0" errors="0" time="1.051">
    <testcase time="1.05099999999993" classname="ds.mean_smk_expt_type_both" name="mean_values_both_"/>
  </testsuite>
  <testsuite name="ds.mean::smk_expt::type=combine" timestamp="2020-07-07T00:00:55Z" hostname="fv-az14" tests="1" skipped="0" failures="0" errors="0" time="1.04">
    <testcase time="1.03999999999996" classname="ds.mean_smk_expt_type_combine" name="mean_values_combine_"/>
  </testsuite>
  <testsuite name="ds.mean::smk_expt::type=split" timestamp="2020-07-07T00:00:56Z" hostname="fv-az14" tests="1" skipped="0" failures="0" errors="0" time="1.043">
    <testcase time="1.04300000000012" classname="ds.mean_smk_expt_type_split" name="mean_values_split_"/>
  </testsuite>
  <testsuite name="ds.mean::smk_expt::type=both" timestamp="2020-07-07T00:00:58Z" hostname="fv-az14" tests="1" skipped="0" failures="0" errors="0" time="1.037">
    <testcase time="1.03699999999981" classname="ds.mean_smk_expt_type_both" name="mean_values_both_"/>
  </testsuite>
  <testsuite name="ds.mean::smk_expt::type=combine" timestamp="2020-07-07T00:00:59Z" hostname="fv-az14" tests="1" skipped="0" failures="0" errors="0" time="1.04">
    <testcase time="1.03999999999996" classname="ds.mean_smk_expt_type_combine" name="mean_values_combine_"/>
  </testsuite>
  <testsuite name="ds.mean::smk_expt::type=split" timestamp="2020-07-07T00:01:00Z" hostname="fv-az14" tests="1" skipped="0" failures="0" errors="0" time="1.042">
    <testcase time="1.04199999999992" classname="ds.mean_smk_expt_type_split" name="mean_values_split_"/>
  </testsuite>
  <testsuite name="ds.mean::smk_expt::type=both" timestamp="2020-07-07T00:01:01Z" hostname="fv-az14" tests="1" skipped="0" failures="0" errors="0" time="1.051">
    <testcase time="1.05100000000039" classname="ds.mean_smk_expt_type_both" name="mean_values_both_"/>
  </testsuite>
  <testsuite name="ds.mean::smk_expt::type=combine" timestamp="2020-07-07T00:01:02Z" hostname="fv-az14" tests="1" skipped="0" failures="0" errors="0" time="1.047">
    <testcase time="1.04700000000003" classname="ds.mean_smk_expt_type_combine" name="mean_values_combine_"/>
  </testsuite>
  <testsuite name="ds.mean::smk_expt::type=split" timestamp="2020-07-07T00:01:03Z" hostname="fv-az14" tests="1" skipped="0" failures="0" errors="0" time="1.044">
    <testcase time="1.04399999999987" classname="ds.mean_smk_expt_type_split" name="mean_values_split_"/>
  </testsuite>
  <testsuite name="ds.mean::smk_expt::type=both" timestamp="2020-07-07T00:01:04Z" hostname="fv-az14" tests="1" skipped="0" failures="0" errors="0" time="1.056">
    <testcase time="1.05600000000004" classname="ds.mean_smk_expt_type_both" name="mean_values_both_"/>
  </testsuite>
  <testsuite name="ds.mean::smk_expt::type=combine" timestamp="2020-07-07T00:01:05Z" hostname="fv-az14" tests="1" skipped="0" failures="0" errors="0" time="1.072">
    <testcase time="1.07200000000012" classname="ds.mean_smk_expt_type_combine" name="mean_values_combine_"/>
  </testsuite>
  <testsuite name="ds.mean::smk_expt::type=split" timestamp="2020-07-07T00:01:06Z" hostname="fv-az14" tests="1" skipped="0" failures="0" errors="0" time="1.119">
    <testcase time="1.11900000000014" classname="ds.mean_smk_expt_type_split" name="mean_values_split_"/>
  </testsuite>
  <testsuite name="ds.mean::smk_expt::type=both" timestamp="2020-07-07T00:01:07Z" hostname="fv-az14" tests="1" skipped="0" failures="0" errors="0" time="1.041">
    <testcase time="1.04099999999971" classname="ds.mean_smk_expt_type_both" name="mean_values_both_"/>
  </testsuite>
  <testsuite name="ds.mean::smk_expt::type=combine" timestamp="2020-07-07T00:01:08Z" hostname="fv-az14" tests="1" skipped="0" failures="0" errors="0" time="1.055">
    <testcase time="1.05500000000029" classname="ds.mean_smk_expt_type_combine" name="mean_values_combine_"/>
  </testsuite>
  <testsuite name="ds.mean::smk_expt::type=split" timestamp="2020-07-07T00:01:09Z" hostname="fv-az14" tests="1" skipped="0" failures="0" errors="0" time="1.051">
    <testcase time="1.05099999999993" classname="ds.mean_smk_expt_type_split" name="mean_values_split_"/>
  </testsuite>
  <testsuite name="ds.mean::smk_expt::type=both" timestamp="2020-07-07T00:01:10Z" hostname="fv-az14" tests="1" skipped="0" failures="0" errors="0" time="1.045">
    <testcase time="1.04500000000007" classname="ds.mean_smk_expt_type_both" name="mean_values_both_"/>
  </testsuite>
  <testsuite name="vm-test::_::setup" timestamp="2020-07-07T00:01:12Z" hostname="fv-az14" tests="0" skipped="0" failures="0" errors="0" time="0"/>
  <testsuite name="vm-test::_::tests::vm" timestamp="2020-07-07T00:01:12Z" hostname="fv-az14" tests="1" skipped="0" failures="0" errors="0" time="0.889">
    <testcase time="0.888999999999669" classname="vm_test___tests_vm" name="The_virtual_machine_is_loaded._"/>
  </testsuite>
  <testsuite name="vm-test::_::shutdown" timestamp="2020-07-07T00:01:12Z" hostname="fv-az14" tests="0" skipped="0" failures="0" errors="0" time="0"/>
  <testsuite name="vm-test::_::done" timestamp="2020-07-07T00:01:12Z" hostname="fv-az14" tests="0" skipped="0" failures="0" errors="0" time="0"/>
</testsuites>
