<?xml version="1.0" encoding="UTF-8"?>
<testsuites>
  <testsuite name="ds.asCharacter::arg::test errors" timestamp="2020-03-24T19:59:35Z" hostname="fv-az32" tests="1" skipped="0" failures="0" errors="0" time="4.891">
    <testcase time="4.891" classname="ds.asCharacter_arg_test_errors" name="asCharacter_erros"/>
  </testsuite>
  <testsuite name="ds.asDataMatrix::arg::test errors" timestamp="2020-03-24T19:59:40Z" hostname="fv-az32" tests="1" skipped="0" failures="0" errors="0" time="5.454">
    <testcase time="5.454" classname="ds.asDataMatrix_arg_test_errors" name="asDataMatrix_erros"/>
  </testsuite>
  <testsuite name="ds.asFactor::arg::test errors" timestamp="2020-03-24T19:59:46Z" hostname="fv-az32" tests="3" skipped="0" failures="0" errors="0" time="5.293">
    <testcase time="5.21" classname="ds.asFactor_arg_test_errors" name="asFactor_erros"/>
    <testcase time="0.0679999999999978" classname="ds.asFactor_arg_test_errors" name="asFactor_erros"/>
    <testcase time="0.0150000000000006" classname="ds.asFactor_arg_test_errors" name="asFactor_erros"/>
  </testsuite>
  <testsuite name="ds.asInteger::arg::test errors" timestamp="2020-03-24T19:59:51Z" hostname="fv-az32" tests="1" skipped="0" failures="0" errors="0" time="5.198">
    <testcase time="5.198" classname="ds.asInteger_arg_test_errors" name="asInteger_erros"/>
  </testsuite>
  <testsuite name="ds.asList::arg::test errors" timestamp="2020-03-24T19:59:56Z" hostname="fv-az32" tests="1" skipped="0" failures="0" errors="0" time="5.19">
    <testcase time="5.19" classname="ds.asList_arg_test_errors" name="asList_erros"/>
  </testsuite>
  <testsuite name="ds.asLogical::arg::test errors" timestamp="2020-03-24T20:00:01Z" hostname="fv-az32" tests="1" skipped="0" failures="0" errors="0" time="5.066">
    <testcase time="5.066" classname="ds.asLogical_arg_test_errors" name="asLogical_erros"/>
  </testsuite>
  <testsuite name="ds.asMatrix::arg::test errors" timestamp="2020-03-24T20:00:06Z" hostname="fv-az32" tests="1" skipped="0" failures="0" errors="0" time="5.063">
    <testcase time="5.063" classname="ds.asMatrix_arg_test_errors" name="asMatrix_erros"/>
  </testsuite>
  <testsuite name="ds.asNumeric::arg::test errors" timestamp="2020-03-24T20:00:11Z" hostname="fv-az32" tests="1" skipped="0" failures="0" errors="0" time="5.207">
    <testcase time="5.207" classname="ds.asNumeric_arg_test_errors" name="asNumeric_erros"/>
  </testsuite>
  <testsuite name="ds.assign::arg::test errors" timestamp="2020-03-24T20:00:17Z" hostname="fv-az32" tests="1" skipped="0" failures="0" errors="0" time="5.027">
    <testcase time="5.02699999999999" classname="ds.assign_arg_test_errors" name="assign_erros"/>
  </testsuite>
  <testsuite name="ds.Boole::arg::test errors" timestamp="2020-03-24T20:00:22Z" hostname="fv-az32" tests="5" skipped="0" failures="0" errors="0" time="5.243">
    <testcase time="5.11600000000001" classname="ds.Boole_arg_test_errors" name="Boole_erros"/>
    <testcase time="0.105999999999995" classname="ds.Boole_arg_test_errors" name="Boole_erros"/>
    <testcase time="0.007000000000005" classname="ds.Boole_arg_test_errors" name="Boole_erros"/>
    <testcase time="0.0069999999999979" classname="ds.Boole_arg_test_errors" name="Boole_erros"/>
    <testcase time="0.0069999999999979" classname="ds.Boole_arg_test_errors" name="Boole_erros"/>
  </testsuite>
  <testsuite name="ds.cbind::arg::test errors" timestamp="2020-03-24T20:00:27Z" hostname="fv-az32" tests="2" skipped="0" failures="0" errors="0" time="6.613">
    <testcase time="5.428" classname="ds.cbind_arg_test_errors" name="cbind_erros"/>
    <testcase time="1.185" classname="ds.cbind_arg_test_errors" name="cbind_erros"/>
  </testsuite>
  <testsuite name="ds.changeRefGroup::arg::test errors" timestamp="2020-03-24T20:00:33Z" hostname="fv-az32" tests="3" skipped="0" failures="0" errors="0" time="6.146">
    <testcase time="5.066" classname="ds.changeRefGroup_arg_test_errors" name="changeRefGroup_erros"/>
    <testcase time="0.0460000000000065" classname="ds.changeRefGroup_arg_test_errors" name="changeRefGroup_erros"/>
    <testcase time="1.03399999999999" classname="ds.changeRefGroup_arg_test_errors" name="changeRefGroup_erros"/>
  </testsuite>
  <testsuite name="ds.class::arg::test errors" timestamp="2020-03-24T20:00:40Z" hostname="fv-az32" tests="1" skipped="0" failures="0" errors="0" time="5.095">
    <testcase time="5.095" classname="ds.class_arg_test_errors" name="class_erros"/>
  </testsuite>
  <testsuite name="ds.colnames::arg::test errors" timestamp="2020-03-24T20:00:45Z" hostname="fv-az32" tests="1" skipped="0" failures="0" errors="0" time="5.058">
    <testcase time="5.05800000000001" classname="ds.colnames_arg_test_errors" name="simple_colnames_errors"/>
  </testsuite>
  <testsuite name="ds.completeCases::arg::test errors" timestamp="2020-03-24T20:00:50Z" hostname="fv-az32" tests="1" skipped="0" failures="0" errors="0" time="5.123">
    <testcase time="5.123" classname="ds.completeCases_arg_test_errors" name="completeCases_errors"/>
  </testsuite>
  <testsuite name="ds.cor::arg::test errors" timestamp="2020-03-24T20:00:55Z" hostname="fv-az32" tests="3" skipped="0" failures="0" errors="0" time="8.402">
    <testcase time="4.893" classname="ds.cor_arg_test_errors" name="cor_erros"/>
    <testcase time="1.26799999999999" classname="ds.cor_arg_test_errors" name="cor_erros"/>
    <testcase time="2.241" classname="ds.cor_arg_test_errors" name="cor_erros"/>
  </testsuite>
  <testsuite name="ds.corTest::arg" timestamp="2020-03-24T20:01:03Z" hostname="fv-az32" tests="2" skipped="0" failures="0" errors="0" time="5.008">
    <testcase time="4.965" classname="ds.corTest_arg" name="simple_arg_test"/>
    <testcase time="0.0430000000000064" classname="ds.corTest_arg" name="simple_arg_test"/>
  </testsuite>
  <testsuite name="ds.cov::arg::test errors" timestamp="2020-03-24T20:01:08Z" hostname="fv-az32" tests="3" skipped="0" failures="0" errors="0" time="8.391">
    <testcase time="4.974" classname="ds.cov_arg_test_errors" name="cov_erros"/>
    <testcase time="1.19500000000001" classname="ds.cov_arg_test_errors" name="cov_erros"/>
    <testcase time="2.22199999999999" classname="ds.cov_arg_test_errors" name="cov_erros"/>
  </testsuite>
  <testsuite name="ds.c::arg::test errors" timestamp="2020-03-24T20:01:17Z" hostname="fv-az32" tests="1" skipped="0" failures="0" errors="0" time="4.981">
    <testcase time="4.98100000000001" classname="ds.c_arg_test_errors" name="simple_c_errors"/>
  </testsuite>
  <testsuite name="ds.dataFrameFill::arg::test errors" timestamp="2020-03-24T20:01:22Z" hostname="fv-az32" tests="3" skipped="0" failures="0" errors="0" time="6.426">
    <testcase time="5.06899999999999" classname="ds.dataFrameFill_arg_test_errors" name="dataFrameFill_erros"/>
    <testcase time="0.384" classname="ds.dataFrameFill_arg_test_errors" name="dataFrameFill_erros"/>
    <testcase time="0.972999999999999" classname="ds.dataFrameFill_arg_test_errors" name="dataFrameFill_erros"/>
  </testsuite>
  <testsuite name="ds.dataFrame::arg::test errors" timestamp="2020-03-24T20:01:28Z" hostname="fv-az32" tests="2" skipped="0" failures="0" errors="0" time="6.459">
    <testcase time="5.045" classname="ds.dataFrame_arg_test_errors" name="dataframe_erros"/>
    <testcase time="1.414" classname="ds.dataFrame_arg_test_errors" name="dataframe_erros"/>
  </testsuite>
  <testsuite name="ds.dataFrameSubset::arg::test errors" timestamp="2020-03-24T20:01:34Z" hostname="fv-az32" tests="1" skipped="0" failures="0" errors="0" time="4.93">
    <testcase time="4.92999999999999" classname="ds.dataFrameSubset_arg_test_errors" name="dataFrameSubset_erros"/>
  </testsuite>
  <testsuite name="ds.dim::arg::test errors" timestamp="2020-03-24T20:01:39Z" hostname="fv-az32" tests="3" skipped="0" failures="0" errors="0" time="6.397">
    <testcase time="5.04600000000002" classname="ds.dim_arg_test_errors" name="dim_erros"/>
    <testcase time="1.04299999999998" classname="ds.dim_arg_test_errors" name="dim_erros"/>
    <testcase time="0.308000000000021" classname="ds.dim_arg_test_errors" name="dim_erros"/>
  </testsuite>
  <testsuite name="ds.exists::arg::test errors" timestamp="2020-03-24T20:01:46Z" hostname="fv-az32" tests="1" skipped="0" failures="0" errors="0" time="5.031">
    <testcase time="5.03099999999998" classname="ds.exists_arg_test_errors" name="simple_exists_errors"/>
  </testsuite>
  <testsuite name="ds.exp::arg::test errors" timestamp="2020-03-24T20:01:51Z" hostname="fv-az32" tests="1" skipped="0" failures="0" errors="0" time="5.087">
    <testcase time="5.08700000000002" classname="ds.exp_arg_test_errors" name="exp_erros"/>
  </testsuite>
  <testsuite name="ds.foobar::arg::setup" timestamp="2020-03-24T20:01:51Z" hostname="fv-az32" tests="3" skipped="0" failures="0" errors="0" time="5.303">
    <testcase time="5.30099999999999" classname="ds.foobar_arg_setup" name="setup"/>
    <testcase time="0.00100000000000477" classname="ds.foobar_arg_setup" name="setup"/>
    <testcase time="0.00100000000000477" classname="ds.foobar_arg_setup" name="setup"/>
  </testsuite>
  <testsuite name="ds.foobar::arg::aggregate" timestamp="2020-03-24T20:01:56Z" hostname="fv-az32" tests="1" skipped="0" failures="0" errors="0" time="0.01">
    <testcase time="0.00999999999999091" classname="ds.foobar_arg_aggregate" name="NULL_connections"/>
  </testsuite>
  <testsuite name="ds.foobar::arg::aggregate" timestamp="2020-03-24T20:01:56Z" hostname="fv-az32" tests="1" skipped="0" failures="0" errors="0" time="0.01">
    <testcase time="0.0100000000000193" classname="ds.foobar_arg_aggregate" name="NULL_expr"/>
  </testsuite>
  <testsuite name="ds.foobar::arg::aggregate" timestamp="2020-03-24T20:01:56Z" hostname="fv-az32" tests="1" skipped="0" failures="0" errors="0" time="0.205">
    <testcase time="0.204999999999984" classname="ds.foobar_arg_aggregate" name="non_existent_aggregate_foobarDS"/>
  </testsuite>
  <testsuite name="ds.foobar::arg::assign" timestamp="2020-03-24T20:01:56Z" hostname="fv-az32" tests="1" skipped="0" failures="0" errors="0" time="0.01">
    <testcase time="0.00999999999999091" classname="ds.foobar_arg_assign" name="NULL_connections"/>
  </testsuite>
  <testsuite name="ds.foobar::arg::assign" timestamp="2020-03-24T20:01:56Z" hostname="fv-az32" tests="1" skipped="0" failures="0" errors="0" time="0.009">
    <testcase time="0.00900000000001455" classname="ds.foobar_arg_assign" name="NULL_value"/>
  </testsuite>
  <testsuite name="ds.foobar::arg::assign" timestamp="2020-03-24T20:01:56Z" hostname="fv-az32" tests="1" skipped="0" failures="0" errors="0" time="0.203">
    <testcase time="0.203000000000003" classname="ds.foobar_arg_assign" name="non_existent_assign_foobarDS"/>
  </testsuite>
  <testsuite name="ds.foobar::arg::shutdown" timestamp="2020-03-24T20:01:57Z" hostname="fv-az32" tests="3" skipped="0" failures="0" errors="0" time="0.298">
    <testcase time="0.294999999999987" classname="ds.foobar_arg_shutdown" name="shutdown"/>
    <testcase time="0.00100000000000477" classname="ds.foobar_arg_shutdown" name="shutdown"/>
    <testcase time="0.00200000000000955" classname="ds.foobar_arg_shutdown" name="shutdown"/>
  </testsuite>
  <testsuite name="ds.foobar::arg::done" timestamp="2020-03-24T20:01:57Z" hostname="fv-az32" tests="0" skipped="0" failures="0" errors="0" time="0"/>
  <testsuite name="ds.glmerSLMA::arg::setup" timestamp="2020-03-24T20:01:57Z" hostname="fv-az32" tests="3" skipped="0" failures="0" errors="0" time="5.241">
    <testcase time="5.239" classname="ds.glmerSLMA_arg_setup" name="setup"/>
    <testcase time="0.000999999999976353" classname="ds.glmerSLMA_arg_setup" name="setup"/>
    <testcase time="0.00100000000000477" classname="ds.glmerSLMA_arg_setup" name="setup"/>
  </testsuite>
  <testsuite name="ds.glmerSLMA::arg" timestamp="2020-03-24T20:02:02Z" hostname="fv-az32" tests="15" skipped="0" failures="0" errors="0" time="21.148">
    <testcase time="0.0109999999999957" classname="ds.glmerSLMA_arg" name="simple_glmerSLMA_tesing_mis_use_of_arguments"/>
    <testcase time="2.798" classname="ds.glmerSLMA_arg" name="simple_glmerSLMA_tesing_mis_use_of_arguments"/>
    <testcase time="0.610000000000014" classname="ds.glmerSLMA_arg" name="simple_glmerSLMA_tesing_mis_use_of_arguments"/>
    <testcase time="0.283999999999992" classname="ds.glmerSLMA_arg" name="simple_glmerSLMA_tesing_mis_use_of_arguments"/>
    <testcase time="0.629000000000019" classname="ds.glmerSLMA_arg" name="simple_glmerSLMA_tesing_mis_use_of_arguments"/>
    <testcase time="0.00699999999997658" classname="ds.glmerSLMA_arg" name="simple_glmerSLMA_tesing_mis_use_of_arguments"/>
    <testcase time="2.45600000000002" classname="ds.glmerSLMA_arg" name="simple_glmerSLMA_tesing_mis_use_of_arguments"/>
    <testcase time="0.686999999999983" classname="ds.glmerSLMA_arg" name="simple_glmerSLMA_tesing_mis_use_of_arguments"/>
    <testcase time="2.39100000000002" classname="ds.glmerSLMA_arg" name="simple_glmerSLMA_tesing_mis_use_of_arguments"/>
    <testcase time="4.81199999999998" classname="ds.glmerSLMA_arg" name="test_offsets_and_weights"/>
    <testcase time="1.18100000000001" classname="ds.glmerSLMA_arg" name="test_offsets_and_weights"/>
    <testcase time="1.15600000000001" classname="ds.glmerSLMA_arg" name="test_offsets_and_weights"/>
    <testcase time="1.149" classname="ds.glmerSLMA_arg" name="test_offsets_and_weights"/>
    <testcase time="1.49199999999999" classname="ds.glmerSLMA_arg" name="alternative_formulae_for_nested_groups"/>
    <testcase time="1.48499999999999" classname="ds.glmerSLMA_arg" name="alternative_formulae_for_nested_groups"/>
  </testsuite>
  <testsuite name="ds.glmerSLMA::arg::switch" timestamp="2020-03-24T20:02:24Z" hostname="fv-az32" tests="0" skipped="0" failures="0" errors="0" time="0"/>
  <testsuite name="ds.glmerSLMA::arg::setup" timestamp="2020-03-24T20:02:24Z" hostname="fv-az32" tests="3" skipped="0" failures="0" errors="0" time="6.218">
    <testcase time="6.215" classname="ds.glmerSLMA_arg_setup" name="setup"/>
    <testcase time="0.00100000000000477" classname="ds.glmerSLMA_arg_setup" name="setup"/>
    <testcase time="0.00200000000000955" classname="ds.glmerSLMA_arg_setup" name="setup"/>
  </testsuite>
  <testsuite name="ds.glmerSLMA::arg" timestamp="2020-03-24T20:02:30Z" hostname="fv-az32" tests="4" skipped="0" failures="2" errors="0" time="21.664">
    <testcase time="11.821" classname="ds.glmerSLMA_arg" name="check_slope_formulae"/>
    <testcase time="0.0029999999999859" classname="ds.glmerSLMA_arg" name="check_slope_formulae">
      <failure type="failure" message="res$Convergence.error.message[2] not equal to &quot;Study2: no convergence error reported&quot;. (@test-arg-ds.glmerSLMA.R#101)">res$Convergence.error.message[2] not equal to "Study2: no convergence error reported".
1/1 mismatches
x[1]: "Study2: unable to evaluate scaled gradient"
y[1]: "Study2: no convergence error reported"</failure>
    </testcase>
    <testcase time="9.83800000000002" classname="ds.glmerSLMA_arg" name="check_slope_formulae"/>
    <testcase time="0.00199999999998113" classname="ds.glmerSLMA_arg" name="check_slope_formulae">
      <failure type="failure" message="res$Convergence.error.message[2] not equal to &quot;Study2: no convergence error reported&quot;. (@test-arg-ds.glmerSLMA.R#103)">res$Convergence.error.message[2] not equal to "Study2: no convergence error reported".
1/1 mismatches
x[1]: "Study2: unable to evaluate scaled gradient"
y[1]: "Study2: no convergence error reported"</failure>
    </testcase>
  </testsuite>
  <testsuite name="ds.glmerSLMA::arg::shutdown" timestamp="2020-03-24T20:02:51Z" hostname="fv-az32" tests="0" skipped="0" failures="0" errors="0" time="0"/>
  <testsuite name="ds.glmerSLMA::arg::done" timestamp="2020-03-24T20:02:52Z" hostname="fv-az32" tests="0" skipped="0" failures="0" errors="0" time="0"/>
  <testsuite name="ds.glm::arg::test errors" timestamp="2020-03-24T20:02:56Z" hostname="fv-az32" tests="2" skipped="0" failures="0" errors="0" time="5.736">
    <testcase time="5.215" classname="ds.glm_arg_test_errors" name="glm_erros"/>
    <testcase time="0.521000000000015" classname="ds.glm_arg_test_errors" name="glm_erros"/>
  </testsuite>
  <testsuite name="ds.glmSLMA::arg::test errors" timestamp="2020-03-24T20:03:02Z" hostname="fv-az32" tests="1" skipped="0" failures="0" errors="0" time="5.232">
    <testcase time="5.232" classname="ds.glmSLMA_arg_test_errors" name="glmSLMA_erros"/>
  </testsuite>
  <testsuite name="ds.isNA()::smk::errors" timestamp="2020-03-24T20:03:07Z" hostname="fv-az32" tests="1" skipped="0" failures="0" errors="0" time="5.139">
    <testcase time="5.13899999999998" classname="ds.isNA_smk_errors" name="isNA_errors"/>
  </testsuite>
  <testsuite name="ds.isValid()::smk::errors" timestamp="2020-03-24T20:03:13Z" hostname="fv-az32" tests="2" skipped="0" failures="0" errors="0" time="6.168">
    <testcase time="5.166" classname="ds.isValid_smk_errors" name="isValid_errors"/>
    <testcase time="1.00200000000001" classname="ds.isValid_smk_errors" name="isValid_errors"/>
  </testsuite>
  <testsuite name="ds.length::arg::test errors" timestamp="2020-03-24T20:03:19Z" hostname="fv-az32" tests="5" skipped="0" failures="0" errors="0" time="8.144">
    <testcase time="6.12899999999999" classname="ds.length_arg_test_errors" name="length_erros"/>
    <testcase time="0.0760000000000218" classname="ds.length_arg_test_errors" name="length_erros"/>
    <testcase time="0.00699999999997658" classname="ds.length_arg_test_errors" name="length_erros"/>
    <testcase time="0.964000000000027" classname="ds.length_arg_test_errors" name="length_erros"/>
    <testcase time="0.967999999999989" classname="ds.length_arg_test_errors" name="length_erros"/>
  </testsuite>
  <testsuite name="ds.levels::arg" timestamp="2020-03-24T20:03:27Z" hostname="fv-az32" tests="2" skipped="0" failures="0" errors="0" time="5.472">
    <testcase time="5.161" classname="ds.levels_arg" name="simple_levels"/>
    <testcase time="0.311000000000007" classname="ds.levels_arg" name="simple_levels"/>
  </testsuite>
  <testsuite name="ds.lexis::arg::test errors" timestamp="2020-03-24T20:03:32Z" hostname="fv-az32" tests="1" skipped="0" failures="0" errors="0" time="5.089">
    <testcase time="5.089" classname="ds.lexis_arg_test_errors" name="lexis_erros"/>
  </testsuite>
  <testsuite name="ds.list::arg::test errors" timestamp="2020-03-24T20:03:37Z" hostname="fv-az32" tests="1" skipped="0" failures="0" errors="0" time="5.198">
    <testcase time="5.19799999999998" classname="ds.list_arg_test_errors" name="simple_ds.list_errors"/>
  </testsuite>
  <testsuite name="ds.lmerSLMA::arg::setup" timestamp="2020-03-24T20:03:38Z" hostname="fv-az32" tests="3" skipped="0" failures="0" errors="0" time="5.4">
    <testcase time="5.398" classname="ds.lmerSLMA_arg_setup" name="setup"/>
    <testcase time="0.0010000000000332" classname="ds.lmerSLMA_arg_setup" name="setup"/>
    <testcase time="0.000999999999976353" classname="ds.lmerSLMA_arg_setup" name="setup"/>
  </testsuite>
  <testsuite name="ds.lmerSLMA::arg" timestamp="2020-03-24T20:03:43Z" hostname="fv-az32" tests="15" skipped="0" failures="0" errors="0" time="15.246">
    <testcase time="2.44600000000003" classname="ds.lmerSLMA_arg" name="simple_lmerSLMA_tesing_mis_use_of_arguments"/>
    <testcase time="0.784999999999968" classname="ds.lmerSLMA_arg" name="simple_lmerSLMA_tesing_mis_use_of_arguments"/>
    <testcase time="0.283999999999992" classname="ds.lmerSLMA_arg" name="simple_lmerSLMA_tesing_mis_use_of_arguments"/>
    <testcase time="0.722000000000037" classname="ds.lmerSLMA_arg" name="simple_lmerSLMA_tesing_mis_use_of_arguments"/>
    <testcase time="0.00599999999997181" classname="ds.lmerSLMA_arg" name="simple_lmerSLMA_tesing_mis_use_of_arguments"/>
    <testcase time="0.920999999999992" classname="ds.lmerSLMA_arg" name="simple_lmerSLMA_tesing_mis_use_of_arguments"/>
    <testcase time="0.699000000000012" classname="ds.lmerSLMA_arg" name="simple_lmerSLMA_tesing_mis_use_of_arguments"/>
    <testcase time="0.281999999999982" classname="ds.lmerSLMA_arg" name="simple_lmerSLMA_tesing_mis_use_of_arguments"/>
    <testcase time="0.740000000000009" classname="ds.lmerSLMA_arg" name="simple_lmerSLMA_tesing_mis_use_of_arguments"/>
    <testcase time="0.814000000000021" classname="ds.lmerSLMA_arg" name="alternative_formulae_for_nested_groups"/>
    <testcase time="0.822000000000003" classname="ds.lmerSLMA_arg" name="alternative_formulae_for_nested_groups"/>
    <testcase time="4.39499999999998" classname="ds.lmerSLMA_arg" name="test_offsets_and_weights"/>
    <testcase time="0.781000000000006" classname="ds.lmerSLMA_arg" name="test_offsets_and_weights"/>
    <testcase time="0.776999999999987" classname="ds.lmerSLMA_arg" name="test_offsets_and_weights"/>
    <testcase time="0.771999999999991" classname="ds.lmerSLMA_arg" name="test_offsets_and_weights"/>
  </testsuite>
  <testsuite name="ds.lmerSLMA::arg::switch" timestamp="2020-03-24T20:03:58Z" hostname="fv-az32" tests="0" skipped="0" failures="0" errors="0" time="0"/>
  <testsuite name="ds.lmerSLMA::arg::setup" timestamp="2020-03-24T20:03:59Z" hostname="fv-az32" tests="3" skipped="0" failures="0" errors="0" time="6.141">
    <testcase time="6.13800000000003" classname="ds.lmerSLMA_arg_setup" name="setup"/>
    <testcase time="0.00200000000000955" classname="ds.lmerSLMA_arg_setup" name="setup"/>
    <testcase time="0.000999999999976353" classname="ds.lmerSLMA_arg_setup" name="setup"/>
  </testsuite>
  <testsuite name="ds.lmerSLMA::arg" timestamp="2020-03-24T20:04:04Z" hostname="fv-az32" tests="8" skipped="0" failures="2" errors="0" time="5.561">
    <testcase time="3.73399999999998" classname="ds.lmerSLMA_arg" name="check_slope_formulae"/>
    <testcase time="0.0010000000000332" classname="ds.lmerSLMA_arg" name="check_slope_formulae"/>
    <testcase time="0.00200000000000955" classname="ds.lmerSLMA_arg" name="check_slope_formulae"/>
    <testcase time="0.00200000000000955" classname="ds.lmerSLMA_arg" name="check_slope_formulae">
      <failure type="failure" message="res$Convergence.error.message[2] not equal to &quot;Study2: no convergence error reported&quot;. (@test-arg-ds.lmerSLMA.R#104)">res$Convergence.error.message[2] not equal to "Study2: no convergence error reported".
1/1 mismatches
x[1]: "Study2: unable to evaluate scaled gradient"
y[1]: "Study2: no convergence error reported"</failure>
    </testcase>
    <testcase time="1.81799999999998" classname="ds.lmerSLMA_arg" name="check_slope_formulae"/>
    <testcase time="0.000999999999976353" classname="ds.lmerSLMA_arg" name="check_slope_formulae"/>
    <testcase time="0.000999999999976353" classname="ds.lmerSLMA_arg" name="check_slope_formulae"/>
    <testcase time="0.00200000000000955" classname="ds.lmerSLMA_arg" name="check_slope_formulae">
      <failure type="failure" message="res$Convergence.error.message[2] not equal to &quot;Study2: no convergence error reported&quot;. (@test-arg-ds.lmerSLMA.R#106)">res$Convergence.error.message[2] not equal to "Study2: no convergence error reported".
1/1 mismatches
x[1]: "Study2: unable to evaluate scaled gradient"
y[1]: "Study2: no convergence error reported"</failure>
    </testcase>
  </testsuite>
  <testsuite name="ds.lmerSLMA::arg::shutdown" timestamp="2020-03-24T20:04:10Z" hostname="fv-az32" tests="0" skipped="0" failures="0" errors="0" time="0"/>
  <testsuite name="ds.lmerSLMA::arg::done" timestamp="2020-03-24T20:04:11Z" hostname="fv-az32" tests="0" skipped="0" failures="0" errors="0" time="0"/>
  <testsuite name="ds.log::arg::test errors" timestamp="2020-03-24T20:04:15Z" hostname="fv-az32" tests="1" skipped="0" failures="0" errors="0" time="5.469">
    <testcase time="5.46899999999999" classname="ds.log_arg_test_errors" name="log_erros"/>
  </testsuite>
  <testsuite name="ds.look::arg::test errors" timestamp="2020-03-24T20:04:20Z" hostname="fv-az32" tests="1" skipped="0" failures="0" errors="0" time="5.197">
    <testcase time="5.197" classname="ds.look_arg_test_errors" name="look_erros"/>
  </testsuite>
  <testsuite name="ds.make::arg::test errors" timestamp="2020-03-24T20:04:26Z" hostname="fv-az32" tests="1" skipped="0" failures="0" errors="0" time="5.178">
    <testcase time="5.178" classname="ds.make_arg_test_errors" name="make_erros"/>
  </testsuite>
  <testsuite name="ds.matrixDet::arg::test errors" timestamp="2020-03-24T20:04:31Z" hostname="fv-az32" tests="1" skipped="0" failures="0" errors="0" time="5.192">
    <testcase time="5.19200000000001" classname="ds.matrixDet_arg_test_errors" name="matrixDet_erros"/>
  </testsuite>
  <testsuite name="ds.matrixDet.report::arg::test errors" timestamp="2020-03-24T20:04:36Z" hostname="fv-az32" tests="1" skipped="0" failures="0" errors="0" time="5.193">
    <testcase time="5.19299999999998" classname="ds.matrixDet.report_arg_test_errors" name="ds.matixDet.report_erros"/>
  </testsuite>
  <testsuite name="ds.matrixDiag::arg::test errors" timestamp="2020-03-24T20:04:41Z" hostname="fv-az32" tests="2" skipped="0" failures="0" errors="0" time="5.145">
    <testcase time="5.14400000000001" classname="ds.matrixDiag_arg_test_errors" name="matrixDiag_erros"/>
    <testcase time="0.0010000000000332" classname="ds.matrixDiag_arg_test_errors" name="matrixDiag_erros"/>
  </testsuite>
  <testsuite name="ds.matrixDimnames::arg::test errors" timestamp="2020-03-24T20:04:46Z" hostname="fv-az32" tests="1" skipped="0" failures="0" errors="0" time="5.247">
    <testcase time="5.24699999999996" classname="ds.matrixDimnames_arg_test_errors" name="matrixDimnames_erros"/>
  </testsuite>
  <testsuite name="ds.matrixInvert::arg::test errors" timestamp="2020-03-24T20:04:52Z" hostname="fv-az32" tests="1" skipped="0" failures="0" errors="0" time="5.271">
    <testcase time="5.27100000000002" classname="ds.matrixInvert_arg_test_errors" name="matrixInvert_erros"/>
  </testsuite>
  <testsuite name="ds.matrixMult::arg::test errors" timestamp="2020-03-24T20:04:57Z" hostname="fv-az32" tests="1" skipped="0" failures="0" errors="0" time="5.204">
    <testcase time="5.20400000000001" classname="ds.matrixMult_arg_test_errors" name="matrixMult_erros"/>
  </testsuite>
  <testsuite name="ds.matrix::arg::test errors" timestamp="2020-03-24T20:05:02Z" hostname="fv-az32" tests="1" skipped="0" failures="0" errors="0" time="5.17">
    <testcase time="5.17000000000002" classname="ds.matrix_arg_test_errors" name="matrix_erros"/>
  </testsuite>
  <testsuite name="ds.matrixTranspose::arg::test errors" timestamp="2020-03-24T20:05:07Z" hostname="fv-az32" tests="1" skipped="0" failures="0" errors="0" time="5.167">
    <testcase time="5.16699999999997" classname="ds.matrixTranspose_arg_test_errors" name="matrixTranspose_erros"/>
  </testsuite>
  <testsuite name="ds.meanByClass::arg::test errors" timestamp="2020-03-24T20:05:12Z" hostname="fv-az32" tests="5" skipped="0" failures="0" errors="0" time="15.527">
    <testcase time="8.10300000000001" classname="ds.meanByClass_arg_test_errors" name="meanByClass_erros"/>
    <testcase time="1.25" classname="ds.meanByClass_arg_test_errors" name="meanByClass_erros"/>
    <testcase time="1.93799999999999" classname="ds.meanByClass_arg_test_errors" name="meanByClass_erros"/>
    <testcase time="0.007000000000005" classname="ds.meanByClass_arg_test_errors" name="meanByClass_erros"/>
    <testcase time="4.22899999999998" classname="ds.meanByClass_arg_test_errors" name="meanByClass_erros"/>
  </testsuite>
  <testsuite name="ds.mean::arg::test errors" timestamp="2020-03-24T20:05:28Z" hostname="fv-az32" tests="3" skipped="0" failures="0" errors="0" time="7.137">
    <testcase time="6.05500000000001" classname="ds.mean_arg_test_errors" name="mean_erros"/>
    <testcase time="0.120000000000005" classname="ds.mean_arg_test_errors" name="mean_erros"/>
    <testcase time="0.961999999999989" classname="ds.mean_arg_test_errors" name="mean_erros"/>
  </testsuite>
  <testsuite name="ds.meanSdGp::arg::test errors" timestamp="2020-03-24T20:05:35Z" hostname="fv-az32" tests="1" skipped="0" failures="0" errors="0" time="5.233">
    <testcase time="5.233" classname="ds.meanSdGp_arg_test_errors" name="meanSdGp_erros"/>
  </testsuite>
  <testsuite name="ds.merge::arg::test errors" timestamp="2020-03-24T20:05:40Z" hostname="fv-az32" tests="5" skipped="0" failures="0" errors="0" time="5.455">
    <testcase time="5.346" classname="ds.merge_arg_test_errors" name="merge_erros"/>
    <testcase time="0.0840000000000032" classname="ds.merge_arg_test_errors" name="merge_erros"/>
    <testcase time="0.00900000000001455" classname="ds.merge_arg_test_errors" name="merge_erros"/>
    <testcase time="0.00799999999998136" classname="ds.merge_arg_test_errors" name="merge_erros"/>
    <testcase time="0.00799999999998136" classname="ds.merge_arg_test_errors" name="merge_erros"/>
  </testsuite>
  <testsuite name="ds.message::arg" timestamp="2020-03-24T20:05:46Z" hostname="fv-az32" tests="1" skipped="0" failures="0" errors="0" time="5.193">
    <testcase time="5.19300000000004" classname="ds.message_arg" name="request_message_for_NULL"/>
  </testsuite>
  <testsuite name="ds.names::arg::test errors" timestamp="2020-03-24T20:05:51Z" hostname="fv-az32" tests="2" skipped="0" failures="0" errors="0" time="6.285">
    <testcase time="5.29300000000001" classname="ds.names_arg_test_errors" name="simple_ds.names_errors"/>
    <testcase time="0.991999999999962" classname="ds.names_arg_test_errors" name="simple_ds.names_errors"/>
  </testsuite>
  <testsuite name="ds.numNA::arg::test errors" timestamp="2020-03-24T20:05:57Z" hostname="fv-az32" tests="1" skipped="0" failures="0" errors="0" time="5.254">
    <testcase time="5.25400000000002" classname="ds.numNA_arg_test_errors" name="simple_ds.numNA_errors"/>
  </testsuite>
  <testsuite name="ds.quantileMean::arg::test errors" timestamp="2020-03-24T20:06:02Z" hostname="fv-az32" tests="3" skipped="0" failures="0" errors="0" time="8.88">
    <testcase time="6.01800000000003" classname="ds.quantileMean_arg_test_errors" name="quantileMean_erros"/>
    <testcase time="1.88299999999998" classname="ds.quantileMean_arg_test_errors" name="quantileMean_erros"/>
    <testcase time="0.978999999999985" classname="ds.quantileMean_arg_test_errors" name="quantileMean_erros"/>
  </testsuite>
  <testsuite name="ds.rbind::arg::test errors" timestamp="2020-03-24T20:06:11Z" hostname="fv-az32" tests="1" skipped="0" failures="0" errors="0" time="5.232">
    <testcase time="5.23200000000003" classname="ds.rbind_arg_test_errors" name="rbind_erros"/>
  </testsuite>
  <testsuite name="ds.rBinom::arg::test errors" timestamp="2020-03-24T20:06:17Z" hostname="fv-az32" tests="2" skipped="0" failures="0" errors="0" time="5.199">
    <testcase time="5.197" classname="ds.rBinom_arg_test_errors" name="rBinom_erros"/>
    <testcase time="0.00199999999995271" classname="ds.rBinom_arg_test_errors" name="rBinom_erros"/>
  </testsuite>
  <testsuite name="ds.recodeLevels::arg::test errors" timestamp="2020-03-24T20:06:22Z" hostname="fv-az32" tests="4" skipped="0" failures="0" errors="0" time="7.426">
    <testcase time="5.17400000000004" classname="ds.recodeLevels_arg_test_errors" name="recodeLevels_erros"/>
    <testcase time="0.0450000000000159" classname="ds.recodeLevels_arg_test_errors" name="recodeLevels_erros"/>
    <testcase time="0.967999999999961" classname="ds.recodeLevels_arg_test_errors" name="recodeLevels_erros"/>
    <testcase time="1.23900000000003" classname="ds.recodeLevels_arg_test_errors" name="recodeLevels_erros"/>
  </testsuite>
  <testsuite name="ds.recodeValues::arg::test errors" timestamp="2020-03-24T20:06:29Z" hostname="fv-az32" tests="6" skipped="0" failures="0" errors="0" time="5.427">
    <testcase time="5.27599999999995" classname="ds.recodeValues_arg_test_errors" name="recodeValues_erros"/>
    <testcase time="0.113" classname="ds.recodeValues_arg_test_errors" name="recodeValues_erros"/>
    <testcase time="0.007000000000005" classname="ds.recodeValues_arg_test_errors" name="recodeValues_erros"/>
    <testcase time="0.0180000000000291" classname="ds.recodeValues_arg_test_errors" name="recodeValues_erros"/>
    <testcase time="0.00599999999997181" classname="ds.recodeValues_arg_test_errors" name="recodeValues_erros"/>
    <testcase time="0.007000000000005" classname="ds.recodeValues_arg_test_errors" name="recodeValues_erros"/>
  </testsuite>
  <testsuite name="ds.replaceNA::arg::test errors" timestamp="2020-03-24T20:06:35Z" hostname="fv-az32" tests="2" skipped="0" failures="0" errors="0" time="5.269">
    <testcase time="5.20800000000003" classname="ds.replaceNA_arg_test_errors" name="simple_ds.replaceNA_errors"/>
    <testcase time="0.0609999999999786" classname="ds.replaceNA_arg_test_errors" name="simple_ds.replaceNA_errors"/>
  </testsuite>
  <testsuite name="ds.rep::arg::setup" timestamp="2020-03-24T20:06:35Z" hostname="fv-az32" tests="0" skipped="0" failures="0" errors="0" time="0"/>
  <testsuite name="ds.rep::arg::test errors" timestamp="2020-03-24T20:06:40Z" hostname="fv-az32" tests="1" skipped="0" failures="0" errors="0" time="5.125">
    <testcase time="5.125" classname="ds.rep_arg_test_errors" name="ds.rep_erros"/>
  </testsuite>
  <testsuite name="ds.rep::arg::shutdown" timestamp="2020-03-24T20:06:40Z" hostname="fv-az32" tests="0" skipped="0" failures="0" errors="0" time="0"/>
  <testsuite name="ds.rep::arg::done" timestamp="2020-03-24T20:06:40Z" hostname="fv-az32" tests="0" skipped="0" failures="0" errors="0" time="0"/>
  <testsuite name="ds.reShape::arg::test errors" timestamp="2020-03-24T20:06:45Z" hostname="fv-az32" tests="4" skipped="0" failures="0" errors="0" time="5.398">
    <testcase time="5.29900000000004" classname="ds.reShape_arg_test_errors" name="reShape_erros"/>
    <testcase time="0.0839999999999463" classname="ds.reShape_arg_test_errors" name="reShape_erros"/>
    <testcase time="0.0080000000000382" classname="ds.reShape_arg_test_errors" name="reShape_erros"/>
    <testcase time="0.007000000000005" classname="ds.reShape_arg_test_errors" name="reShape_erros"/>
  </testsuite>
  <testsuite name="ds.rm::arg::test errors" timestamp="2020-03-24T20:06:50Z" hostname="fv-az32" tests="1" skipped="0" failures="0" errors="0" time="5.193">
    <testcase time="5.19299999999998" classname="ds.rm_arg_test_errors" name="ds.rm_erros"/>
  </testsuite>
  <testsuite name="ds.rNorm::arg::test errors" timestamp="2020-03-24T20:06:56Z" hostname="fv-az32" tests="2" skipped="0" failures="0" errors="0" time="5.26">
    <testcase time="5.25799999999998" classname="ds.rNorm_arg_test_errors" name="rNorm_erros"/>
    <testcase time="0.00200000000000955" classname="ds.rNorm_arg_test_errors" name="rNorm_erros"/>
  </testsuite>
  <testsuite name="ds.rowColCalc::arg::test errors" timestamp="2020-03-24T20:07:01Z" hostname="fv-az32" tests="3" skipped="0" failures="0" errors="0" time="12.935">
    <testcase time="5.16399999999999" classname="ds.rowColCalc_arg_test_errors" name="rowColCalc_errors"/>
    <testcase time="3.92200000000003" classname="ds.rowColCalc_arg_test_errors" name="rowColCalc_errors"/>
    <testcase time="3.84900000000005" classname="ds.rowColCalc_arg_test_errors" name="rowColCalc_errors"/>
  </testsuite>
  <testsuite name="ds.rPois::arg::test errors" timestamp="2020-03-24T20:07:14Z" hostname="fv-az32" tests="2" skipped="0" failures="0" errors="0" time="5.201">
    <testcase time="5.19999999999999" classname="ds.rPois_arg_test_errors" name="rPois_erros"/>
    <testcase time="0.000999999999976353" classname="ds.rPois_arg_test_errors" name="rPois_erros"/>
  </testsuite>
  <testsuite name="ds.rUnif::arg::test errors" timestamp="2020-03-24T20:07:19Z" hostname="fv-az32" tests="2" skipped="0" failures="0" errors="0" time="5.165">
    <testcase time="5.16399999999999" classname="ds.rUnif_arg_test_errors" name="rUnif_erros"/>
    <testcase time="0.0010000000000332" classname="ds.rUnif_arg_test_errors" name="rUnif_erros"/>
  </testsuite>
  <testsuite name="ds.seq::arg::test errors" timestamp="2020-03-24T20:07:24Z" hostname="fv-az32" tests="1" skipped="0" failures="0" errors="0" time="5.121">
    <testcase time="5.12099999999998" classname="ds.seq_arg_test_errors" name="seq_erros"/>
  </testsuite>
  <testsuite name="ds.setSeed::arg::test errors" timestamp="2020-03-24T20:07:29Z" hostname="fv-az32" tests="1" skipped="0" failures="0" errors="0" time="5.197">
    <testcase time="5.197" classname="ds.setSeed_arg_test_errors" name="setSeed_erros"/>
  </testsuite>
  <testsuite name="ds.subsetByClass::arg::test errors" timestamp="2020-03-24T20:07:35Z" hostname="fv-az32" tests="2" skipped="0" failures="0" errors="0" time="6.261">
    <testcase time="5.23099999999999" classname="ds.subsetByClass_arg_test_errors" name="subsetByClass_erros"/>
    <testcase time="1.03000000000003" classname="ds.subsetByClass_arg_test_errors" name="subsetByClass_erros"/>
  </testsuite>
  <testsuite name="ds.subset::arg::test errors" timestamp="2020-03-24T20:07:41Z" hostname="fv-az32" tests="1" skipped="0" failures="0" errors="0" time="5.244">
    <testcase time="5.24399999999997" classname="ds.subset_arg_test_errors" name="subset_erros"/>
  </testsuite>
  <testsuite name="ds.summary::arg::test errors" timestamp="2020-03-24T20:07:46Z" hostname="fv-az32" tests="1" skipped="0" failures="0" errors="0" time="5.234">
    <testcase time="5.23400000000004" classname="ds.summary_arg_test_errors" name="summary_erros"/>
  </testsuite>
  <testsuite name="ds.table1D::arg::test errors" timestamp="2020-03-24T20:07:51Z" hostname="fv-az32" tests="2" skipped="0" failures="0" errors="0" time="6.562">
    <testcase time="5.21299999999997" classname="ds.table1D_arg_test_errors" name="table1D_erros"/>
    <testcase time="1.34899999999999" classname="ds.table1D_arg_test_errors" name="table1D_erros"/>
  </testsuite>
  <testsuite name="ds.table2D::arg::test errors" timestamp="2020-03-24T20:07:58Z" hostname="fv-az32" tests="1" skipped="0" failures="0" errors="0" time="5.318">
    <testcase time="5.31800000000004" classname="ds.table2D_arg_test_errors" name="table2D_erros"/>
  </testsuite>
  <testsuite name="ds.table::arg::test rvar has value" timestamp="2020-03-24T20:08:03Z" hostname="fv-az32" tests="1" skipped="0" failures="0" errors="0" time="5.273">
    <testcase time="5.27300000000002" classname="ds.table_arg_test_rvar_has_value" name="table_rvar_has_value"/>
  </testsuite>
  <testsuite name="ds.table::arg::test cvar has value" timestamp="2020-03-24T20:08:03Z" hostname="fv-az32" tests="1" skipped="0" failures="0" errors="0" time="1.268">
    <testcase time="1.26799999999992" classname="ds.table_arg_test_cvar_has_value" name="table_cvar_has_value"/>
  </testsuite>
  <testsuite name="ds.table::arg::test stvar has value" timestamp="2020-03-24T20:08:04Z" hostname="fv-az32" tests="1" skipped="0" failures="0" errors="0" time="0.006">
    <testcase time="0.00600000000008549" classname="ds.table_arg_test_stvar_has_value" name="table_stvar_has_value"/>
  </testsuite>
  <testsuite name="ds.table::arg::test stvar has CORRECT value" timestamp="2020-03-24T20:08:04Z" hostname="fv-az32" tests="1" skipped="0" failures="0" errors="0" time="0.005">
    <testcase time="0.00499999999999545" classname="ds.table_arg_test_stvar_has_CORRECT_value" name="table_useNA_has_value"/>
  </testsuite>
  <testsuite name="ds.table::arg::test force.nfilter has value" timestamp="2020-03-24T20:08:04Z" hostname="fv-az32" tests="1" skipped="0" failures="0" errors="0" time="0.005">
    <testcase time="0.00499999999999545" classname="ds.table_arg_test_force.nfilter_has_value" name="table_force.nfilter_has_value"/>
  </testsuite>
  <testsuite name="ds.tapply.assign::arg::test errors" timestamp="2020-03-24T20:08:10Z" hostname="fv-az32" tests="8" skipped="0" failures="0" errors="0" time="5.251">
    <testcase time="5.17399999999998" classname="ds.tapply.assign_arg_test_errors" name="tapply_erros"/>
    <testcase time="0.00199999999995271" classname="ds.tapply.assign_arg_test_errors" name="tapply_erros"/>
    <testcase time="0.0660000000000309" classname="ds.tapply.assign_arg_test_errors" name="tapply_erros"/>
    <testcase time="0.00199999999995271" classname="ds.tapply.assign_arg_test_errors" name="tapply_erros"/>
    <testcase time="0.00100000000009004" classname="ds.tapply.assign_arg_test_errors" name="tapply_erros"/>
    <testcase time="0.00199999999995271" classname="ds.tapply.assign_arg_test_errors" name="tapply_erros"/>
    <testcase time="0.00199999999995271" classname="ds.tapply.assign_arg_test_errors" name="tapply_erros"/>
    <testcase time="0.00200000000006639" classname="ds.tapply.assign_arg_test_errors" name="tapply_erros"/>
  </testsuite>
  <testsuite name="ds.tapply::arg::test errors" timestamp="2020-03-24T20:08:15Z" hostname="fv-az32" tests="8" skipped="0" failures="0" errors="0" time="5.242">
    <testcase time="5.21199999999999" classname="ds.tapply_arg_test_errors" name="tapply_erros"/>
    <testcase time="0.000999999999976353" classname="ds.tapply_arg_test_errors" name="tapply_erros"/>
    <testcase time="0.0220000000000482" classname="ds.tapply_arg_test_errors" name="tapply_erros"/>
    <testcase time="0.00199999999995271" classname="ds.tapply_arg_test_errors" name="tapply_erros"/>
    <testcase time="0.000999999999976353" classname="ds.tapply_arg_test_errors" name="tapply_erros"/>
    <testcase time="0.00200000000006639" classname="ds.tapply_arg_test_errors" name="tapply_erros"/>
    <testcase time="0.000999999999976353" classname="ds.tapply_arg_test_errors" name="tapply_erros"/>
    <testcase time="0.000999999999976353" classname="ds.tapply_arg_test_errors" name="tapply_erros"/>
  </testsuite>
  <testsuite name="ds.testObjExists::arg::test errors" timestamp="2020-03-24T20:08:20Z" hostname="fv-az32" tests="1" skipped="0" failures="0" errors="0" time="5.185">
    <testcase time="5.18500000000006" classname="ds.testObjExists_arg_test_errors" name="testObjExists_erros"/>
  </testsuite>
  <testsuite name="ds.unList::arg::test errors" timestamp="2020-03-24T20:08:25Z" hostname="fv-az32" tests="1" skipped="0" failures="0" errors="0" time="5.155">
    <testcase time="5.15499999999997" classname="ds.unList_arg_test_errors" name="unList_erros"/>
  </testsuite>
  <testsuite name="ds.var::arg::test errors" timestamp="2020-03-24T20:08:31Z" hostname="fv-az32" tests="2" skipped="0" failures="0" errors="0" time="7.21">
    <testcase time="6.12" classname="ds.var_arg_test_errors" name="var_erros"/>
    <testcase time="1.09000000000003" classname="ds.var_arg_test_errors" name="var_erros"/>
  </testsuite>
  <testsuite name="ds.vectorCalc::arg::test errors" timestamp="2020-03-24T20:08:38Z" hostname="fv-az32" tests="1" skipped="0" failures="0" errors="0" time="5.253">
    <testcase time="5.25299999999993" classname="ds.vectorCalc_arg_test_errors" name="ds.vectorCalc_erros"/>
  </testsuite>
  <testsuite name="CLUSTER_INT::datachk::setup" timestamp="2020-03-24T20:08:38Z" hostname="fv-az32" tests="3" skipped="0" failures="0" errors="0" time="5.507">
    <testcase time="5.50400000000002" classname="CLUSTER_INT_datachk_setup" name="setup"/>
    <testcase time="0.000999999999976353" classname="CLUSTER_INT_datachk_setup" name="setup"/>
    <testcase time="0.00200000000006639" classname="CLUSTER_INT_datachk_setup" name="setup"/>
  </testsuite>
  <testsuite name="CLUSTER_INT::datachk" timestamp="2020-03-24T20:08:43Z" hostname="fv-az32" tests="230" skipped="0" failures="0" errors="0" time="14.112">
    <testcase time="0.571000000000026" classname="CLUSTER_INT_datachk" name="Check_CLUSTER_INT_dataset"/>
    <testcase time="0.00199999999995271" classname="CLUSTER_INT_datachk" name="Check_CLUSTER_INT_dataset"/>
    <testcase time="0.00200000000006639" classname="CLUSTER_INT_datachk" name="Check_CLUSTER_INT_dataset"/>
    <testcase time="0.000999999999976353" classname="CLUSTER_INT_datachk" name="Check_CLUSTER_INT_dataset"/>
    <testcase time="0.00199999999995271" classname="CLUSTER_INT_datachk" name="Check_CLUSTER_INT_dataset"/>
    <testcase time="0.000999999999976353" classname="CLUSTER_INT_datachk" name="Check_CLUSTER_INT_dataset"/>
    <testcase time="0.00200000000006639" classname="CLUSTER_INT_datachk" name="Check_CLUSTER_INT_dataset"/>
    <testcase time="0.286999999999921" classname="CLUSTER_INT_datachk" name="Check_CLUSTER_INT_dataset"/>
    <testcase time="0.00200000000006639" classname="CLUSTER_INT_datachk" name="Check_CLUSTER_INT_dataset"/>
    <testcase time="0.00199999999995271" classname="CLUSTER_INT_datachk" name="Check_CLUSTER_INT_dataset"/>
    <testcase time="0.000999999999976353" classname="CLUSTER_INT_datachk" name="Check_CLUSTER_INT_dataset"/>
    <testcase time="0.00200000000006639" classname="CLUSTER_INT_datachk" name="Check_CLUSTER_INT_dataset"/>
    <testcase time="0.000999999999976353" classname="CLUSTER_INT_datachk" name="Check_CLUSTER_INT_dataset"/>
    <testcase time="0.000999999999976353" classname="CLUSTER_INT_datachk" name="Check_CLUSTER_INT_dataset"/>
    <testcase time="0.000999999999976353" classname="CLUSTER_INT_datachk" name="Check_CLUSTER_INT_dataset"/>
    <testcase time="1.24699999999996" classname="CLUSTER_INT_datachk" name="Check_CLUSTER_INT_dataset"/>
    <testcase time="0.000999999999976353" classname="CLUSTER_INT_datachk" name="Check_CLUSTER_INT_dataset"/>
    <testcase time="0.00200000000006639" classname="CLUSTER_INT_datachk" name="Check_CLUSTER_INT_dataset"/>
    <testcase time="0.00199999999995271" classname="CLUSTER_INT_datachk" name="Check_CLUSTER_INT_dataset"/>
    <testcase time="0.00200000000006639" classname="CLUSTER_INT_datachk" name="Check_CLUSTER_INT_dataset"/>
    <testcase time="0.000999999999976353" classname="CLUSTER_INT_datachk" name="Check_CLUSTER_INT_dataset"/>
    <testcase time="0.00199999999995271" classname="CLUSTER_INT_datachk" name="Check_CLUSTER_INT_dataset"/>
    <testcase time="0.567999999999984" classname="CLUSTER_INT_datachk" name="Check_CLUSTER_INT_dataset"/>
    <testcase time="0.00200000000006639" classname="CLUSTER_INT_datachk" name="Check_CLUSTER_INT_dataset"/>
    <testcase time="0.00199999999995271" classname="CLUSTER_INT_datachk" name="Check_CLUSTER_INT_dataset"/>
    <testcase time="0.00200000000006639" classname="CLUSTER_INT_datachk" name="Check_CLUSTER_INT_dataset"/>
    <testcase time="0.000999999999976353" classname="CLUSTER_INT_datachk" name="Check_CLUSTER_INT_dataset"/>
    <testcase time="0.00199999999995271" classname="CLUSTER_INT_datachk" name="Check_CLUSTER_INT_dataset"/>
    <testcase time="0.00200000000006639" classname="CLUSTER_INT_datachk" name="Check_CLUSTER_INT_dataset"/>
    <testcase time="0.293999999999983" classname="CLUSTER_INT_datachk" name="Check_CLUSTER_INT_dataset"/>
    <testcase time="0.00199999999995271" classname="CLUSTER_INT_datachk" name="Check_CLUSTER_INT_dataset"/>
    <testcase time="0.00300000000004275" classname="CLUSTER_INT_datachk" name="Check_CLUSTER_INT_dataset"/>
    <testcase time="0.00199999999995271" classname="CLUSTER_INT_datachk" name="Check_CLUSTER_INT_dataset"/>
    <testcase time="0.00200000000006639" classname="CLUSTER_INT_datachk" name="Check_CLUSTER_INT_dataset"/>
    <testcase time="0.00199999999995271" classname="CLUSTER_INT_datachk" name="Check_CLUSTER_INT_dataset"/>
    <testcase time="0.00199999999995271" classname="CLUSTER_INT_datachk" name="Check_CLUSTER_INT_dataset"/>
    <testcase time="0.00200000000006639" classname="CLUSTER_INT_datachk" name="Check_CLUSTER_INT_dataset"/>
    <testcase time="0.00199999999995271" classname="CLUSTER_INT_datachk" name="Check_CLUSTER_INT_dataset"/>
    <testcase time="0.555000000000064" classname="CLUSTER_INT_datachk" name="Check_CLUSTER_INT_dataset"/>
    <testcase time="0.00199999999995271" classname="CLUSTER_INT_datachk" name="Check_CLUSTER_INT_dataset"/>
    <testcase time="0.00200000000006639" classname="CLUSTER_INT_datachk" name="Check_CLUSTER_INT_dataset"/>
    <testcase time="0.00199999999995271" classname="CLUSTER_INT_datachk" name="Check_CLUSTER_INT_dataset"/>
    <testcase time="0.00199999999995271" classname="CLUSTER_INT_datachk" name="Check_CLUSTER_INT_dataset"/>
    <testcase time="0.00200000000006639" classname="CLUSTER_INT_datachk" name="Check_CLUSTER_INT_dataset"/>
    <testcase time="0.00199999999995271" classname="CLUSTER_INT_datachk" name="Check_CLUSTER_INT_dataset"/>
    <testcase time="0.274999999999977" classname="CLUSTER_INT_datachk" name="Check_CLUSTER_INT_dataset"/>
    <testcase time="0.00300000000004275" classname="CLUSTER_INT_datachk" name="Check_CLUSTER_INT_dataset"/>
    <testcase time="0.00199999999995271" classname="CLUSTER_INT_datachk" name="Check_CLUSTER_INT_dataset"/>
    <testcase time="0.00300000000004275" classname="CLUSTER_INT_datachk" name="Check_CLUSTER_INT_dataset"/>
    <testcase time="0.00200000000006639" classname="CLUSTER_INT_datachk" name="Check_CLUSTER_INT_dataset"/>
    <testcase time="0.00199999999995271" classname="CLUSTER_INT_datachk" name="Check_CLUSTER_INT_dataset"/>
    <testcase time="0.00300000000004275" classname="CLUSTER_INT_datachk" name="Check_CLUSTER_INT_dataset"/>
    <testcase time="0.00199999999995271" classname="CLUSTER_INT_datachk" name="Check_CLUSTER_INT_dataset"/>
    <testcase time="0.00199999999995271" classname="CLUSTER_INT_datachk" name="Check_CLUSTER_INT_dataset"/>
    <testcase time="0.568000000000097" classname="CLUSTER_INT_datachk" name="Check_CLUSTER_INT_dataset"/>
    <testcase time="0.00199999999995271" classname="CLUSTER_INT_datachk" name="Check_CLUSTER_INT_dataset"/>
    <testcase time="0.00300000000004275" classname="CLUSTER_INT_datachk" name="Check_CLUSTER_INT_dataset"/>
    <testcase time="0.00199999999995271" classname="CLUSTER_INT_datachk" name="Check_CLUSTER_INT_dataset"/>
    <testcase time="0.00199999999995271" classname="CLUSTER_INT_datachk" name="Check_CLUSTER_INT_dataset"/>
    <testcase time="0.00300000000004275" classname="CLUSTER_INT_datachk" name="Check_CLUSTER_INT_dataset"/>
    <testcase time="0.00300000000004275" classname="CLUSTER_INT_datachk" name="Check_CLUSTER_INT_dataset"/>
    <testcase time="0.278999999999996" classname="CLUSTER_INT_datachk" name="Check_CLUSTER_INT_dataset"/>
    <testcase time="0.00199999999995271" classname="CLUSTER_INT_datachk" name="Check_CLUSTER_INT_dataset"/>
    <testcase time="0.00300000000004275" classname="CLUSTER_INT_datachk" name="Check_CLUSTER_INT_dataset"/>
    <testcase time="0.00199999999995271" classname="CLUSTER_INT_datachk" name="Check_CLUSTER_INT_dataset"/>
    <testcase time="0.00300000000004275" classname="CLUSTER_INT_datachk" name="Check_CLUSTER_INT_dataset"/>
    <testcase time="0.00199999999995271" classname="CLUSTER_INT_datachk" name="Check_CLUSTER_INT_dataset"/>
    <testcase time="0.0040000000000191" classname="CLUSTER_INT_datachk" name="Check_CLUSTER_INT_dataset"/>
    <testcase time="0.00200000000006639" classname="CLUSTER_INT_datachk" name="Check_CLUSTER_INT_dataset"/>
    <testcase time="0.00299999999992906" classname="CLUSTER_INT_datachk" name="Check_CLUSTER_INT_dataset"/>
    <testcase time="0.551000000000045" classname="CLUSTER_INT_datachk" name="Check_CLUSTER_INT_dataset"/>
    <testcase time="0.00199999999995271" classname="CLUSTER_INT_datachk" name="Check_CLUSTER_INT_dataset"/>
    <testcase time="0.0040000000000191" classname="CLUSTER_INT_datachk" name="Check_CLUSTER_INT_dataset"/>
    <testcase time="0.00200000000006639" classname="CLUSTER_INT_datachk" name="Check_CLUSTER_INT_dataset"/>
    <testcase time="0.00299999999992906" classname="CLUSTER_INT_datachk" name="Check_CLUSTER_INT_dataset"/>
    <testcase time="0.00300000000004275" classname="CLUSTER_INT_datachk" name="Check_CLUSTER_INT_dataset"/>
    <testcase time="0.00199999999995271" classname="CLUSTER_INT_datachk" name="Check_CLUSTER_INT_dataset"/>
    <testcase time="0.276000000000067" classname="CLUSTER_INT_datachk" name="Check_CLUSTER_INT_dataset"/>
    <testcase time="0.00299999999992906" classname="CLUSTER_INT_datachk" name="Check_CLUSTER_INT_dataset"/>
    <testcase time="0.00300000000004275" classname="CLUSTER_INT_datachk" name="Check_CLUSTER_INT_dataset"/>
    <testcase time="0.00999999999999091" classname="CLUSTER_INT_datachk" name="Check_CLUSTER_INT_dataset"/>
    <testcase time="0.00300000000004275" classname="CLUSTER_INT_datachk" name="Check_CLUSTER_INT_dataset"/>
    <testcase time="0.00199999999995271" classname="CLUSTER_INT_datachk" name="Check_CLUSTER_INT_dataset"/>
    <testcase time="0.00300000000004275" classname="CLUSTER_INT_datachk" name="Check_CLUSTER_INT_dataset"/>
    <testcase time="0.00299999999992906" classname="CLUSTER_INT_datachk" name="Check_CLUSTER_INT_dataset"/>
    <testcase time="0.00200000000006639" classname="CLUSTER_INT_datachk" name="Check_CLUSTER_INT_dataset"/>
    <testcase time="0.552999999999997" classname="CLUSTER_INT_datachk" name="Check_CLUSTER_INT_dataset"/>
    <testcase time="0.00299999999992906" classname="CLUSTER_INT_datachk" name="Check_CLUSTER_INT_dataset"/>
    <testcase time="0.00200000000006639" classname="CLUSTER_INT_datachk" name="Check_CLUSTER_INT_dataset"/>
    <testcase time="0.00299999999992906" classname="CLUSTER_INT_datachk" name="Check_CLUSTER_INT_dataset"/>
    <testcase time="0.00200000000006639" classname="CLUSTER_INT_datachk" name="Check_CLUSTER_INT_dataset"/>
    <testcase time="0.00299999999992906" classname="CLUSTER_INT_datachk" name="Check_CLUSTER_INT_dataset"/>
    <testcase time="0.00200000000006639" classname="CLUSTER_INT_datachk" name="Check_CLUSTER_INT_dataset"/>
    <testcase time="0.280999999999949" classname="CLUSTER_INT_datachk" name="Check_CLUSTER_INT_dataset"/>
    <testcase time="0.00300000000004275" classname="CLUSTER_INT_datachk" name="Check_CLUSTER_INT_dataset"/>
    <testcase time="0.00299999999992906" classname="CLUSTER_INT_datachk" name="Check_CLUSTER_INT_dataset"/>
    <testcase time="0.00300000000004275" classname="CLUSTER_INT_datachk" name="Check_CLUSTER_INT_dataset"/>
    <testcase time="0.00300000000004275" classname="CLUSTER_INT_datachk" name="Check_CLUSTER_INT_dataset"/>
    <testcase time="0.00299999999992906" classname="CLUSTER_INT_datachk" name="Check_CLUSTER_INT_dataset"/>
    <testcase time="0.00300000000004275" classname="CLUSTER_INT_datachk" name="Check_CLUSTER_INT_dataset"/>
    <testcase time="0.0040000000000191" classname="CLUSTER_INT_datachk" name="Check_CLUSTER_INT_dataset"/>
    <testcase time="0.0040000000000191" classname="CLUSTER_INT_datachk" name="Check_CLUSTER_INT_dataset"/>
    <testcase time="0.572000000000003" classname="CLUSTER_INT_datachk" name="Check_CLUSTER_INT_dataset"/>
    <testcase time="0.00299999999992906" classname="CLUSTER_INT_datachk" name="Check_CLUSTER_INT_dataset"/>
    <testcase time="0.00200000000006639" classname="CLUSTER_INT_datachk" name="Check_CLUSTER_INT_dataset"/>
    <testcase time="0.00300000000004275" classname="CLUSTER_INT_datachk" name="Check_CLUSTER_INT_dataset"/>
    <testcase time="0.00299999999992906" classname="CLUSTER_INT_datachk" name="Check_CLUSTER_INT_dataset"/>
    <testcase time="0.00300000000004275" classname="CLUSTER_INT_datachk" name="Check_CLUSTER_INT_dataset"/>
    <testcase time="0.0040000000000191" classname="CLUSTER_INT_datachk" name="Check_CLUSTER_INT_dataset"/>
    <testcase time="0.27699999999993" classname="CLUSTER_INT_datachk" name="Check_CLUSTER_INT_dataset"/>
    <testcase time="0.00300000000004275" classname="CLUSTER_INT_datachk" name="Check_CLUSTER_INT_dataset"/>
    <testcase time="0.00299999999992906" classname="CLUSTER_INT_datachk" name="Check_CLUSTER_INT_dataset"/>
    <testcase time="0.00300000000004275" classname="CLUSTER_INT_datachk" name="Check_CLUSTER_INT_dataset"/>
    <testcase time="0.0040000000000191" classname="CLUSTER_INT_datachk" name="Check_CLUSTER_INT_dataset"/>
    <testcase time="0.00300000000004275" classname="CLUSTER_INT_datachk" name="Check_CLUSTER_INT_dataset"/>
    <testcase time="0.00299999999992906" classname="CLUSTER_INT_datachk" name="Check_CLUSTER_INT_dataset"/>
    <testcase time="0.0040000000000191" classname="CLUSTER_INT_datachk" name="Check_CLUSTER_INT_dataset"/>
    <testcase time="0.00300000000004275" classname="CLUSTER_INT_datachk" name="Check_CLUSTER_INT_dataset"/>
    <testcase time="0.548999999999978" classname="CLUSTER_INT_datachk" name="Check_CLUSTER_INT_dataset"/>
    <testcase time="0.00299999999992906" classname="CLUSTER_INT_datachk" name="Check_CLUSTER_INT_dataset"/>
    <testcase time="0.0130000000000337" classname="CLUSTER_INT_datachk" name="Check_CLUSTER_INT_dataset"/>
    <testcase time="0.00300000000004275" classname="CLUSTER_INT_datachk" name="Check_CLUSTER_INT_dataset"/>
    <testcase time="0.0040000000000191" classname="CLUSTER_INT_datachk" name="Check_CLUSTER_INT_dataset"/>
    <testcase time="0.00199999999995271" classname="CLUSTER_INT_datachk" name="Check_CLUSTER_INT_dataset"/>
    <testcase time="0.00300000000004275" classname="CLUSTER_INT_datachk" name="Check_CLUSTER_INT_dataset"/>
    <testcase time="0.271999999999935" classname="CLUSTER_INT_datachk" name="Check_CLUSTER_INT_dataset"/>
    <testcase time="0.0040000000000191" classname="CLUSTER_INT_datachk" name="Check_CLUSTER_INT_dataset"/>
    <testcase time="0.00300000000004275" classname="CLUSTER_INT_datachk" name="Check_CLUSTER_INT_dataset"/>
    <testcase time="0.00299999999992906" classname="CLUSTER_INT_datachk" name="Check_CLUSTER_INT_dataset"/>
    <testcase time="0.00300000000004275" classname="CLUSTER_INT_datachk" name="Check_CLUSTER_INT_dataset"/>
    <testcase time="0.0040000000000191" classname="CLUSTER_INT_datachk" name="Check_CLUSTER_INT_dataset"/>
    <testcase time="0.00300000000004275" classname="CLUSTER_INT_datachk" name="Check_CLUSTER_INT_dataset"/>
    <testcase time="0.00399999999990541" classname="CLUSTER_INT_datachk" name="Check_CLUSTER_INT_dataset"/>
    <testcase time="0.00300000000004275" classname="CLUSTER_INT_datachk" name="Check_CLUSTER_INT_dataset"/>
    <testcase time="0.546000000000049" classname="CLUSTER_INT_datachk" name="Check_CLUSTER_INT_dataset"/>
    <testcase time="0.00399999999990541" classname="CLUSTER_INT_datachk" name="Check_CLUSTER_INT_dataset"/>
    <testcase time="0.0040000000000191" classname="CLUSTER_INT_datachk" name="Check_CLUSTER_INT_dataset"/>
    <testcase time="0.0040000000000191" classname="CLUSTER_INT_datachk" name="Check_CLUSTER_INT_dataset"/>
    <testcase time="0.0040000000000191" classname="CLUSTER_INT_datachk" name="Check_CLUSTER_INT_dataset"/>
    <testcase time="0.0040000000000191" classname="CLUSTER_INT_datachk" name="Check_CLUSTER_INT_dataset"/>
    <testcase time="0.00499999999999545" classname="CLUSTER_INT_datachk" name="Check_CLUSTER_INT_dataset"/>
    <testcase time="0.293000000000006" classname="CLUSTER_INT_datachk" name="Check_CLUSTER_INT_dataset"/>
    <testcase time="0.0040000000000191" classname="CLUSTER_INT_datachk" name="Check_CLUSTER_INT_dataset"/>
    <testcase time="0.00299999999992906" classname="CLUSTER_INT_datachk" name="Check_CLUSTER_INT_dataset"/>
    <testcase time="0.00300000000004275" classname="CLUSTER_INT_datachk" name="Check_CLUSTER_INT_dataset"/>
    <testcase time="0.0040000000000191" classname="CLUSTER_INT_datachk" name="Check_CLUSTER_INT_dataset"/>
    <testcase time="0.0040000000000191" classname="CLUSTER_INT_datachk" name="Check_CLUSTER_INT_dataset"/>
    <testcase time="0.0040000000000191" classname="CLUSTER_INT_datachk" name="Check_CLUSTER_INT_dataset"/>
    <testcase time="0.00399999999990541" classname="CLUSTER_INT_datachk" name="Check_CLUSTER_INT_dataset"/>
    <testcase time="0.0040000000000191" classname="CLUSTER_INT_datachk" name="Check_CLUSTER_INT_dataset"/>
    <testcase time="0.567000000000007" classname="CLUSTER_INT_datachk" name="Check_CLUSTER_INT_dataset"/>
    <testcase time="0.0040000000000191" classname="CLUSTER_INT_datachk" name="Check_CLUSTER_INT_dataset"/>
    <testcase time="0.00300000000004275" classname="CLUSTER_INT_datachk" name="Check_CLUSTER_INT_dataset"/>
    <testcase time="0.00399999999990541" classname="CLUSTER_INT_datachk" name="Check_CLUSTER_INT_dataset"/>
    <testcase time="0.0040000000000191" classname="CLUSTER_INT_datachk" name="Check_CLUSTER_INT_dataset"/>
    <testcase time="0.0040000000000191" classname="CLUSTER_INT_datachk" name="Check_CLUSTER_INT_dataset"/>
    <testcase time="0.0040000000000191" classname="CLUSTER_INT_datachk" name="Check_CLUSTER_INT_dataset"/>
    <testcase time="0.293000000000006" classname="CLUSTER_INT_datachk" name="Check_CLUSTER_INT_dataset"/>
    <testcase time="0.0040000000000191" classname="CLUSTER_INT_datachk" name="Check_CLUSTER_INT_dataset"/>
    <testcase time="0.0040000000000191" classname="CLUSTER_INT_datachk" name="Check_CLUSTER_INT_dataset"/>
    <testcase time="0.00399999999990541" classname="CLUSTER_INT_datachk" name="Check_CLUSTER_INT_dataset"/>
    <testcase time="0.0040000000000191" classname="CLUSTER_INT_datachk" name="Check_CLUSTER_INT_dataset"/>
    <testcase time="0.00300000000004275" classname="CLUSTER_INT_datachk" name="Check_CLUSTER_INT_dataset"/>
    <testcase time="0.0040000000000191" classname="CLUSTER_INT_datachk" name="Check_CLUSTER_INT_dataset"/>
    <testcase time="0.00399999999990541" classname="CLUSTER_INT_datachk" name="Check_CLUSTER_INT_dataset"/>
    <testcase time="0.0040000000000191" classname="CLUSTER_INT_datachk" name="Check_CLUSTER_INT_dataset"/>
    <testcase time="0.562999999999988" classname="CLUSTER_INT_datachk" name="Check_CLUSTER_INT_dataset"/>
    <testcase time="0.00300000000004275" classname="CLUSTER_INT_datachk" name="Check_CLUSTER_INT_dataset"/>
    <testcase time="0.00599999999997181" classname="CLUSTER_INT_datachk" name="Check_CLUSTER_INT_dataset"/>
    <testcase time="0.0040000000000191" classname="CLUSTER_INT_datachk" name="Check_CLUSTER_INT_dataset"/>
    <testcase time="0.0040000000000191" classname="CLUSTER_INT_datachk" name="Check_CLUSTER_INT_dataset"/>
    <testcase time="0.0040000000000191" classname="CLUSTER_INT_datachk" name="Check_CLUSTER_INT_dataset"/>
    <testcase time="0.0040000000000191" classname="CLUSTER_INT_datachk" name="Check_CLUSTER_INT_dataset"/>
    <testcase time="0.293999999999983" classname="CLUSTER_INT_datachk" name="Check_CLUSTER_INT_dataset"/>
    <testcase time="0.00499999999999545" classname="CLUSTER_INT_datachk" name="Check_CLUSTER_INT_dataset"/>
    <testcase time="0.0040000000000191" classname="CLUSTER_INT_datachk" name="Check_CLUSTER_INT_dataset"/>
    <testcase time="0.00399999999990541" classname="CLUSTER_INT_datachk" name="Check_CLUSTER_INT_dataset"/>
    <testcase time="0.0040000000000191" classname="CLUSTER_INT_datachk" name="Check_CLUSTER_INT_dataset"/>
    <testcase time="0.0040000000000191" classname="CLUSTER_INT_datachk" name="Check_CLUSTER_INT_dataset"/>
    <testcase time="0.0040000000000191" classname="CLUSTER_INT_datachk" name="Check_CLUSTER_INT_dataset"/>
    <testcase time="0.00499999999999545" classname="CLUSTER_INT_datachk" name="Check_CLUSTER_INT_dataset"/>
    <testcase time="0.00499999999999545" classname="CLUSTER_INT_datachk" name="Check_CLUSTER_INT_dataset"/>
    <testcase time="0.552000000000021" classname="CLUSTER_INT_datachk" name="Check_CLUSTER_INT_dataset"/>
    <testcase time="0.0040000000000191" classname="CLUSTER_INT_datachk" name="Check_CLUSTER_INT_dataset"/>
    <testcase time="0.00499999999999545" classname="CLUSTER_INT_datachk" name="Check_CLUSTER_INT_dataset"/>
    <testcase time="0.00499999999999545" classname="CLUSTER_INT_datachk" name="Check_CLUSTER_INT_dataset"/>
    <testcase time="0.00499999999999545" classname="CLUSTER_INT_datachk" name="Check_CLUSTER_INT_dataset"/>
    <testcase time="0.0040000000000191" classname="CLUSTER_INT_datachk" name="Check_CLUSTER_INT_dataset"/>
    <testcase time="0.00499999999999545" classname="CLUSTER_INT_datachk" name="Check_CLUSTER_INT_dataset"/>
    <testcase time="0.289999999999964" classname="CLUSTER_INT_datachk" name="Check_CLUSTER_INT_dataset"/>
    <testcase time="0.00499999999999545" classname="CLUSTER_INT_datachk" name="Check_CLUSTER_INT_dataset"/>
    <testcase time="0.00499999999999545" classname="CLUSTER_INT_datachk" name="Check_CLUSTER_INT_dataset"/>
    <testcase time="0.0040000000000191" classname="CLUSTER_INT_datachk" name="Check_CLUSTER_INT_dataset"/>
    <testcase time="0.00499999999999545" classname="CLUSTER_INT_datachk" name="Check_CLUSTER_INT_dataset"/>
    <testcase time="0.00499999999999545" classname="CLUSTER_INT_datachk" name="Check_CLUSTER_INT_dataset"/>
    <testcase time="0.0040000000000191" classname="CLUSTER_INT_datachk" name="Check_CLUSTER_INT_dataset"/>
    <testcase time="0.00499999999999545" classname="CLUSTER_INT_datachk" name="Check_CLUSTER_INT_dataset"/>
    <testcase time="0.00499999999999545" classname="CLUSTER_INT_datachk" name="Check_CLUSTER_INT_dataset"/>
    <testcase time="0.561000000000035" classname="CLUSTER_INT_datachk" name="Check_CLUSTER_INT_dataset"/>
    <testcase time="0.00499999999999545" classname="CLUSTER_INT_datachk" name="Check_CLUSTER_INT_dataset"/>
    <testcase time="0.00499999999999545" classname="CLUSTER_INT_datachk" name="Check_CLUSTER_INT_dataset"/>
    <testcase time="0.00499999999999545" classname="CLUSTER_INT_datachk" name="Check_CLUSTER_INT_dataset"/>
    <testcase time="0.00499999999999545" classname="CLUSTER_INT_datachk" name="Check_CLUSTER_INT_dataset"/>
    <testcase time="0.0040000000000191" classname="CLUSTER_INT_datachk" name="Check_CLUSTER_INT_dataset"/>
    <testcase time="0.00699999999994816" classname="CLUSTER_INT_datachk" name="Check_CLUSTER_INT_dataset"/>
    <testcase time="0.297000000000025" classname="CLUSTER_INT_datachk" name="Check_CLUSTER_INT_dataset"/>
    <testcase time="0.00499999999999545" classname="CLUSTER_INT_datachk" name="Check_CLUSTER_INT_dataset"/>
    <testcase time="0.00499999999999545" classname="CLUSTER_INT_datachk" name="Check_CLUSTER_INT_dataset"/>
    <testcase time="0.00499999999999545" classname="CLUSTER_INT_datachk" name="Check_CLUSTER_INT_dataset"/>
    <testcase time="0.0040000000000191" classname="CLUSTER_INT_datachk" name="Check_CLUSTER_INT_dataset"/>
    <testcase time="0.0040000000000191" classname="CLUSTER_INT_datachk" name="Check_CLUSTER_INT_dataset"/>
    <testcase time="0.00499999999999545" classname="CLUSTER_INT_datachk" name="Check_CLUSTER_INT_dataset"/>
    <testcase time="0.00499999999999545" classname="CLUSTER_INT_datachk" name="Check_CLUSTER_INT_dataset"/>
    <testcase time="0.00499999999999545" classname="CLUSTER_INT_datachk" name="Check_CLUSTER_INT_dataset"/>
    <testcase time="0.649999999999977" classname="CLUSTER_INT_datachk" name="Check_CLUSTER_INT_dataset"/>
    <testcase time="0.00499999999999545" classname="CLUSTER_INT_datachk" name="Check_CLUSTER_INT_dataset"/>
    <testcase time="0.00499999999999545" classname="CLUSTER_INT_datachk" name="Check_CLUSTER_INT_dataset"/>
    <testcase time="0.00600000000008549" classname="CLUSTER_INT_datachk" name="Check_CLUSTER_INT_dataset"/>
    <testcase time="0.266999999999939" classname="CLUSTER_INT_datachk" name="Check_CLUSTER_INT_dataset"/>
    <testcase time="0.00499999999999545" classname="CLUSTER_INT_datachk" name="Check_CLUSTER_INT_dataset"/>
    <testcase time="0.00499999999999545" classname="CLUSTER_INT_datachk" name="Check_CLUSTER_INT_dataset"/>
    <testcase time="0.283000000000015" classname="CLUSTER_INT_datachk" name="Check_CLUSTER_INT_dataset"/>
    <testcase time="0.00499999999999545" classname="CLUSTER_INT_datachk" name="Check_CLUSTER_INT_dataset"/>
    <testcase time="0.00499999999999545" classname="CLUSTER_INT_datachk" name="Check_CLUSTER_INT_dataset"/>
    <testcase time="0.00499999999999545" classname="CLUSTER_INT_datachk" name="Check_CLUSTER_INT_dataset"/>
    <testcase time="0.00499999999999545" classname="CLUSTER_INT_datachk" name="Check_CLUSTER_INT_dataset"/>
    <testcase time="0.00499999999999545" classname="CLUSTER_INT_datachk" name="Check_CLUSTER_INT_dataset"/>
    <testcase time="0.00600000000008549" classname="CLUSTER_INT_datachk" name="Check_CLUSTER_INT_dataset"/>
    <testcase time="0.00499999999999545" classname="CLUSTER_INT_datachk" name="Check_CLUSTER_INT_dataset"/>
    <testcase time="0.00499999999999545" classname="CLUSTER_INT_datachk" name="Check_CLUSTER_INT_dataset"/>
  </testsuite>
  <testsuite name="CLUSTER_INT::datachk::shutdown" timestamp="2020-03-24T20:08:57Z" hostname="fv-az32" tests="3" skipped="0" failures="0" errors="0" time="0.289">
    <testcase time="0.286999999999921" classname="CLUSTER_INT_datachk_shutdown" name="shutdown"/>
    <testcase time="0.00100000000009004" classname="CLUSTER_INT_datachk_shutdown" name="shutdown"/>
    <testcase time="0.000999999999976353" classname="CLUSTER_INT_datachk_shutdown" name="shutdown"/>
  </testsuite>
  <testsuite name="CLUSTER_INT::datachk::done" timestamp="2020-03-24T20:08:58Z" hostname="fv-az32" tests="0" skipped="0" failures="0" errors="0" time="0"/>
  <testsuite name="CLUSTER_SLO::datachk::setup" timestamp="2020-03-24T20:08:58Z" hostname="fv-az32" tests="3" skipped="0" failures="0" errors="0" time="6.214">
    <testcase time="6.21100000000001" classname="CLUSTER_SLO_datachk_setup" name="setup"/>
    <testcase time="0.000999999999976353" classname="CLUSTER_SLO_datachk_setup" name="setup"/>
    <testcase time="0.00199999999995271" classname="CLUSTER_SLO_datachk_setup" name="setup"/>
  </testsuite>
  <testsuite name="CLUSTER_SLO::datachk" timestamp="2020-03-24T20:09:04Z" hostname="fv-az32" tests="230" skipped="0" failures="0" errors="0" time="13.799">
    <testcase time="0.547000000000025" classname="CLUSTER_SLO_datachk" name="Check_CLUSTER_SLO_dataset"/>
    <testcase time="0.00199999999995271" classname="CLUSTER_SLO_datachk" name="Check_CLUSTER_SLO_dataset"/>
    <testcase time="0.00200000000006639" classname="CLUSTER_SLO_datachk" name="Check_CLUSTER_SLO_dataset"/>
    <testcase time="0.000999999999976353" classname="CLUSTER_SLO_datachk" name="Check_CLUSTER_SLO_dataset"/>
    <testcase time="0.000999999999976353" classname="CLUSTER_SLO_datachk" name="Check_CLUSTER_SLO_dataset"/>
    <testcase time="0.00200000000006639" classname="CLUSTER_SLO_datachk" name="Check_CLUSTER_SLO_dataset"/>
    <testcase time="0.000999999999976353" classname="CLUSTER_SLO_datachk" name="Check_CLUSTER_SLO_dataset"/>
    <testcase time="0.277000000000044" classname="CLUSTER_SLO_datachk" name="Check_CLUSTER_SLO_dataset"/>
    <testcase time="0.00199999999995271" classname="CLUSTER_SLO_datachk" name="Check_CLUSTER_SLO_dataset"/>
    <testcase time="0.000999999999976353" classname="CLUSTER_SLO_datachk" name="Check_CLUSTER_SLO_dataset"/>
    <testcase time="0.00200000000006639" classname="CLUSTER_SLO_datachk" name="Check_CLUSTER_SLO_dataset"/>
    <testcase time="0.000999999999976353" classname="CLUSTER_SLO_datachk" name="Check_CLUSTER_SLO_dataset"/>
    <testcase time="0.00199999999995271" classname="CLUSTER_SLO_datachk" name="Check_CLUSTER_SLO_dataset"/>
    <testcase time="0.000999999999976353" classname="CLUSTER_SLO_datachk" name="Check_CLUSTER_SLO_dataset"/>
    <testcase time="0.00200000000006639" classname="CLUSTER_SLO_datachk" name="Check_CLUSTER_SLO_dataset"/>
    <testcase time="1.27099999999996" classname="CLUSTER_SLO_datachk" name="Check_CLUSTER_SLO_dataset"/>
    <testcase time="0.00200000000006639" classname="CLUSTER_SLO_datachk" name="Check_CLUSTER_SLO_dataset"/>
    <testcase time="0.00199999999995271" classname="CLUSTER_SLO_datachk" name="Check_CLUSTER_SLO_dataset"/>
    <testcase time="0.000999999999976353" classname="CLUSTER_SLO_datachk" name="Check_CLUSTER_SLO_dataset"/>
    <testcase time="0.00200000000006639" classname="CLUSTER_SLO_datachk" name="Check_CLUSTER_SLO_dataset"/>
    <testcase time="0.00199999999995271" classname="CLUSTER_SLO_datachk" name="Check_CLUSTER_SLO_dataset"/>
    <testcase time="0.000999999999976353" classname="CLUSTER_SLO_datachk" name="Check_CLUSTER_SLO_dataset"/>
    <testcase time="0.543999999999983" classname="CLUSTER_SLO_datachk" name="Check_CLUSTER_SLO_dataset"/>
    <testcase time="0.00200000000006639" classname="CLUSTER_SLO_datachk" name="Check_CLUSTER_SLO_dataset"/>
    <testcase time="0.00199999999995271" classname="CLUSTER_SLO_datachk" name="Check_CLUSTER_SLO_dataset"/>
    <testcase time="0.000999999999976353" classname="CLUSTER_SLO_datachk" name="Check_CLUSTER_SLO_dataset"/>
    <testcase time="0.00200000000006639" classname="CLUSTER_SLO_datachk" name="Check_CLUSTER_SLO_dataset"/>
    <testcase time="0.00199999999995271" classname="CLUSTER_SLO_datachk" name="Check_CLUSTER_SLO_dataset"/>
    <testcase time="0.00200000000006639" classname="CLUSTER_SLO_datachk" name="Check_CLUSTER_SLO_dataset"/>
    <testcase time="0.285999999999945" classname="CLUSTER_SLO_datachk" name="Check_CLUSTER_SLO_dataset"/>
    <testcase time="0.00200000000006639" classname="CLUSTER_SLO_datachk" name="Check_CLUSTER_SLO_dataset"/>
    <testcase time="0.00199999999995271" classname="CLUSTER_SLO_datachk" name="Check_CLUSTER_SLO_dataset"/>
    <testcase time="0.00199999999995271" classname="CLUSTER_SLO_datachk" name="Check_CLUSTER_SLO_dataset"/>
    <testcase time="0.00200000000006639" classname="CLUSTER_SLO_datachk" name="Check_CLUSTER_SLO_dataset"/>
    <testcase time="0.00300000000004275" classname="CLUSTER_SLO_datachk" name="Check_CLUSTER_SLO_dataset"/>
    <testcase time="0.00199999999995271" classname="CLUSTER_SLO_datachk" name="Check_CLUSTER_SLO_dataset"/>
    <testcase time="0.00199999999995271" classname="CLUSTER_SLO_datachk" name="Check_CLUSTER_SLO_dataset"/>
    <testcase time="0.00200000000006639" classname="CLUSTER_SLO_datachk" name="Check_CLUSTER_SLO_dataset"/>
    <testcase time="0.547000000000025" classname="CLUSTER_SLO_datachk" name="Check_CLUSTER_SLO_dataset"/>
    <testcase time="0.00299999999992906" classname="CLUSTER_SLO_datachk" name="Check_CLUSTER_SLO_dataset"/>
    <testcase time="0.00200000000006639" classname="CLUSTER_SLO_datachk" name="Check_CLUSTER_SLO_dataset"/>
    <testcase time="0.00199999999995271" classname="CLUSTER_SLO_datachk" name="Check_CLUSTER_SLO_dataset"/>
    <testcase time="0.00199999999995271" classname="CLUSTER_SLO_datachk" name="Check_CLUSTER_SLO_dataset"/>
    <testcase time="0.00200000000006639" classname="CLUSTER_SLO_datachk" name="Check_CLUSTER_SLO_dataset"/>
    <testcase time="0.00199999999995271" classname="CLUSTER_SLO_datachk" name="Check_CLUSTER_SLO_dataset"/>
    <testcase time="0.271000000000072" classname="CLUSTER_SLO_datachk" name="Check_CLUSTER_SLO_dataset"/>
    <testcase time="0.00199999999995271" classname="CLUSTER_SLO_datachk" name="Check_CLUSTER_SLO_dataset"/>
    <testcase time="0.00199999999995271" classname="CLUSTER_SLO_datachk" name="Check_CLUSTER_SLO_dataset"/>
    <testcase time="0.00200000000006639" classname="CLUSTER_SLO_datachk" name="Check_CLUSTER_SLO_dataset"/>
    <testcase time="0.00299999999992906" classname="CLUSTER_SLO_datachk" name="Check_CLUSTER_SLO_dataset"/>
    <testcase time="0.00200000000006639" classname="CLUSTER_SLO_datachk" name="Check_CLUSTER_SLO_dataset"/>
    <testcase time="0.00199999999995271" classname="CLUSTER_SLO_datachk" name="Check_CLUSTER_SLO_dataset"/>
    <testcase time="0.00200000000006639" classname="CLUSTER_SLO_datachk" name="Check_CLUSTER_SLO_dataset"/>
    <testcase time="0.00199999999995271" classname="CLUSTER_SLO_datachk" name="Check_CLUSTER_SLO_dataset"/>
    <testcase time="0.579000000000065" classname="CLUSTER_SLO_datachk" name="Check_CLUSTER_SLO_dataset"/>
    <testcase time="0.00299999999992906" classname="CLUSTER_SLO_datachk" name="Check_CLUSTER_SLO_dataset"/>
    <testcase time="0.00200000000006639" classname="CLUSTER_SLO_datachk" name="Check_CLUSTER_SLO_dataset"/>
    <testcase time="0.00199999999995271" classname="CLUSTER_SLO_datachk" name="Check_CLUSTER_SLO_dataset"/>
    <testcase time="0.00199999999995271" classname="CLUSTER_SLO_datachk" name="Check_CLUSTER_SLO_dataset"/>
    <testcase time="0.00300000000004275" classname="CLUSTER_SLO_datachk" name="Check_CLUSTER_SLO_dataset"/>
    <testcase time="0.00199999999995271" classname="CLUSTER_SLO_datachk" name="Check_CLUSTER_SLO_dataset"/>
    <testcase time="0.27900000000011" classname="CLUSTER_SLO_datachk" name="Check_CLUSTER_SLO_dataset"/>
    <testcase time="0.00199999999995271" classname="CLUSTER_SLO_datachk" name="Check_CLUSTER_SLO_dataset"/>
    <testcase time="0.00300000000004275" classname="CLUSTER_SLO_datachk" name="Check_CLUSTER_SLO_dataset"/>
    <testcase time="0.00199999999995271" classname="CLUSTER_SLO_datachk" name="Check_CLUSTER_SLO_dataset"/>
    <testcase time="0.00300000000004275" classname="CLUSTER_SLO_datachk" name="Check_CLUSTER_SLO_dataset"/>
    <testcase time="0.00199999999995271" classname="CLUSTER_SLO_datachk" name="Check_CLUSTER_SLO_dataset"/>
    <testcase time="0.00300000000004275" classname="CLUSTER_SLO_datachk" name="Check_CLUSTER_SLO_dataset"/>
    <testcase time="0.00199999999995271" classname="CLUSTER_SLO_datachk" name="Check_CLUSTER_SLO_dataset"/>
    <testcase time="0.00300000000004275" classname="CLUSTER_SLO_datachk" name="Check_CLUSTER_SLO_dataset"/>
    <testcase time="0.558999999999969" classname="CLUSTER_SLO_datachk" name="Check_CLUSTER_SLO_dataset"/>
    <testcase time="0.00199999999995271" classname="CLUSTER_SLO_datachk" name="Check_CLUSTER_SLO_dataset"/>
    <testcase time="0.00300000000004275" classname="CLUSTER_SLO_datachk" name="Check_CLUSTER_SLO_dataset"/>
    <testcase time="0.00300000000004275" classname="CLUSTER_SLO_datachk" name="Check_CLUSTER_SLO_dataset"/>
    <testcase time="0.00299999999992906" classname="CLUSTER_SLO_datachk" name="Check_CLUSTER_SLO_dataset"/>
    <testcase time="0.00200000000006639" classname="CLUSTER_SLO_datachk" name="Check_CLUSTER_SLO_dataset"/>
    <testcase time="0.00399999999990541" classname="CLUSTER_SLO_datachk" name="Check_CLUSTER_SLO_dataset"/>
    <testcase time="0.280000000000086" classname="CLUSTER_SLO_datachk" name="Check_CLUSTER_SLO_dataset"/>
    <testcase time="0.0119999999999436" classname="CLUSTER_SLO_datachk" name="Check_CLUSTER_SLO_dataset"/>
    <testcase time="0.00300000000004275" classname="CLUSTER_SLO_datachk" name="Check_CLUSTER_SLO_dataset"/>
    <testcase time="0.00299999999992906" classname="CLUSTER_SLO_datachk" name="Check_CLUSTER_SLO_dataset"/>
    <testcase time="0.00200000000006639" classname="CLUSTER_SLO_datachk" name="Check_CLUSTER_SLO_dataset"/>
    <testcase time="0.00300000000004275" classname="CLUSTER_SLO_datachk" name="Check_CLUSTER_SLO_dataset"/>
    <testcase time="0.00199999999995271" classname="CLUSTER_SLO_datachk" name="Check_CLUSTER_SLO_dataset"/>
    <testcase time="0.00300000000004275" classname="CLUSTER_SLO_datachk" name="Check_CLUSTER_SLO_dataset"/>
    <testcase time="0.00199999999995271" classname="CLUSTER_SLO_datachk" name="Check_CLUSTER_SLO_dataset"/>
    <testcase time="0.552000000000021" classname="CLUSTER_SLO_datachk" name="Check_CLUSTER_SLO_dataset"/>
    <testcase time="0.00299999999992906" classname="CLUSTER_SLO_datachk" name="Check_CLUSTER_SLO_dataset"/>
    <testcase time="0.00300000000004275" classname="CLUSTER_SLO_datachk" name="Check_CLUSTER_SLO_dataset"/>
    <testcase time="0.00300000000004275" classname="CLUSTER_SLO_datachk" name="Check_CLUSTER_SLO_dataset"/>
    <testcase time="0.00299999999992906" classname="CLUSTER_SLO_datachk" name="Check_CLUSTER_SLO_dataset"/>
    <testcase time="0.00300000000004275" classname="CLUSTER_SLO_datachk" name="Check_CLUSTER_SLO_dataset"/>
    <testcase time="0.00199999999995271" classname="CLUSTER_SLO_datachk" name="Check_CLUSTER_SLO_dataset"/>
    <testcase time="0.280000000000086" classname="CLUSTER_SLO_datachk" name="Check_CLUSTER_SLO_dataset"/>
    <testcase time="0.00299999999992906" classname="CLUSTER_SLO_datachk" name="Check_CLUSTER_SLO_dataset"/>
    <testcase time="0.00300000000004275" classname="CLUSTER_SLO_datachk" name="Check_CLUSTER_SLO_dataset"/>
    <testcase time="0.00299999999992906" classname="CLUSTER_SLO_datachk" name="Check_CLUSTER_SLO_dataset"/>
[...]
    <testcase time="0.00100000000020373" classname="ds.unList_smk_simple_test" name="simple_test"/>
    <testcase time="0.00199999999995271" classname="ds.unList_smk_simple_test" name="simple_test"/>
    <testcase time="0.00100000000020373" classname="ds.unList_smk_simple_test" name="simple_test"/>
    <testcase time="0.00199999999995271" classname="ds.unList_smk_simple_test" name="simple_test"/>
    <testcase time="0.000999999999748979" classname="ds.unList_smk_simple_test" name="simple_test"/>
  </testsuite>
  <testsuite name="ds.unList::smk::shutdown" timestamp="2020-03-24T20:43:13Z" hostname="fv-az32" tests="3" skipped="0" failures="0" errors="0" time="0.294">
    <testcase time="0.291999999999916" classname="ds.unList_smk_shutdown" name="shutdown"/>
    <testcase time="0.00100000000020373" classname="ds.unList_smk_shutdown" name="shutdown"/>
    <testcase time="0.00100000000020373" classname="ds.unList_smk_shutdown" name="shutdown"/>
  </testsuite>
  <testsuite name="ds.unList::smk::done" timestamp="2020-03-24T20:43:14Z" hostname="fv-az32" tests="0" skipped="0" failures="0" errors="0" time="0"/>
  <testsuite name="ds.var::smk::setup" timestamp="2020-03-24T20:43:14Z" hostname="fv-az32" tests="3" skipped="0" failures="0" errors="0" time="5.746">
    <testcase time="5.74299999999994" classname="ds.var_smk_setup" name="setup"/>
    <testcase time="0.00199999999995271" classname="ds.var_smk_setup" name="setup"/>
    <testcase time="0.000999999999748979" classname="ds.var_smk_setup" name="setup"/>
  </testsuite>
  <testsuite name="ds.var::smk::split" timestamp="2020-03-24T20:43:19Z" hostname="fv-az32" tests="19" skipped="0" failures="0" errors="0" time="0.313">
    <testcase time="0.283000000000357" classname="ds.var_smk_split" name="simple_var_split"/>
    <testcase time="0.000999999999748979" classname="ds.var_smk_split" name="simple_var_split"/>
    <testcase time="0.00199999999995271" classname="ds.var_smk_split" name="simple_var_split"/>
    <testcase time="0.00100000000020373" classname="ds.var_smk_split" name="simple_var_split"/>
    <testcase time="0.00199999999995271" classname="ds.var_smk_split" name="simple_var_split"/>
    <testcase time="0.000999999999748979" classname="ds.var_smk_split" name="simple_var_split"/>
    <testcase time="0.00200000000040745" classname="ds.var_smk_split" name="simple_var_split"/>
    <testcase time="0.000999999999748979" classname="ds.var_smk_split" name="simple_var_split"/>
    <testcase time="0.00199999999995271" classname="ds.var_smk_split" name="simple_var_split"/>
    <testcase time="0.00100000000020373" classname="ds.var_smk_split" name="simple_var_split"/>
    <testcase time="0.00199999999995271" classname="ds.var_smk_split" name="simple_var_split"/>
    <testcase time="0.00199999999995271" classname="ds.var_smk_split" name="simple_var_split"/>
    <testcase time="0.000999999999748979" classname="ds.var_smk_split" name="simple_var_split"/>
    <testcase time="0.00400000000036016" classname="ds.var_smk_split" name="simple_var_split"/>
    <testcase time="0.000999999999748979" classname="ds.var_smk_split" name="simple_var_split"/>
    <testcase time="0.00199999999995271" classname="ds.var_smk_split" name="simple_var_split"/>
    <testcase time="0.00199999999995271" classname="ds.var_smk_split" name="simple_var_split"/>
    <testcase time="0.00200000000040745" classname="ds.var_smk_split" name="simple_var_split"/>
    <testcase time="0.000999999999748979" classname="ds.var_smk_split" name="simple_var_split"/>
  </testsuite>
  <testsuite name="ds.var::smk::combine" timestamp="2020-03-24T20:43:20Z" hostname="fv-az32" tests="11" skipped="0" failures="0" errors="0" time="0.303">
    <testcase time="0.286000000000058" classname="ds.var_smk_combine" name="simple_var_combine"/>
    <testcase time="0.00199999999995271" classname="ds.var_smk_combine" name="simple_var_combine"/>
    <testcase time="0.00100000000020373" classname="ds.var_smk_combine" name="simple_var_combine"/>
    <testcase time="0.00199999999995271" classname="ds.var_smk_combine" name="simple_var_combine"/>
    <testcase time="0.000999999999748979" classname="ds.var_smk_combine" name="simple_var_combine"/>
    <testcase time="0.00300000000015643" classname="ds.var_smk_combine" name="simple_var_combine"/>
    <testcase time="0.000999999999748979" classname="ds.var_smk_combine" name="simple_var_combine"/>
    <testcase time="0.00200000000040745" classname="ds.var_smk_combine" name="simple_var_combine"/>
    <testcase time="0.000999999999748979" classname="ds.var_smk_combine" name="simple_var_combine"/>
    <testcase time="0.00199999999995271" classname="ds.var_smk_combine" name="simple_var_combine"/>
    <testcase time="0.00199999999995271" classname="ds.var_smk_combine" name="simple_var_combine"/>
  </testsuite>
  <testsuite name="ds.var::smk::both" timestamp="2020-03-24T20:43:20Z" hostname="fv-az32" tests="24" skipped="0" failures="0" errors="0" time="0.341">
    <testcase time="0.292000000000371" classname="ds.var_smk_both" name="simple_var_both"/>
    <testcase time="0.00100000000020373" classname="ds.var_smk_both" name="simple_var_both"/>
    <testcase time="0.000999999999748979" classname="ds.var_smk_both" name="simple_var_both"/>
    <testcase time="0.00199999999995271" classname="ds.var_smk_both" name="simple_var_both"/>
    <testcase time="0.00199999999995271" classname="ds.var_smk_both" name="simple_var_both"/>
    <testcase time="0.00100000000020373" classname="ds.var_smk_both" name="simple_var_both"/>
    <testcase time="0.00199999999995271" classname="ds.var_smk_both" name="simple_var_both"/>
    <testcase time="0.00100000000020373" classname="ds.var_smk_both" name="simple_var_both"/>
    <testcase time="0.00199999999995271" classname="ds.var_smk_both" name="simple_var_both"/>
    <testcase time="0.00199999999995271" classname="ds.var_smk_both" name="simple_var_both"/>
    <testcase time="0.00199999999995271" classname="ds.var_smk_both" name="simple_var_both"/>
    <testcase time="0.012000000000171" classname="ds.var_smk_both" name="simple_var_both"/>
    <testcase time="0.000999999999748979" classname="ds.var_smk_both" name="simple_var_both"/>
    <testcase time="0.00199999999995271" classname="ds.var_smk_both" name="simple_var_both"/>
    <testcase time="0.00100000000020373" classname="ds.var_smk_both" name="simple_var_both"/>
    <testcase time="0.00199999999995271" classname="ds.var_smk_both" name="simple_var_both"/>
    <testcase time="0.00199999999995271" classname="ds.var_smk_both" name="simple_var_both"/>
    <testcase time="0.00100000000020373" classname="ds.var_smk_both" name="simple_var_both"/>
    <testcase time="0.00199999999995271" classname="ds.var_smk_both" name="simple_var_both"/>
    <testcase time="0.00299999999970169" classname="ds.var_smk_both" name="simple_var_both"/>
    <testcase time="0.00100000000020373" classname="ds.var_smk_both" name="simple_var_both"/>
    <testcase time="0.00199999999995271" classname="ds.var_smk_both" name="simple_var_both"/>
    <testcase time="0.00199999999995271" classname="ds.var_smk_both" name="simple_var_both"/>
    <testcase time="0.00199999999995271" classname="ds.var_smk_both" name="simple_var_both"/>
  </testsuite>
  <testsuite name="ds.var::smk::shutdown" timestamp="2020-03-24T20:43:20Z" hostname="fv-az32" tests="3" skipped="0" failures="0" errors="0" time="0.284">
    <testcase time="0.282000000000153" classname="ds.var_smk_shutdown" name="shutdown"/>
    <testcase time="0.000999999999748979" classname="ds.var_smk_shutdown" name="shutdown"/>
    <testcase time="0.00100000000020373" classname="ds.var_smk_shutdown" name="shutdown"/>
  </testsuite>
  <testsuite name="ds.var::smk::done" timestamp="2020-03-24T20:43:21Z" hostname="fv-az32" tests="0" skipped="0" failures="0" errors="0" time="0"/>
  <testsuite name="ds.vectorCalc::smk::setup" timestamp="2020-03-24T20:43:21Z" hostname="fv-az32" tests="3" skipped="0" failures="0" errors="0" time="5.731">
    <testcase time="5.72899999999981" classname="ds.vectorCalc_smk_setup" name="setup"/>
    <testcase time="0.00100000000020373" classname="ds.vectorCalc_smk_setup" name="setup"/>
    <testcase time="0.000999999999748979" classname="ds.vectorCalc_smk_setup" name="setup"/>
  </testsuite>
  <testsuite name="ds.vectorCalc::smk" timestamp="2020-03-24T20:43:26Z" hostname="fv-az32" tests="17" skipped="0" failures="0" errors="0" time="3.044">
    <testcase time="2.21600000000035" classname="ds.vectorCalc_smk" name="simple_test"/>
    <testcase time="0.53899999999976" classname="ds.vectorCalc_smk" name="simple_test"/>
    <testcase time="0.00100000000020373" classname="ds.vectorCalc_smk" name="simple_test"/>
    <testcase time="0.000999999999748979" classname="ds.vectorCalc_smk" name="simple_test"/>
    <testcase time="0.00199999999995271" classname="ds.vectorCalc_smk" name="simple_test"/>
    <testcase time="0.00100000000020373" classname="ds.vectorCalc_smk" name="simple_test"/>
    <testcase time="0.000999999999748979" classname="ds.vectorCalc_smk" name="simple_test"/>
    <testcase time="0.00100000000020373" classname="ds.vectorCalc_smk" name="simple_test"/>
    <testcase time="0.269000000000233" classname="ds.vectorCalc_smk" name="simple_test"/>
    <testcase time="0.00199999999995271" classname="ds.vectorCalc_smk" name="simple_test"/>
    <testcase time="0.00199999999995271" classname="ds.vectorCalc_smk" name="simple_test"/>
    <testcase time="0.000999999999748979" classname="ds.vectorCalc_smk" name="simple_test"/>
    <testcase time="0.00199999999995271" classname="ds.vectorCalc_smk" name="simple_test"/>
    <testcase time="0.00100000000020373" classname="ds.vectorCalc_smk" name="simple_test"/>
    <testcase time="0.00199999999995271" classname="ds.vectorCalc_smk" name="simple_test"/>
    <testcase time="0.00100000000020373" classname="ds.vectorCalc_smk" name="simple_test"/>
    <testcase time="0.00199999999995271" classname="ds.vectorCalc_smk" name="simple_test"/>
  </testsuite>
  <testsuite name="ds.vectorCalc::smk::shutdown" timestamp="2020-03-24T20:43:29Z" hostname="fv-az32" tests="3" skipped="0" failures="0" errors="0" time="0.282">
    <testcase time="0.278999999999996" classname="ds.vectorCalc_smk_shutdown" name="shutdown"/>
    <testcase time="0.000999999999748979" classname="ds.vectorCalc_smk_shutdown" name="shutdown"/>
    <testcase time="0.00199999999995271" classname="ds.vectorCalc_smk_shutdown" name="shutdown"/>
  </testsuite>
  <testsuite name="ds.vectorCalc::smk::done" timestamp="2020-03-24T20:43:30Z" hostname="fv-az32" tests="0" skipped="0" failures="0" errors="0" time="0"/>
  <testsuite name="ds.mean::smk_expt::type=combine" timestamp="2020-03-24T20:43:35Z" hostname="fv-az32" tests="1" skipped="0" failures="0" errors="0" time="5.747">
    <testcase time="5.7470000000003" classname="ds.mean_smk_expt_type_combine" name="mean_values_combine_"/>
  </testsuite>
  <testsuite name="ds.mean::smk_expt::type=split" timestamp="2020-03-24T20:43:36Z" hostname="fv-az32" tests="1" skipped="0" failures="0" errors="0" time="0.286">
    <testcase time="0.286000000000058" classname="ds.mean_smk_expt_type_split" name="mean_values_split_"/>
  </testsuite>
  <testsuite name="ds.mean::smk_expt::type=both" timestamp="2020-03-24T20:43:36Z" hostname="fv-az32" tests="1" skipped="0" failures="0" errors="0" time="0.282">
    <testcase time="0.282000000000153" classname="ds.mean_smk_expt_type_both" name="mean_values_both_"/>
  </testsuite>
  <testsuite name="ds.mean::smk_expt::type=combine" timestamp="2020-03-24T20:43:36Z" hostname="fv-az32" tests="1" skipped="0" failures="0" errors="0" time="0.295">
    <testcase time="0.295000000000073" classname="ds.mean_smk_expt_type_combine" name="mean_values_combine_"/>
  </testsuite>
  <testsuite name="ds.mean::smk_expt::type=split" timestamp="2020-03-24T20:43:36Z" hostname="fv-az32" tests="1" skipped="0" failures="0" errors="0" time="0.304">
    <testcase time="0.303999999999633" classname="ds.mean_smk_expt_type_split" name="mean_values_split_"/>
  </testsuite>
  <testsuite name="ds.mean::smk_expt::type=both" timestamp="2020-03-24T20:43:37Z" hostname="fv-az32" tests="1" skipped="0" failures="0" errors="0" time="0.281">
    <testcase time="0.281000000000404" classname="ds.mean_smk_expt_type_both" name="mean_values_both_"/>
  </testsuite>
  <testsuite name="ds.mean::smk_expt::type=combine" timestamp="2020-03-24T20:43:37Z" hostname="fv-az32" tests="1" skipped="0" failures="0" errors="0" time="0.282">
    <testcase time="0.281999999999698" classname="ds.mean_smk_expt_type_combine" name="mean_values_combine_"/>
  </testsuite>
  <testsuite name="ds.mean::smk_expt::type=split" timestamp="2020-03-24T20:43:37Z" hostname="fv-az32" tests="1" skipped="0" failures="0" errors="0" time="0.283">
    <testcase time="0.282999999999902" classname="ds.mean_smk_expt_type_split" name="mean_values_split_"/>
  </testsuite>
  <testsuite name="ds.mean::smk_expt::type=both" timestamp="2020-03-24T20:43:38Z" hostname="fv-az32" tests="1" skipped="0" failures="0" errors="0" time="0.284">
    <testcase time="0.284000000000106" classname="ds.mean_smk_expt_type_both" name="mean_values_both_"/>
  </testsuite>
  <testsuite name="ds.mean::smk_expt::type=combine" timestamp="2020-03-24T20:43:38Z" hostname="fv-az32" tests="1" skipped="0" failures="0" errors="0" time="0.28">
    <testcase time="0.2800000000002" classname="ds.mean_smk_expt_type_combine" name="mean_values_combine_"/>
  </testsuite>
  <testsuite name="ds.mean::smk_expt::type=split" timestamp="2020-03-24T20:43:38Z" hostname="fv-az32" tests="1" skipped="0" failures="0" errors="0" time="0.3">
    <testcase time="0.299999999999727" classname="ds.mean_smk_expt_type_split" name="mean_values_split_"/>
  </testsuite>
  <testsuite name="ds.mean::smk_expt::type=both" timestamp="2020-03-24T20:43:38Z" hostname="fv-az32" tests="1" skipped="0" failures="0" errors="0" time="0.29">
    <testcase time="0.289999999999964" classname="ds.mean_smk_expt_type_both" name="mean_values_both_"/>
  </testsuite>
  <testsuite name="ds.mean::smk_expt::type=combine" timestamp="2020-03-24T20:43:39Z" hostname="fv-az32" tests="1" skipped="0" failures="0" errors="0" time="0.295">
    <testcase time="0.295000000000073" classname="ds.mean_smk_expt_type_combine" name="mean_values_combine_"/>
  </testsuite>
  <testsuite name="ds.mean::smk_expt::type=split" timestamp="2020-03-24T20:43:39Z" hostname="fv-az32" tests="1" skipped="0" failures="0" errors="0" time="0.285">
    <testcase time="0.285000000000309" classname="ds.mean_smk_expt_type_split" name="mean_values_split_"/>
  </testsuite>
  <testsuite name="ds.mean::smk_expt::type=both" timestamp="2020-03-24T20:43:39Z" hostname="fv-az32" tests="1" skipped="0" failures="0" errors="0" time="0.286">
    <testcase time="0.286000000000058" classname="ds.mean_smk_expt_type_both" name="mean_values_both_"/>
  </testsuite>
  <testsuite name="ds.mean::smk_expt::type=combine" timestamp="2020-03-24T20:43:40Z" hostname="fv-az32" tests="1" skipped="0" failures="0" errors="0" time="1.086">
    <testcase time="1.08600000000024" classname="ds.mean_smk_expt_type_combine" name="mean_values_combine_"/>
  </testsuite>
  <testsuite name="ds.mean::smk_expt::type=split" timestamp="2020-03-24T20:43:41Z" hostname="fv-az32" tests="1" skipped="0" failures="0" errors="0" time="1.082">
    <testcase time="1.08199999999988" classname="ds.mean_smk_expt_type_split" name="mean_values_split_"/>
  </testsuite>
  <testsuite name="ds.mean::smk_expt::type=both" timestamp="2020-03-24T20:43:42Z" hostname="fv-az32" tests="1" skipped="0" failures="0" errors="0" time="1.102">
    <testcase time="1.10200000000032" classname="ds.mean_smk_expt_type_both" name="mean_values_both_"/>
  </testsuite>
  <testsuite name="ds.mean::smk_expt::type=combine" timestamp="2020-03-24T20:43:43Z" hostname="fv-az32" tests="1" skipped="0" failures="0" errors="0" time="1.096">
    <testcase time="1.096" classname="ds.mean_smk_expt_type_combine" name="mean_values_combine_"/>
  </testsuite>
  <testsuite name="ds.mean::smk_expt::type=split" timestamp="2020-03-24T20:43:44Z" hostname="fv-az32" tests="1" skipped="0" failures="0" errors="0" time="1.134">
    <testcase time="1.13400000000001" classname="ds.mean_smk_expt_type_split" name="mean_values_split_"/>
  </testsuite>
  <testsuite name="ds.mean::smk_expt::type=both" timestamp="2020-03-24T20:43:45Z" hostname="fv-az32" tests="1" skipped="0" failures="0" errors="0" time="1.142">
    <testcase time="1.14199999999983" classname="ds.mean_smk_expt_type_both" name="mean_values_both_"/>
  </testsuite>
  <testsuite name="ds.mean::smk_expt::type=combine" timestamp="2020-03-24T20:43:46Z" hostname="fv-az32" tests="1" skipped="0" failures="0" errors="0" time="1.091">
    <testcase time="1.09099999999989" classname="ds.mean_smk_expt_type_combine" name="mean_values_combine_"/>
  </testsuite>
  <testsuite name="ds.mean::smk_expt::type=split" timestamp="2020-03-24T20:43:47Z" hostname="fv-az32" tests="1" skipped="0" failures="0" errors="0" time="1.083">
    <testcase time="1.08300000000008" classname="ds.mean_smk_expt_type_split" name="mean_values_split_"/>
  </testsuite>
  <testsuite name="ds.mean::smk_expt::type=both" timestamp="2020-03-24T20:43:48Z" hostname="fv-az32" tests="1" skipped="0" failures="0" errors="0" time="1.093">
    <testcase time="1.09299999999985" classname="ds.mean_smk_expt_type_both" name="mean_values_both_"/>
  </testsuite>
  <testsuite name="ds.mean::smk_expt::type=combine" timestamp="2020-03-24T20:43:49Z" hostname="fv-az32" tests="1" skipped="0" failures="0" errors="0" time="1.107">
    <testcase time="1.10699999999997" classname="ds.mean_smk_expt_type_combine" name="mean_values_combine_"/>
  </testsuite>
  <testsuite name="ds.mean::smk_expt::type=split" timestamp="2020-03-24T20:43:51Z" hostname="fv-az32" tests="1" skipped="0" failures="0" errors="0" time="1.09">
    <testcase time="1.09000000000015" classname="ds.mean_smk_expt_type_split" name="mean_values_split_"/>
  </testsuite>
  <testsuite name="ds.mean::smk_expt::type=both" timestamp="2020-03-24T20:43:52Z" hostname="fv-az32" tests="1" skipped="0" failures="0" errors="0" time="1.106">
    <testcase time="1.10600000000022" classname="ds.mean_smk_expt_type_both" name="mean_values_both_"/>
  </testsuite>
  <testsuite name="ds.mean::smk_expt::type=combine" timestamp="2020-03-24T20:43:53Z" hostname="fv-az32" tests="1" skipped="0" failures="0" errors="0" time="1.109">
    <testcase time="1.10899999999992" classname="ds.mean_smk_expt_type_combine" name="mean_values_combine_"/>
  </testsuite>
  <testsuite name="ds.mean::smk_expt::type=split" timestamp="2020-03-24T20:43:54Z" hostname="fv-az32" tests="1" skipped="0" failures="0" errors="0" time="1.094">
    <testcase time="1.09400000000005" classname="ds.mean_smk_expt_type_split" name="mean_values_split_"/>
  </testsuite>
  <testsuite name="ds.mean::smk_expt::type=both" timestamp="2020-03-24T20:43:55Z" hostname="fv-az32" tests="1" skipped="0" failures="0" errors="0" time="1.101">
    <testcase time="1.10099999999966" classname="ds.mean_smk_expt_type_both" name="mean_values_both_"/>
  </testsuite>
  <testsuite name="ds.mean::smk_expt::type=combine" timestamp="2020-03-24T20:43:56Z" hostname="fv-az32" tests="1" skipped="0" failures="0" errors="0" time="1.122">
    <testcase time="1.1220000000003" classname="ds.mean_smk_expt_type_combine" name="mean_values_combine_"/>
  </testsuite>
  <testsuite name="ds.mean::smk_expt::type=split" timestamp="2020-03-24T20:43:57Z" hostname="fv-az32" tests="1" skipped="0" failures="0" errors="0" time="1.083">
    <testcase time="1.08300000000008" classname="ds.mean_smk_expt_type_split" name="mean_values_split_"/>
  </testsuite>
  <testsuite name="ds.mean::smk_expt::type=both" timestamp="2020-03-24T20:43:58Z" hostname="fv-az32" tests="1" skipped="0" failures="0" errors="0" time="1.105">
    <testcase time="1.10500000000002" classname="ds.mean_smk_expt_type_both" name="mean_values_both_"/>
  </testsuite>
</testsuites>
