<?xml version="1.0" encoding="UTF-8"?>
<testsuites>
  <testsuite name="ds.asCharacter::arg::test errors" timestamp="2019-11-22T13:59:06Z" hostname="fv-az53" tests="1" skipped="0" failures="0" errors="0" time="6.134">
    <testcase time="6.134" classname="ds.asCharacter_arg_test_errors" name="asCharacter_erros"/>
  </testsuite>
  <testsuite name="ds.asDataMatrix::arg::test errors" timestamp="2019-11-22T13:59:13Z" hostname="fv-az53" tests="1" skipped="0" failures="0" errors="0" time="6.369">
    <testcase time="6.369" classname="ds.asDataMatrix_arg_test_errors" name="asDataMatrix_erros"/>
  </testsuite>
  <testsuite name="ds.asFactor::arg::test errors" timestamp="2019-11-22T13:59:19Z" hostname="fv-az53" tests="3" skipped="0" failures="0" errors="0" time="6.374">
    <testcase time="6.232" classname="ds.asFactor_arg_test_errors" name="asFactor_erros"/>
    <testcase time="0.0940000000000012" classname="ds.asFactor_arg_test_errors" name="asFactor_erros"/>
    <testcase time="0.0479999999999983" classname="ds.asFactor_arg_test_errors" name="asFactor_erros"/>
  </testsuite>
  <testsuite name="ds.asInteger::arg::test errors" timestamp="2019-11-22T13:59:25Z" hostname="fv-az53" tests="1" skipped="0" failures="0" errors="0" time="6.352">
    <testcase time="6.352" classname="ds.asInteger_arg_test_errors" name="asInteger_erros"/>
  </testsuite>
  <testsuite name="ds.asList::arg::test errors" timestamp="2019-11-22T13:59:32Z" hostname="fv-az53" tests="1" skipped="0" failures="0" errors="0" time="6.18">
    <testcase time="6.18" classname="ds.asList_arg_test_errors" name="asList_erros"/>
  </testsuite>
  <testsuite name="ds.asLogical::arg::test errors" timestamp="2019-11-22T13:59:38Z" hostname="fv-az53" tests="1" skipped="0" failures="0" errors="0" time="6.146">
    <testcase time="6.146" classname="ds.asLogical_arg_test_errors" name="asLogical_erros"/>
  </testsuite>
  <testsuite name="ds.asMatrix::arg::test errors" timestamp="2019-11-22T13:59:44Z" hostname="fv-az53" tests="1" skipped="0" failures="0" errors="0" time="6.07">
    <testcase time="6.07" classname="ds.asMatrix_arg_test_errors" name="asMatrix_erros"/>
  </testsuite>
  <testsuite name="ds.asNumeric::arg::test errors" timestamp="2019-11-22T13:59:50Z" hostname="fv-az53" tests="1" skipped="0" failures="0" errors="0" time="6.162">
    <testcase time="6.162" classname="ds.asNumeric_arg_test_errors" name="asNumeric_erros"/>
  </testsuite>
  <testsuite name="ds.assign::arg::test errors" timestamp="2019-11-22T13:59:56Z" hostname="fv-az53" tests="1" skipped="0" failures="0" errors="0" time="6.207">
    <testcase time="6.20700000000001" classname="ds.assign_arg_test_errors" name="assign_erros"/>
  </testsuite>
  <testsuite name="ds.Boole::arg::test errors" timestamp="2019-11-22T14:00:02Z" hostname="fv-az53" tests="4" skipped="0" failures="0" errors="0" time="6.427">
    <testcase time="6.21599999999999" classname="ds.Boole_arg_test_errors" name="Boole_erros"/>
    <testcase time="0.129999999999995" classname="ds.Boole_arg_test_errors" name="Boole_erros"/>
    <testcase time="0.0409999999999968" classname="ds.Boole_arg_test_errors" name="Boole_erros"/>
    <testcase time="0.0400000000000063" classname="ds.Boole_arg_test_errors" name="Boole_erros"/>
  </testsuite>
  <testsuite name="ds.cbind::arg::test errors" timestamp="2019-11-22T14:00:09Z" hostname="fv-az53" tests="2" skipped="0" failures="0" errors="0" time="7.501">
    <testcase time="6.351" classname="ds.cbind_arg_test_errors" name="cbind_erros"/>
    <testcase time="1.15000000000001" classname="ds.cbind_arg_test_errors" name="cbind_erros"/>
  </testsuite>
  <testsuite name="ds.class::arg::test errors" timestamp="2019-11-22T14:00:16Z" hostname="fv-az53" tests="1" skipped="0" failures="0" errors="0" time="6.112">
    <testcase time="6.11199999999999" classname="ds.class_arg_test_errors" name="class_erros"/>
  </testsuite>
  <testsuite name="ds.colnames::arg::test errors" timestamp="2019-11-22T14:00:22Z" hostname="fv-az53" tests="1" skipped="0" failures="0" errors="0" time="6.261">
    <testcase time="6.261" classname="ds.colnames_arg_test_errors" name="simple_colnames_errors"/>
  </testsuite>
  <testsuite name="ds.cor::arg::test errors" timestamp="2019-11-22T14:00:28Z" hostname="fv-az53" tests="3" skipped="0" failures="0" errors="0" time="9.699">
    <testcase time="6.093" classname="ds.cor_arg_test_errors" name="cor_erros"/>
    <testcase time="1.301" classname="ds.cor_arg_test_errors" name="cor_erros"/>
    <testcase time="2.30499999999999" classname="ds.cor_arg_test_errors" name="cor_erros"/>
  </testsuite>
  <testsuite name="ds.cov::arg::test errors" timestamp="2019-11-22T14:00:38Z" hostname="fv-az53" tests="3" skipped="0" failures="0" errors="0" time="9.666">
    <testcase time="6.173" classname="ds.cov_arg_test_errors" name="cov_erros"/>
    <testcase time="1.184" classname="ds.cov_arg_test_errors" name="cov_erros"/>
    <testcase time="2.309" classname="ds.cov_arg_test_errors" name="cov_erros"/>
  </testsuite>
  <testsuite name="ds.c::arg::test errors" timestamp="2019-11-22T14:00:48Z" hostname="fv-az53" tests="1" skipped="0" failures="0" errors="0" time="6.046">
    <testcase time="6.04600000000001" classname="ds.c_arg_test_errors" name="simple_c_errors"/>
  </testsuite>
  <testsuite name="ds.dataFrame::arg::test errors" timestamp="2019-11-22T14:00:54Z" hostname="fv-az53" tests="2" skipped="0" failures="0" errors="0" time="7.503">
    <testcase time="6.10599999999999" classname="ds.dataFrame_arg_test_errors" name="dataframe_erros"/>
    <testcase time="1.39700000000001" classname="ds.dataFrame_arg_test_errors" name="dataframe_erros"/>
  </testsuite>
  <testsuite name="ds.dataFrameSubset::arg::test errors" timestamp="2019-11-22T14:01:01Z" hostname="fv-az53" tests="1" skipped="0" failures="0" errors="0" time="6.12">
    <testcase time="6.11999999999999" classname="ds.dataFrameSubset_arg_test_errors" name="dataFrameSubset_erros"/>
  </testsuite>
  <testsuite name="ds.dim::arg::test errors" timestamp="2019-11-22T14:01:08Z" hostname="fv-az53" tests="3" skipped="0" failures="0" errors="0" time="7.659">
    <testcase time="6.30700000000002" classname="ds.dim_arg_test_errors" name="dim_erros"/>
    <testcase time="1.04999999999998" classname="ds.dim_arg_test_errors" name="dim_erros"/>
    <testcase time="0.302000000000021" classname="ds.dim_arg_test_errors" name="dim_erros"/>
  </testsuite>
  <testsuite name="ds.exists::arg::test errors" timestamp="2019-11-22T14:01:15Z" hostname="fv-az53" tests="1" skipped="0" failures="0" errors="0" time="6.245">
    <testcase time="6.24499999999998" classname="ds.exists_arg_test_errors" name="simple_exists_errors"/>
  </testsuite>
  <testsuite name="ds.exp::arg::test errors" timestamp="2019-11-22T14:01:21Z" hostname="fv-az53" tests="1" skipped="0" failures="0" errors="0" time="6.147">
    <testcase time="6.14700000000002" classname="ds.exp_arg_test_errors" name="exp_erros"/>
  </testsuite>
  <testsuite name="ds.foobar::arg::aggregate" timestamp="2019-11-22T14:01:28Z" hostname="fv-az53" tests="1" skipped="0" failures="0" errors="0" time="6.1">
    <testcase time="6.09999999999999" classname="ds.foobar_arg_aggregate" name="NULL_opal"/>
  </testsuite>
  <testsuite name="ds.foobar::arg::aggregate" timestamp="2019-11-22T14:01:28Z" hostname="fv-az53" tests="1" skipped="0" failures="0" errors="0" time="0.04">
    <testcase time="0.039999999999992" classname="ds.foobar_arg_aggregate" name="NULL_expr"/>
  </testsuite>
  <testsuite name="ds.foobar::arg::aggregate" timestamp="2019-11-22T14:01:28Z" hostname="fv-az53" tests="1" skipped="0" failures="0" errors="0" time="0.231">
    <testcase time="0.230999999999995" classname="ds.foobar_arg_aggregate" name="non_existent_aggregate_foobarDS"/>
  </testsuite>
  <testsuite name="ds.foobar::arg::assign" timestamp="2019-11-22T14:01:28Z" hostname="fv-az53" tests="1" skipped="0" failures="0" errors="0" time="0.041">
    <testcase time="0.0410000000000252" classname="ds.foobar_arg_assign" name="NULL_opal"/>
  </testsuite>
  <testsuite name="ds.foobar::arg::assign" timestamp="2019-11-22T14:01:28Z" hostname="fv-az53" tests="1" skipped="0" failures="0" errors="0" time="0.044">
    <testcase time="0.0439999999999827" classname="ds.foobar_arg_assign" name="NULL_value"/>
  </testsuite>
  <testsuite name="ds.foobar::arg::assign" timestamp="2019-11-22T14:01:28Z" hostname="fv-az53" tests="2" skipped="0" failures="0" errors="0" time="0.233">
    <testcase time="0.230999999999995" classname="ds.foobar_arg_assign" name="non_existent_assign_foobarDS"/>
    <testcase time="0.00200000000000955" classname="ds.foobar_arg_assign" name="non_existent_assign_foobarDS"/>
  </testsuite>
  <testsuite name="ds.glm::arg::test errors" timestamp="2019-11-22T14:01:34Z" hostname="fv-az53" tests="2" skipped="0" failures="0" errors="0" time="6.646">
    <testcase time="6.12899999999999" classname="ds.glm_arg_test_errors" name="glm_erros"/>
    <testcase time="0.517000000000024" classname="ds.glm_arg_test_errors" name="glm_erros"/>
  </testsuite>
  <testsuite name="ds.glmSLMA::arg::test errors" timestamp="2019-11-22T14:01:41Z" hostname="fv-az53" tests="1" skipped="0" failures="0" errors="0" time="6.156">
    <testcase time="6.15600000000001" classname="ds.glmSLMA_arg_test_errors" name="glmSLMA_erros"/>
  </testsuite>
  <testsuite name="ds.isNA()::smk::errors" timestamp="2019-11-22T14:01:47Z" hostname="fv-az53" tests="1" skipped="0" failures="0" errors="0" time="6.039">
    <testcase time="6.03900000000002" classname="ds.isNA_smk_errors" name="isNA_errors"/>
  </testsuite>
  <testsuite name="ds.isValid()::smk::errors" timestamp="2019-11-22T14:01:53Z" hostname="fv-az53" tests="2" skipped="0" failures="0" errors="0" time="7.173">
    <testcase time="6.149" classname="ds.isValid_smk_errors" name="isValid_errors"/>
    <testcase time="1.024" classname="ds.isValid_smk_errors" name="isValid_errors"/>
  </testsuite>
  <testsuite name="ds.length::arg::test errors" timestamp="2019-11-22T14:02:00Z" hostname="fv-az53" tests="5" skipped="0" failures="0" errors="0" time="9.15">
    <testcase time="7.05599999999998" classname="ds.length_arg_test_errors" name="length_erros"/>
    <testcase time="0.103000000000009" classname="ds.length_arg_test_errors" name="length_erros"/>
    <testcase time="0.0409999999999968" classname="ds.length_arg_test_errors" name="length_erros"/>
    <testcase time="0.978999999999985" classname="ds.length_arg_test_errors" name="length_erros"/>
    <testcase time="0.971000000000004" classname="ds.length_arg_test_errors" name="length_erros"/>
  </testsuite>
  <testsuite name="ds.lexis::arg::test errors" timestamp="2019-11-22T14:02:09Z" hostname="fv-az53" tests="1" skipped="0" failures="0" errors="0" time="6.1">
    <testcase time="6.10000000000002" classname="ds.lexis_arg_test_errors" name="lexis_erros"/>
  </testsuite>
  <testsuite name="ds.log::arg::test errors" timestamp="2019-11-22T14:02:16Z" hostname="fv-az53" tests="1" skipped="0" failures="0" errors="0" time="6.173">
    <testcase time="6.173" classname="ds.log_arg_test_errors" name="log_erros"/>
  </testsuite>
  <testsuite name="ds.look::arg::test errors" timestamp="2019-11-22T14:02:22Z" hostname="fv-az53" tests="1" skipped="0" failures="0" errors="0" time="6.154">
    <testcase time="6.154" classname="ds.look_arg_test_errors" name="look_erros"/>
  </testsuite>
  <testsuite name="ds.make::arg::test errors" timestamp="2019-11-22T14:02:28Z" hostname="fv-az53" tests="1" skipped="0" failures="0" errors="0" time="6.142">
    <testcase time="6.142" classname="ds.make_arg_test_errors" name="make_erros"/>
  </testsuite>
  <testsuite name="ds.matrixDet::arg::test errors" timestamp="2019-11-22T14:02:34Z" hostname="fv-az53" tests="1" skipped="0" failures="0" errors="0" time="6.086">
    <testcase time="6.08599999999998" classname="ds.matrixDet_arg_test_errors" name="matrixDet_erros"/>
  </testsuite>
  <testsuite name="ds.matrixDet.report::arg::test errors" timestamp="2019-11-22T14:02:40Z" hostname="fv-az53" tests="1" skipped="0" failures="0" errors="0" time="6.207">
    <testcase time="6.20700000000002" classname="ds.matrixDet.report_arg_test_errors" name="ds.matixDet.report_erros"/>
  </testsuite>
  <testsuite name="ds.matrixDiag::arg::test errors" timestamp="2019-11-22T14:02:46Z" hostname="fv-az53" tests="2" skipped="0" failures="0" errors="0" time="6.058">
    <testcase time="6.05599999999998" classname="ds.matrixDiag_arg_test_errors" name="matrixDiag_erros"/>
    <testcase time="0.00200000000000955" classname="ds.matrixDiag_arg_test_errors" name="matrixDiag_erros"/>
  </testsuite>
  <testsuite name="ds.matrixDimnames::arg::test errors" timestamp="2019-11-22T14:02:53Z" hostname="fv-az53" tests="1" skipped="0" failures="0" errors="0" time="6.227">
    <testcase time="6.227" classname="ds.matrixDimnames_arg_test_errors" name="matrixDimnames_erros"/>
  </testsuite>
  <testsuite name="ds.matrixInvert::arg::test errors" timestamp="2019-11-22T14:02:59Z" hostname="fv-az53" tests="1" skipped="0" failures="0" errors="0" time="6.133">
    <testcase time="6.13299999999998" classname="ds.matrixInvert_arg_test_errors" name="matrixInvert_erros"/>
  </testsuite>
  <testsuite name="ds.matrixMult::arg::test errors" timestamp="2019-11-22T14:03:05Z" hostname="fv-az53" tests="1" skipped="0" failures="0" errors="0" time="6.099">
    <testcase time="6.09900000000002" classname="ds.matrixMult_arg_test_errors" name="matrixMult_erros"/>
  </testsuite>
  <testsuite name="ds.matrix::arg::test errors" timestamp="2019-11-22T14:03:11Z" hostname="fv-az53" tests="1" skipped="0" failures="0" errors="0" time="6.198">
    <testcase time="6.19799999999998" classname="ds.matrix_arg_test_errors" name="matrix_erros"/>
  </testsuite>
  <testsuite name="ds.matrixTranspose::arg::test errors" timestamp="2019-11-22T14:03:17Z" hostname="fv-az53" tests="1" skipped="0" failures="0" errors="0" time="6.146">
    <testcase time="6.14600000000002" classname="ds.matrixTranspose_arg_test_errors" name="matrixTranspose_erros"/>
  </testsuite>
  <testsuite name="ds.mean::arg::test errors" timestamp="2019-11-22T14:03:23Z" hostname="fv-az53" tests="3" skipped="0" failures="0" errors="0" time="8.141">
    <testcase time="7.02999999999997" classname="ds.mean_arg_test_errors" name="mean_erros"/>
    <testcase time="0.140000000000043" classname="ds.mean_arg_test_errors" name="mean_erros"/>
    <testcase time="0.971000000000004" classname="ds.mean_arg_test_errors" name="mean_erros"/>
  </testsuite>
  <testsuite name="ds.meanSdGp::arg::test errors" timestamp="2019-11-22T14:03:31Z" hostname="fv-az53" tests="1" skipped="0" failures="0" errors="0" time="6.117">
    <testcase time="6.11699999999996" classname="ds.meanSdGp_arg_test_errors" name="meanSdGp_erros"/>
  </testsuite>
  <testsuite name="ds.merge::arg::test errors" timestamp="2019-11-22T14:03:37Z" hostname="fv-az53" tests="5" skipped="0" failures="0" errors="0" time="6.365">
    <testcase time="6.14300000000003" classname="ds.merge_arg_test_errors" name="merge_erros"/>
    <testcase time="0.111999999999966" classname="ds.merge_arg_test_errors" name="merge_erros"/>
    <testcase time="0.0370000000000346" classname="ds.merge_arg_test_errors" name="merge_erros"/>
    <testcase time="0.0369999999999777" classname="ds.merge_arg_test_errors" name="merge_erros"/>
    <testcase time="0.0360000000000014" classname="ds.merge_arg_test_errors" name="merge_erros"/>
  </testsuite>
  <testsuite name="ds.message::arg" timestamp="2019-11-22T14:03:44Z" hostname="fv-az53" tests="1" skipped="0" failures="0" errors="0" time="6.042">
    <testcase time="6.04200000000003" classname="ds.message_arg" name="request_message_for_NULL"/>
  </testsuite>
  <testsuite name="ds.rbind::arg::test errors" timestamp="2019-11-22T14:03:50Z" hostname="fv-az53" tests="1" skipped="0" failures="0" errors="0" time="6.102">
    <testcase time="6.10199999999998" classname="ds.rbind_arg_test_errors" name="rbind_erros"/>
  </testsuite>
  <testsuite name="ds.rBinom::arg::test errors" timestamp="2019-11-22T14:03:56Z" hostname="fv-az53" tests="2" skipped="0" failures="0" errors="0" time="6.055">
    <testcase time="6.05400000000003" classname="ds.rBinom_arg_test_errors" name="rBinom_erros"/>
    <testcase time="0.000999999999976353" classname="ds.rBinom_arg_test_errors" name="rBinom_erros"/>
  </testsuite>
  <testsuite name="ds.recodeValues::arg::test errors" timestamp="2019-11-22T14:04:02Z" hostname="fv-az53" tests="6" skipped="0" failures="0" errors="0" time="6.603">
    <testcase time="6.29199999999997" classname="ds.recodeValues_arg_test_errors" name="recodeValues_erros"/>
    <testcase time="0.15300000000002" classname="ds.recodeValues_arg_test_errors" name="recodeValues_erros"/>
    <testcase time="0.0369999999999777" classname="ds.recodeValues_arg_test_errors" name="recodeValues_erros"/>
    <testcase time="0.0390000000000441" classname="ds.recodeValues_arg_test_errors" name="recodeValues_erros"/>
    <testcase time="0.0399999999999636" classname="ds.recodeValues_arg_test_errors" name="recodeValues_erros"/>
    <testcase time="0.04200000000003" classname="ds.recodeValues_arg_test_errors" name="recodeValues_erros"/>
  </testsuite>
  <testsuite name="ds.reShape::arg::test errors" timestamp="2019-11-22T14:04:09Z" hostname="fv-az53" tests="4" skipped="0" failures="0" errors="0" time="6.462">
    <testcase time="6.28399999999999" classname="ds.reShape_arg_test_errors" name="reShape_erros"/>
    <testcase time="0.105000000000018" classname="ds.reShape_arg_test_errors" name="reShape_erros"/>
    <testcase time="0.0369999999999777" classname="ds.reShape_arg_test_errors" name="reShape_erros"/>
    <testcase time="0.0360000000000014" classname="ds.reShape_arg_test_errors" name="reShape_erros"/>
  </testsuite>
  <testsuite name="ds.rm::arg::test errors" timestamp="2019-11-22T14:04:15Z" hostname="fv-az53" tests="1" skipped="0" failures="0" errors="0" time="6.126">
    <testcase time="6.12599999999998" classname="ds.rm_arg_test_errors" name="ds.rm_erros"/>
  </testsuite>
  <testsuite name="ds.rNorm::arg::test errors" timestamp="2019-11-22T14:04:22Z" hostname="fv-az53" tests="2" skipped="0" failures="0" errors="0" time="6.429">
    <testcase time="6.428" classname="ds.rNorm_arg_test_errors" name="rNorm_erros"/>
    <testcase time="0.0010000000000332" classname="ds.rNorm_arg_test_errors" name="rNorm_erros"/>
  </testsuite>
  <testsuite name="ds.rPois::arg::test errors" timestamp="2019-11-22T14:04:28Z" hostname="fv-az53" tests="2" skipped="0" failures="0" errors="0" time="6.212">
    <testcase time="6.21100000000001" classname="ds.rPois_arg_test_errors" name="rPois_erros"/>
    <testcase time="0.000999999999976353" classname="ds.rPois_arg_test_errors" name="rPois_erros"/>
  </testsuite>
  <testsuite name="ds.rUnif::arg::test errors" timestamp="2019-11-22T14:04:34Z" hostname="fv-az53" tests="2" skipped="0" failures="0" errors="0" time="6.111">
    <testcase time="6.11000000000001" classname="ds.rUnif_arg_test_errors" name="rUnif_erros"/>
    <testcase time="0.000999999999976353" classname="ds.rUnif_arg_test_errors" name="rUnif_erros"/>
  </testsuite>
  <testsuite name="ds.seq::arg::test errors" timestamp="2019-11-22T14:04:40Z" hostname="fv-az53" tests="1" skipped="0" failures="0" errors="0" time="6.103">
    <testcase time="6.10300000000001" classname="ds.seq_arg_test_errors" name="seq_erros"/>
  </testsuite>
  <testsuite name="ds.setSeed::arg::test errors" timestamp="2019-11-22T14:04:46Z" hostname="fv-az53" tests="1" skipped="0" failures="0" errors="0" time="6.08">
    <testcase time="6.07999999999998" classname="ds.setSeed_arg_test_errors" name="setSeed_erros"/>
  </testsuite>
  <testsuite name="ds.summary::arg::test errors" timestamp="2019-11-22T14:04:52Z" hostname="fv-az53" tests="1" skipped="0" failures="0" errors="0" time="6.164">
    <testcase time="6.16400000000004" classname="ds.summary_arg_test_errors" name="summary_erros"/>
  </testsuite>
  <testsuite name="ds.table2D::arg::test errors" timestamp="2019-11-22T14:04:58Z" hostname="fv-az53" tests="1" skipped="0" failures="0" errors="0" time="6.085">
    <testcase time="6.08499999999998" classname="ds.table2D_arg_test_errors" name="table2D_erros"/>
  </testsuite>
  <testsuite name="ds.tapply.assign::arg::test errors" timestamp="2019-11-22T14:05:04Z" hostname="fv-az53" tests="8" skipped="0" failures="0" errors="0" time="6.195">
    <testcase time="6.12400000000002" classname="ds.tapply.assign_arg_test_errors" name="tapply_erros"/>
    <testcase time="0.000999999999976353" classname="ds.tapply.assign_arg_test_errors" name="tapply_erros"/>
    <testcase time="0.0609999999999786" classname="ds.tapply.assign_arg_test_errors" name="tapply_erros"/>
    <testcase time="0.00200000000000955" classname="ds.tapply.assign_arg_test_errors" name="tapply_erros"/>
    <testcase time="0.0010000000000332" classname="ds.tapply.assign_arg_test_errors" name="tapply_erros"/>
    <testcase time="0.00199999999995271" classname="ds.tapply.assign_arg_test_errors" name="tapply_erros"/>
    <testcase time="0.00200000000000955" classname="ds.tapply.assign_arg_test_errors" name="tapply_erros"/>
    <testcase time="0.00200000000000955" classname="ds.tapply.assign_arg_test_errors" name="tapply_erros"/>
  </testsuite>
  <testsuite name="ds.tapply::arg::test errors" timestamp="2019-11-22T14:05:11Z" hostname="fv-az53" tests="8" skipped="0" failures="0" errors="0" time="6.133">
    <testcase time="6.10399999999998" classname="ds.tapply_arg_test_errors" name="tapply_erros"/>
    <testcase time="0.0010000000000332" classname="ds.tapply_arg_test_errors" name="tapply_erros"/>
    <testcase time="0.021000000000015" classname="ds.tapply_arg_test_errors" name="tapply_erros"/>
    <testcase time="0.000999999999976353" classname="ds.tapply_arg_test_errors" name="tapply_erros"/>
    <testcase time="0.00200000000000955" classname="ds.tapply_arg_test_errors" name="tapply_erros"/>
    <testcase time="0.000999999999976353" classname="ds.tapply_arg_test_errors" name="tapply_erros"/>
    <testcase time="0.00200000000000955" classname="ds.tapply_arg_test_errors" name="tapply_erros"/>
    <testcase time="0.000999999999976353" classname="ds.tapply_arg_test_errors" name="tapply_erros"/>
  </testsuite>
  <testsuite name="ds.testObjExists::arg::test errors" timestamp="2019-11-22T14:05:17Z" hostname="fv-az53" tests="1" skipped="0" failures="0" errors="0" time="6.043">
    <testcase time="6.04300000000001" classname="ds.testObjExists_arg_test_errors" name="testObjExists_erros"/>
  </testsuite>
  <testsuite name="ds.unList::arg::test errors" timestamp="2019-11-22T14:05:23Z" hostname="fv-az53" tests="1" skipped="0" failures="0" errors="0" time="6.062">
    <testcase time="6.06200000000001" classname="ds.unList_arg_test_errors" name="unList_erros"/>
  </testsuite>
  <testsuite name="ds.var::arg::test errors" timestamp="2019-11-22T14:05:29Z" hostname="fv-az53" tests="2" skipped="0" failures="0" errors="0" time="8.005">
    <testcase time="6.92399999999998" classname="ds.var_arg_test_errors" name="var_erros"/>
    <testcase time="1.08100000000002" classname="ds.var_arg_test_errors" name="var_erros"/>
  </testsuite>
  <testsuite name="ds.mean::disc::type=both" timestamp="2019-11-22T14:05:37Z" hostname="fv-az53" tests="29" skipped="0" failures="0" errors="0" time="10.033">
    <testcase time="9.726" classname="ds.mean_disc_type_both" name="mean_values_both_"/>
    <testcase time="0.00200000000000955" classname="ds.mean_disc_type_both" name="mean_values_both_"/>
    <testcase time="0.00200000000000955" classname="ds.mean_disc_type_both" name="mean_values_both_"/>
    <testcase time="0.000999999999976353" classname="ds.mean_disc_type_both" name="mean_values_both_"/>
    <testcase time="0.00200000000000955" classname="ds.mean_disc_type_both" name="mean_values_both_"/>
    <testcase time="0.257999999999981" classname="ds.mean_disc_type_both" name="mean_values_both_"/>
    <testcase time="0.00200000000000955" classname="ds.mean_disc_type_both" name="mean_values_both_"/>
    <testcase time="0.0010000000000332" classname="ds.mean_disc_type_both" name="mean_values_both_"/>
    <testcase time="0.000999999999976353" classname="ds.mean_disc_type_both" name="mean_values_both_"/>
    <testcase time="0.00200000000000955" classname="ds.mean_disc_type_both" name="mean_values_both_"/>
    <testcase time="0.000999999999976353" classname="ds.mean_disc_type_both" name="mean_values_both_"/>
    <testcase time="0.00200000000000955" classname="ds.mean_disc_type_both" name="mean_values_both_"/>
    <testcase time="0.00200000000000955" classname="ds.mean_disc_type_both" name="mean_values_both_"/>
    <testcase time="0.00200000000000955" classname="ds.mean_disc_type_both" name="mean_values_both_"/>
    <testcase time="0.000999999999976353" classname="ds.mean_disc_type_both" name="mean_values_both_"/>
    <testcase time="0.00200000000000955" classname="ds.mean_disc_type_both" name="mean_values_both_"/>
    <testcase time="0.0010000000000332" classname="ds.mean_disc_type_both" name="mean_values_both_"/>
    <testcase time="0.00199999999995271" classname="ds.mean_disc_type_both" name="mean_values_both_"/>
    <testcase time="0.00300000000004275" classname="ds.mean_disc_type_both" name="mean_values_both_"/>
    <testcase time="0.00199999999995271" classname="ds.mean_disc_type_both" name="mean_values_both_"/>
    <testcase time="0.00200000000000955" classname="ds.mean_disc_type_both" name="mean_values_both_"/>
    <testcase time="0.00200000000000955" classname="ds.mean_disc_type_both" name="mean_values_both_"/>
    <testcase time="0.00200000000000955" classname="ds.mean_disc_type_both" name="mean_values_both_"/>
    <testcase time="0.00200000000000955" classname="ds.mean_disc_type_both" name="mean_values_both_"/>
    <testcase time="0.00200000000000955" classname="ds.mean_disc_type_both" name="mean_values_both_"/>
    <testcase time="0.00199999999995271" classname="ds.mean_disc_type_both" name="mean_values_both_"/>
    <testcase time="0.00200000000000955" classname="ds.mean_disc_type_both" name="mean_values_both_"/>
    <testcase time="0.00200000000000955" classname="ds.mean_disc_type_both" name="mean_values_both_"/>
    <testcase time="0.00200000000000955" classname="ds.mean_disc_type_both" name="mean_values_both_"/>
  </testsuite>
  <testsuite name="ds.rm::disc" timestamp="2019-11-22T14:05:47Z" hostname="fv-az53" tests="31" skipped="0" failures="0" errors="0" time="7.064">
    <testcase time="6.238" classname="ds.rm_disc" name="justovertest"/>
    <testcase time="0.000999999999976353" classname="ds.rm_disc" name="justovertest"/>
    <testcase time="0.00200000000000955" classname="ds.rm_disc" name="justovertest"/>
    <testcase time="0.0010000000000332" classname="ds.rm_disc" name="justovertest"/>
    <testcase time="0.00199999999995271" classname="ds.rm_disc" name="justovertest"/>
    <testcase time="0.0010000000000332" classname="ds.rm_disc" name="justovertest"/>
    <testcase time="0.000999999999976353" classname="ds.rm_disc" name="justovertest"/>
    <testcase time="0.258000000000038" classname="ds.rm_disc" name="justovertest"/>
    <testcase time="0.00199999999995271" classname="ds.rm_disc" name="justovertest"/>
    <testcase time="0.00200000000000955" classname="ds.rm_disc" name="justovertest"/>
    <testcase time="0.00200000000000955" classname="ds.rm_disc" name="justovertest"/>
    <testcase time="0.000999999999976353" classname="ds.rm_disc" name="justovertest"/>
    <testcase time="0.00200000000000955" classname="ds.rm_disc" name="justovertest"/>
    <testcase time="0.00200000000000955" classname="ds.rm_disc" name="justovertest"/>
    <testcase time="0.0010000000000332" classname="ds.rm_disc" name="justovertest"/>
    <testcase time="0.00199999999995271" classname="ds.rm_disc" name="justovertest"/>
    <testcase time="0.0010000000000332" classname="ds.rm_disc" name="justovertest"/>
    <testcase time="0.262999999999977" classname="ds.rm_disc" name="simple_test"/>
    <testcase time="0.00200000000000955" classname="ds.rm_disc" name="simple_test"/>
    <testcase time="0.00200000000000955" classname="ds.rm_disc" name="simple_test"/>
    <testcase time="0.00200000000000955" classname="ds.rm_disc" name="simple_test"/>
    <testcase time="0.00200000000000955" classname="ds.rm_disc" name="simple_test"/>
    <testcase time="0.000999999999976353" classname="ds.rm_disc" name="simple_test"/>
    <testcase time="0.00200000000000955" classname="ds.rm_disc" name="simple_test"/>
    <testcase time="0.260999999999967" classname="ds.rm_disc" name="simple_test"/>
    <testcase time="0.00200000000000955" classname="ds.rm_disc" name="simple_test"/>
    <testcase time="0.00200000000000955" classname="ds.rm_disc" name="simple_test"/>
    <testcase time="0.00200000000000955" classname="ds.rm_disc" name="simple_test"/>
    <testcase time="0.000999999999976353" classname="ds.rm_disc" name="simple_test"/>
    <testcase time="0.00200000000000955" classname="ds.rm_disc" name="simple_test"/>
    <testcase time="0.0010000000000332" classname="ds.rm_disc" name="simple_test"/>
  </testsuite>
  <testsuite name="ds.var::disc::type=both" timestamp="2019-11-22T14:05:54Z" hostname="fv-az53" tests="29" skipped="0" failures="0" errors="0" time="9.744">
    <testcase time="9.44199999999995" classname="ds.var_disc_type_both" name="var_values_both_"/>
    <testcase time="0.00200000000000955" classname="ds.var_disc_type_both" name="var_values_both_"/>
    <testcase time="0.00200000000000955" classname="ds.var_disc_type_both" name="var_values_both_"/>
    <testcase time="0.0010000000000332" classname="ds.var_disc_type_both" name="var_values_both_"/>
    <testcase time="0.00199999999995271" classname="ds.var_disc_type_both" name="var_values_both_"/>
    <testcase time="0.257000000000005" classname="ds.var_disc_type_both" name="var_values_both_"/>
    <testcase time="0.00200000000000955" classname="ds.var_disc_type_both" name="var_values_both_"/>
    <testcase time="0.000999999999976353" classname="ds.var_disc_type_both" name="var_values_both_"/>
    <testcase time="0.0010000000000332" classname="ds.var_disc_type_both" name="var_values_both_"/>
    <testcase time="0.00200000000000955" classname="ds.var_disc_type_both" name="var_values_both_"/>
    <testcase time="0.000999999999976353" classname="ds.var_disc_type_both" name="var_values_both_"/>
    <testcase time="0.00200000000000955" classname="ds.var_disc_type_both" name="var_values_both_"/>
    <testcase time="0.00200000000000955" classname="ds.var_disc_type_both" name="var_values_both_"/>
    <testcase time="0.000999999999976353" classname="ds.var_disc_type_both" name="var_values_both_"/>
    <testcase time="0.00200000000000955" classname="ds.var_disc_type_both" name="var_values_both_"/>
    <testcase time="0.00200000000000955" classname="ds.var_disc_type_both" name="var_values_both_"/>
    <testcase time="0.000999999999976353" classname="ds.var_disc_type_both" name="var_values_both_"/>
    <testcase time="0.00200000000000955" classname="ds.var_disc_type_both" name="var_values_both_"/>
    <testcase time="0.00200000000000955" classname="ds.var_disc_type_both" name="var_values_both_"/>
    <testcase time="0.000999999999976353" classname="ds.var_disc_type_both" name="var_values_both_"/>
    <testcase time="0.00200000000000955" classname="ds.var_disc_type_both" name="var_values_both_"/>
    <testcase time="0.0010000000000332" classname="ds.var_disc_type_both" name="var_values_both_"/>
    <testcase time="0.00199999999995271" classname="ds.var_disc_type_both" name="var_values_both_"/>
    <testcase time="0.00200000000000955" classname="ds.var_disc_type_both" name="var_values_both_"/>
    <testcase time="0.00200000000000955" classname="ds.var_disc_type_both" name="var_values_both_"/>
    <testcase time="0.0010000000000332" classname="ds.var_disc_type_both" name="var_values_both_"/>
    <testcase time="0.00199999999995271" classname="ds.var_disc_type_both" name="var_values_both_"/>
    <testcase time="0.00200000000000955" classname="ds.var_disc_type_both" name="var_values_both_"/>
    <testcase time="0.00200000000000955" classname="ds.var_disc_type_both" name="var_values_both_"/>
  </testsuite>
  <testsuite name="ds.asFactor()::expt::multiple" timestamp="2019-11-22T14:05:58Z" hostname="fv-az53" tests="18" skipped="0" failures="0" errors="0" time="13.351">
    <testcase time="6.94499999999999" classname="ds.asFactor_expt_multiple" name="combined_data_set"/>
    <testcase time="0.00200000000000955" classname="ds.asFactor_expt_multiple" name="combined_data_set"/>
    <testcase time="0.826999999999998" classname="ds.asFactor_expt_multiple" name="combined_data_set"/>
    <testcase time="0.00200000000000955" classname="ds.asFactor_expt_multiple" name="combined_data_set"/>
    <testcase time="0.791999999999973" classname="ds.asFactor_expt_multiple" name="combined_data_set"/>
    <testcase time="0.0010000000000332" classname="ds.asFactor_expt_multiple" name="combined_data_set"/>
    <testcase time="0.80400000000003" classname="ds.asFactor_expt_multiple" name="combined_data_set"/>
    <testcase time="0.00199999999995271" classname="ds.asFactor_expt_multiple" name="combined_data_set"/>
    <testcase time="0.797000000000025" classname="ds.asFactor_expt_multiple" name="combined_data_set"/>
    <testcase time="0.00200000000000955" classname="ds.asFactor_expt_multiple" name="combined_data_set"/>
    <testcase time="0.802999999999997" classname="ds.asFactor_expt_multiple" name="combined_data_set"/>
    <testcase time="0.00200000000000955" classname="ds.asFactor_expt_multiple" name="combined_data_set"/>
    <testcase time="0.793000000000006" classname="ds.asFactor_expt_multiple" name="combined_data_set"/>
    <testcase time="0.000999999999976353" classname="ds.asFactor_expt_multiple" name="combined_data_set"/>
    <testcase time="0.788000000000011" classname="ds.asFactor_expt_multiple" name="combined_data_set"/>
    <testcase time="0.00200000000000955" classname="ds.asFactor_expt_multiple" name="combined_data_set"/>
    <testcase time="0.786000000000001" classname="ds.asFactor_expt_multiple" name="combined_data_set"/>
    <testcase time="0.00199999999995271" classname="ds.asFactor_expt_multiple" name="combined_data_set"/>
  </testsuite>
  <testsuite name="ds.asFactor()::expt::single" timestamp="2019-11-22T14:06:11Z" hostname="fv-az53" tests="18" skipped="0" failures="0" errors="0" time="9.989">
    <testcase time="4.32700000000006" classname="ds.asFactor_expt_single" name="single_dataset_"/>
    <testcase time="0.00199999999995271" classname="ds.asFactor_expt_single" name="single_dataset_"/>
    <testcase time="0.701999999999998" classname="ds.asFactor_expt_single" name="single_dataset_"/>
    <testcase time="0.00200000000000955" classname="ds.asFactor_expt_single" name="single_dataset_"/>
    <testcase time="0.704000000000008" classname="ds.asFactor_expt_single" name="single_dataset_"/>
    <testcase time="0.000999999999976353" classname="ds.asFactor_expt_single" name="single_dataset_"/>
    <testcase time="0.704000000000008" classname="ds.asFactor_expt_single" name="single_dataset_"/>
    <testcase time="0.000999999999976353" classname="ds.asFactor_expt_single" name="single_dataset_"/>
    <testcase time="0.703000000000031" classname="ds.asFactor_expt_single" name="single_dataset_"/>
    <testcase time="0.00199999999995271" classname="ds.asFactor_expt_single" name="single_dataset_"/>
    <testcase time="0.708000000000027" classname="ds.asFactor_expt_single" name="single_dataset_"/>
    <testcase time="0.00200000000000955" classname="ds.asFactor_expt_single" name="single_dataset_"/>
    <testcase time="0.704999999999984" classname="ds.asFactor_expt_single" name="single_dataset_"/>
    <testcase time="0.00200000000000955" classname="ds.asFactor_expt_single" name="single_dataset_"/>
    <testcase time="0.711999999999989" classname="ds.asFactor_expt_single" name="single_dataset_"/>
    <testcase time="0.00200000000000955" classname="ds.asFactor_expt_single" name="single_dataset_"/>
    <testcase time="0.708000000000027" classname="ds.asFactor_expt_single" name="single_dataset_"/>
    <testcase time="0.00199999999995271" classname="ds.asFactor_expt_single" name="single_dataset_"/>
  </testsuite>
  <testsuite name="ds.mean()::expt::combine::multiple" timestamp="2019-11-22T14:06:21Z" hostname="fv-az53" tests="8" skipped="0" failures="0" errors="0" time="15.403">
    <testcase time="7.06999999999999" classname="ds.mean_expt_combine_multiple" name="combined_data_set"/>
    <testcase time="1.18600000000004" classname="ds.mean_expt_combine_multiple" name="combined_data_set"/>
    <testcase time="1.19599999999997" classname="ds.mean_expt_combine_multiple" name="combined_data_set"/>
    <testcase time="1.19800000000004" classname="ds.mean_expt_combine_multiple" name="combined_data_set"/>
    <testcase time="1.185" classname="ds.mean_expt_combine_multiple" name="combined_data_set"/>
    <testcase time="1.18299999999999" classname="ds.mean_expt_combine_multiple" name="combined_data_set"/>
    <testcase time="1.19400000000002" classname="ds.mean_expt_combine_multiple" name="combined_data_set"/>
    <testcase time="1.19099999999997" classname="ds.mean_expt_combine_multiple" name="combined_data_set"/>
  </testsuite>
  <testsuite name="ds.mean()::expt::split::multiple" timestamp="2019-11-22T14:06:36Z" hostname="fv-az53" tests="24" skipped="0" failures="0" errors="0" time="15.624">
    <testcase time="7.24299999999999" classname="ds.mean_expt_split_multiple" name="split_data_set"/>
    <testcase time="0.00200000000000955" classname="ds.mean_expt_split_multiple" name="split_data_set"/>
    <testcase time="0.000999999999976353" classname="ds.mean_expt_split_multiple" name="split_data_set"/>
    <testcase time="1.19600000000003" classname="ds.mean_expt_split_multiple" name="split_data_set"/>
    <testcase time="0.00200000000000955" classname="ds.mean_expt_split_multiple" name="split_data_set"/>
    <testcase time="0.00200000000000955" classname="ds.mean_expt_split_multiple" name="split_data_set"/>
    <testcase time="1.19299999999998" classname="ds.mean_expt_split_multiple" name="split_data_set"/>
    <testcase time="0.00200000000000955" classname="ds.mean_expt_split_multiple" name="split_data_set"/>
    <testcase time="0.000999999999976353" classname="ds.mean_expt_split_multiple" name="split_data_set"/>
    <testcase time="1.202" classname="ds.mean_expt_split_multiple" name="split_data_set"/>
    <testcase time="0.00200000000000955" classname="ds.mean_expt_split_multiple" name="split_data_set"/>
    <testcase time="0.00200000000000955" classname="ds.mean_expt_split_multiple" name="split_data_set"/>
    <testcase time="1.18799999999999" classname="ds.mean_expt_split_multiple" name="split_data_set"/>
    <testcase time="0.00200000000000955" classname="ds.mean_expt_split_multiple" name="split_data_set"/>
    <testcase time="0.00200000000000955" classname="ds.mean_expt_split_multiple" name="split_data_set"/>
    <testcase time="1.19399999999996" classname="ds.mean_expt_split_multiple" name="split_data_set"/>
    <testcase time="0.00200000000000955" classname="ds.mean_expt_split_multiple" name="split_data_set"/>
    <testcase time="0.0010000000000332" classname="ds.mean_expt_split_multiple" name="split_data_set"/>
    <testcase time="1.18699999999995" classname="ds.mean_expt_split_multiple" name="split_data_set"/>
    <testcase time="0.00200000000000955" classname="ds.mean_expt_split_multiple" name="split_data_set"/>
    <testcase time="0.00200000000000955" classname="ds.mean_expt_split_multiple" name="split_data_set"/>
    <testcase time="1.19299999999998" classname="ds.mean_expt_split_multiple" name="split_data_set"/>
    <testcase time="0.00200000000000955" classname="ds.mean_expt_split_multiple" name="split_data_set"/>
    <testcase time="0.0010000000000332" classname="ds.mean_expt_split_multiple" name="split_data_set"/>
  </testsuite>
  <testsuite name="ds.mean()::expt::single" timestamp="2019-11-22T14:06:52Z" hostname="fv-az53" tests="8" skipped="0" failures="0" errors="0" time="9.2">
    <testcase time="4.33799999999997" classname="ds.mean_expt_single" name="combined_data_set"/>
    <testcase time="0.696000000000026" classname="ds.mean_expt_single" name="combined_data_set"/>
    <testcase time="0.697000000000003" classname="ds.mean_expt_single" name="combined_data_set"/>
    <testcase time="0.690999999999974" classname="ds.mean_expt_single" name="combined_data_set"/>
    <testcase time="0.699999999999989" classname="ds.mean_expt_single" name="combined_data_set"/>
    <testcase time="0.689999999999998" classname="ds.mean_expt_single" name="combined_data_set"/>
    <testcase time="0.696000000000026" classname="ds.mean_expt_single" name="combined_data_set"/>
    <testcase time="0.692000000000007" classname="ds.mean_expt_single" name="combined_data_set"/>
  </testsuite>
  <testsuite name="ds.mean()::expt::large_values::single" timestamp="2019-11-22T14:07:01Z" hostname="fv-az53" tests="8" skipped="0" failures="0" errors="0" time="14.87">
    <testcase time="5.08499999999998" classname="ds.mean_expt_large_values_single" name="combined_data_set"/>
    <testcase time="1.40199999999999" classname="ds.mean_expt_large_values_single" name="combined_data_set"/>
    <testcase time="1.40000000000003" classname="ds.mean_expt_large_values_single" name="combined_data_set"/>
    <testcase time="1.392" classname="ds.mean_expt_large_values_single" name="combined_data_set"/>
    <testcase time="1.40899999999999" classname="ds.mean_expt_large_values_single" name="combined_data_set"/>
    <testcase time="1.39600000000002" classname="ds.mean_expt_large_values_single" name="combined_data_set"/>
    <testcase time="1.38999999999999" classname="ds.mean_expt_large_values_single" name="combined_data_set"/>
    <testcase time="1.39600000000002" classname="ds.mean_expt_large_values_single" name="combined_data_set"/>
  </testsuite>
  <testsuite name="ds.mean()::expt::large_values::multiple" timestamp="2019-11-22T14:07:16Z" hostname="fv-az53" tests="8" skipped="0" failures="0" errors="0" time="21.806">
    <testcase time="7.98900000000003" classname="ds.mean_expt_large_values_multiple" name="combined_data_set"/>
    <testcase time="1.976" classname="ds.mean_expt_large_values_multiple" name="combined_data_set"/>
    <testcase time="1.95899999999995" classname="ds.mean_expt_large_values_multiple" name="combined_data_set"/>
    <testcase time="1.97699999999998" classname="ds.mean_expt_large_values_multiple" name="combined_data_set"/>
    <testcase time="1.97400000000005" classname="ds.mean_expt_large_values_multiple" name="combined_data_set"/>
    <testcase time="1.98900000000003" classname="ds.mean_expt_large_values_multiple" name="combined_data_set"/>
    <testcase time="1.971" classname="ds.mean_expt_large_values_multiple" name="combined_data_set"/>
    <testcase time="1.971" classname="ds.mean_expt_large_values_multiple" name="combined_data_set"/>
  </testsuite>
  <testsuite name="ds.reshape()::expt::multiple" timestamp="2019-11-22T14:07:38Z" hostname="fv-az53" tests="1" skipped="1" failures="0" errors="0" time="0.459">
    <testcase time="0.458999999999946" classname="ds.reshape_expt_multiple" name="copy_and_transform">
      <skipped/>
    </testcase>
  </testsuite>
  <testsuite name="ds.var()::expt::multiple" timestamp="2019-11-22T14:07:38Z" hostname="fv-az53" tests="8" skipped="0" failures="0" errors="0" time="15.539">
    <testcase time="7.07299999999998" classname="ds.var_expt_multiple" name="combined_data_set"/>
    <testcase time="1.18899999999996" classname="ds.var_expt_multiple" name="combined_data_set"/>
    <testcase time="1.1880000000001" classname="ds.var_expt_multiple" name="combined_data_set"/>
    <testcase time="1.19599999999991" classname="ds.var_expt_multiple" name="combined_data_set"/>
    <testcase time="1.322" classname="ds.var_expt_multiple" name="combined_data_set"/>
    <testcase time="1.19000000000005" classname="ds.var_expt_multiple" name="combined_data_set"/>
    <testcase time="1.18799999999999" classname="ds.var_expt_multiple" name="combined_data_set"/>
    <testcase time="1.19299999999998" classname="ds.var_expt_multiple" name="combined_data_set"/>
  </testsuite>
  <testsuite name="ds.var()::expt::single" timestamp="2019-11-22T14:07:54Z" hostname="fv-az53" tests="24" skipped="0" failures="0" errors="0" time="15.602">
    <testcase time="7.26900000000001" classname="ds.var_expt_single" name="split_data_set"/>
    <testcase time="0.00199999999995271" classname="ds.var_expt_single" name="split_data_set"/>
    <testcase time="0.00100000000009004" classname="ds.var_expt_single" name="split_data_set"/>
    <testcase time="1.18499999999995" classname="ds.var_expt_single" name="split_data_set"/>
    <testcase time="0.00200000000006639" classname="ds.var_expt_single" name="split_data_set"/>
    <testcase time="0.000999999999976353" classname="ds.var_expt_single" name="split_data_set"/>
    <testcase time="1.19799999999998" classname="ds.var_expt_single" name="split_data_set"/>
    <testcase time="0.000999999999976353" classname="ds.var_expt_single" name="split_data_set"/>
    <testcase time="0.00200000000006639" classname="ds.var_expt_single" name="split_data_set"/>
    <testcase time="1.18599999999992" classname="ds.var_expt_single" name="split_data_set"/>
    <testcase time="0.00200000000006639" classname="ds.var_expt_single" name="split_data_set"/>
    <testcase time="0.000999999999976353" classname="ds.var_expt_single" name="split_data_set"/>
    <testcase time="1.17899999999997" classname="ds.var_expt_single" name="split_data_set"/>
    <testcase time="0.00200000000006639" classname="ds.var_expt_single" name="split_data_set"/>
    <testcase time="0.00199999999995271" classname="ds.var_expt_single" name="split_data_set"/>
    <testcase time="1.18899999999996" classname="ds.var_expt_single" name="split_data_set"/>
    <testcase time="0.00200000000006639" classname="ds.var_expt_single" name="split_data_set"/>
    <testcase time="0.00199999999995271" classname="ds.var_expt_single" name="split_data_set"/>
    <testcase time="1.18400000000008" classname="ds.var_expt_single" name="split_data_set"/>
    <testcase time="0.00199999999995271" classname="ds.var_expt_single" name="split_data_set"/>
    <testcase time="0.000999999999976353" classname="ds.var_expt_single" name="split_data_set"/>
    <testcase time="1.18600000000004" classname="ds.var_expt_single" name="split_data_set"/>
    <testcase time="0.00199999999995271" classname="ds.var_expt_single" name="split_data_set"/>
    <testcase time="0.00100000000009004" classname="ds.var_expt_single" name="split_data_set"/>
  </testsuite>
  <testsuite name="ds.var()::expt::large_values::multiple" timestamp="2019-11-22T14:08:09Z" hostname="fv-az53" tests="8" skipped="0" failures="0" errors="0" time="21.732">
    <testcase time="7.96599999999989" classname="ds.var_expt_large_values_multiple" name="large_values"/>
    <testcase time="1.99700000000007" classname="ds.var_expt_large_values_multiple" name="large_values"/>
    <testcase time="1.95899999999995" classname="ds.var_expt_large_values_multiple" name="large_values"/>
    <testcase time="1.95600000000002" classname="ds.var_expt_large_values_multiple" name="large_values"/>
    <testcase time="1.96400000000006" classname="ds.var_expt_large_values_multiple" name="large_values"/>
    <testcase time="1.95499999999993" classname="ds.var_expt_large_values_multiple" name="large_values"/>
    <testcase time="1.95699999999999" classname="ds.var_expt_large_values_multiple" name="large_values"/>
    <testcase time="1.97800000000007" classname="ds.var_expt_large_values_multiple" name="large_values"/>
  </testsuite>
  <testsuite name="ds.var()::expt::large_values::single" timestamp="2019-11-22T14:08:31Z" hostname="fv-az53" tests="8" skipped="0" failures="0" errors="0" time="14.86">
    <testcase time="5.08799999999997" classname="ds.var_expt_large_values_single" name="large_values"/>
    <testcase time="1.39300000000003" classname="ds.var_expt_large_values_single" name="large_values"/>
    <testcase time="1.39199999999994" classname="ds.var_expt_large_values_single" name="large_values"/>
    <testcase time="1.39800000000002" classname="ds.var_expt_large_values_single" name="large_values"/>
    <testcase time="1.40200000000004" classname="ds.var_expt_large_values_single" name="large_values"/>
    <testcase time="1.38799999999992" classname="ds.var_expt_large_values_single" name="large_values"/>
    <testcase time="1.40500000000009" classname="ds.var_expt_large_values_single" name="large_values"/>
    <testcase time="1.39400000000001" classname="ds.var_expt_large_values_single" name="large_values"/>
  </testsuite>
  <testsuite name="ds.asFactor()::math::multiple" timestamp="2019-11-22T14:08:46Z" hostname="fv-az53" tests="9" skipped="0" failures="0" errors="0" time="12.892">
    <testcase time="6.62199999999996" classname="ds.asFactor_math_multiple" name="every_factor_should_be_unique"/>
    <testcase time="0.782000000000039" classname="ds.asFactor_math_multiple" name="every_factor_should_be_unique"/>
    <testcase time="0.773000000000025" classname="ds.asFactor_math_multiple" name="every_factor_should_be_unique"/>
    <testcase time="0.805999999999926" classname="ds.asFactor_math_multiple" name="every_factor_should_be_unique"/>
    <testcase time="0.774000000000001" classname="ds.asFactor_math_multiple" name="every_factor_should_be_unique"/>
    <testcase time="0.789999999999964" classname="ds.asFactor_math_multiple" name="every_factor_should_be_unique"/>
    <testcase time="0.784999999999968" classname="ds.asFactor_math_multiple" name="every_factor_should_be_unique"/>
    <testcase time="0.783999999999992" classname="ds.asFactor_math_multiple" name="every_factor_should_be_unique"/>
    <testcase time="0.776000000000067" classname="ds.asFactor_math_multiple" name="every_factor_should_be_unique"/>
  </testsuite>
  <testsuite name="ds.asFactor()::math::multiple" timestamp="2019-11-22T14:08:59Z" hostname="fv-az53" tests="9" skipped="0" failures="0" errors="0" time="10.003">
    <testcase time="4.37400000000002" classname="ds.asFactor_math_multiple" name="every_factor_should_be_unique"/>
    <testcase time="0.703999999999951" classname="ds.asFactor_math_multiple" name="every_factor_should_be_unique"/>
    <testcase time="0.701000000000022" classname="ds.asFactor_math_multiple" name="every_factor_should_be_unique"/>
    <testcase time="0.702999999999975" classname="ds.asFactor_math_multiple" name="every_factor_should_be_unique"/>
    <testcase time="0.69500000000005" classname="ds.asFactor_math_multiple" name="every_factor_should_be_unique"/>
    <testcase time="0.706999999999994" classname="ds.asFactor_math_multiple" name="every_factor_should_be_unique"/>
    <testcase time="0.706999999999994" classname="ds.asFactor_math_multiple" name="every_factor_should_be_unique"/>
    <testcase time="0.702999999999975" classname="ds.asFactor_math_multiple" name="every_factor_should_be_unique"/>
    <testcase time="0.708999999999946" classname="ds.asFactor_math_multiple" name="every_factor_should_be_unique"/>
  </testsuite>
  <testsuite name="ds.make()::math::transformation::multiple" timestamp="2019-11-22T14:09:09Z" hostname="fv-az53" tests="64" skipped="0" failures="0" errors="0" time="173.512">
    <testcase time="11.292" classname="ds.make_math_transformation_multiple" name="transformation"/>
    <testcase time="0.000999999999976353" classname="ds.make_math_transformation_multiple" name="transformation"/>
    <testcase time="5.22200000000009" classname="ds.make_math_transformation_multiple" name="transformation"/>
    <testcase time="0.000999999999976353" classname="ds.make_math_transformation_multiple" name="transformation"/>
    <testcase time="5.21500000000003" classname="ds.make_math_transformation_multiple" name="transformation"/>
    <testcase time="0.00199999999995271" classname="ds.make_math_transformation_multiple" name="transformation"/>
    <testcase time="5.21199999999999" classname="ds.make_math_transformation_multiple" name="transformation"/>
    <testcase time="0.000999999999976353" classname="ds.make_math_transformation_multiple" name="transformation"/>
    <testcase time="5.20600000000002" classname="ds.make_math_transformation_multiple" name="transformation"/>
    <testcase time="0.00199999999995271" classname="ds.make_math_transformation_multiple" name="transformation"/>
    <testcase time="5.22200000000009" classname="ds.make_math_transformation_multiple" name="transformation"/>
    <testcase time="0.000999999999976353" classname="ds.make_math_transformation_multiple" name="transformation"/>
    <testcase time="5.19999999999993" classname="ds.make_math_transformation_multiple" name="transformation"/>
    <testcase time="0.000999999999976353" classname="ds.make_math_transformation_multiple" name="transformation"/>
    <testcase time="5.23199999999997" classname="ds.make_math_transformation_multiple" name="transformation"/>
    <testcase time="0.00200000000006639" classname="ds.make_math_transformation_multiple" name="transformation"/>
    <testcase time="5.22699999999998" classname="ds.make_math_transformation_multiple" name="transformation"/>
    <testcase time="0.00199999999995271" classname="ds.make_math_transformation_multiple" name="transformation"/>
    <testcase time="5.245" classname="ds.make_math_transformation_multiple" name="transformation"/>
    <testcase time="0.00200000000006639" classname="ds.make_math_transformation_multiple" name="transformation"/>
    <testcase time="5.34499999999991" classname="ds.make_math_transformation_multiple" name="transformation"/>
    <testcase time="0.00300000000004275" classname="ds.make_math_transformation_multiple" name="transformation"/>
    <testcase time="5.21000000000004" classname="ds.make_math_transformation_multiple" name="transformation"/>
    <testcase time="0.00199999999995271" classname="ds.make_math_transformation_multiple" name="transformation"/>
    <testcase time="5.21699999999998" classname="ds.make_math_transformation_multiple" name="transformation"/>
    <testcase time="0.00200000000006639" classname="ds.make_math_transformation_multiple" name="transformation"/>
    <testcase time="5.19599999999991" classname="ds.make_math_transformation_multiple" name="transformation"/>
    <testcase time="0.00200000000006639" classname="ds.make_math_transformation_multiple" name="transformation"/>
    <testcase time="5.22000000000003" classname="ds.make_math_transformation_multiple" name="transformation"/>
    <testcase time="0.00199999999995271" classname="ds.make_math_transformation_multiple" name="transformation"/>
    <testcase time="5.20699999999999" classname="ds.make_math_transformation_multiple" name="transformation"/>
    <testcase time="0.00199999999995271" classname="ds.make_math_transformation_multiple" name="transformation"/>
    <testcase time="5.2170000000001" classname="ds.make_math_transformation_multiple" name="transformation"/>
    <testcase time="0.00199999999995271" classname="ds.make_math_transformation_multiple" name="transformation"/>
    <testcase time="5.25999999999999" classname="ds.make_math_transformation_multiple" name="transformation"/>
    <testcase time="0.00900000000001455" classname="ds.make_math_transformation_multiple" name="transformation"/>
    <testcase time="5.21699999999998" classname="ds.make_math_transformation_multiple" name="transformation"/>
    <testcase time="0.000999999999976353" classname="ds.make_math_transformation_multiple" name="transformation"/>
    <testcase time="5.23400000000004" classname="ds.make_math_transformation_multiple" name="transformation"/>
    <testcase time="0.00199999999995271" classname="ds.make_math_transformation_multiple" name="transformation"/>
    <testcase time="5.22900000000004" classname="ds.make_math_transformation_multiple" name="transformation"/>
    <testcase time="0.00199999999995271" classname="ds.make_math_transformation_multiple" name="transformation"/>
    <testcase time="5.19200000000001" classname="ds.make_math_transformation_multiple" name="transformation"/>
    <testcase time="0.00200000000006639" classname="ds.make_math_transformation_multiple" name="transformation"/>
    <testcase time="5.23000000000002" classname="ds.make_math_transformation_multiple" name="transformation"/>
    <testcase time="0.00199999999995271" classname="ds.make_math_transformation_multiple" name="transformation"/>
    <testcase time="5.23199999999997" classname="ds.make_math_transformation_multiple" name="transformation"/>
    <testcase time="0.00200000000006639" classname="ds.make_math_transformation_multiple" name="transformation"/>
    <testcase time="5.26299999999992" classname="ds.make_math_transformation_multiple" name="transformation"/>
    <testcase time="0.00200000000006639" classname="ds.make_math_transformation_multiple" name="transformation"/>
    <testcase time="5.221" classname="ds.make_math_transformation_multiple" name="transformation"/>
    <testcase time="0.00199999999995271" classname="ds.make_math_transformation_multiple" name="transformation"/>
    <testcase time="5.22800000000007" classname="ds.make_math_transformation_multiple" name="transformation"/>
    <testcase time="0.00299999999992906" classname="ds.make_math_transformation_multiple" name="transformation"/>
    <testcase time="5.25900000000001" classname="ds.make_math_transformation_multiple" name="transformation"/>
    <testcase time="0.00999999999999091" classname="ds.make_math_transformation_multiple" name="transformation"/>
    <testcase time="5.23599999999999" classname="ds.make_math_transformation_multiple" name="transformation"/>
    <testcase time="0.00300000000004275" classname="ds.make_math_transformation_multiple" name="transformation"/>
    <testcase time="5.24299999999994" classname="ds.make_math_transformation_multiple" name="transformation"/>
    <testcase time="0.00200000000006639" classname="ds.make_math_transformation_multiple" name="transformation"/>
    <testcase time="5.26900000000001" classname="ds.make_math_transformation_multiple" name="transformation"/>
    <testcase time="0.00299999999992906" classname="ds.make_math_transformation_multiple" name="transformation"/>
    <testcase time="5.2360000000001" classname="ds.make_math_transformation_multiple" name="transformation"/>
    <testcase time="0.00299999999992906" classname="ds.make_math_transformation_multiple" name="transformation"/>
  </testsuite>
  <testsuite name="ds.mean()::math::residual::multiple" timestamp="2019-11-22T14:12:02Z" hostname="fv-az53" tests="32" skipped="0" failures="0" errors="0" time="25.118">
    <testcase time="7.28600000000006" classname="ds.mean_math_residual_multiple" name="residual_deviation_tends_to_0"/>
    <testcase time="1.19299999999998" classname="ds.mean_math_residual_multiple" name="residual_deviation_tends_to_0"/>
    <testcase time="1.17999999999995" classname="ds.mean_math_residual_multiple" name="residual_deviation_tends_to_0"/>
    <testcase time="1.18900000000008" classname="ds.mean_math_residual_multiple" name="residual_deviation_tends_to_0"/>
    <testcase time="1.18799999999999" classname="ds.mean_math_residual_multiple" name="residual_deviation_tends_to_0"/>
    <testcase time="1.19599999999991" classname="ds.mean_math_residual_multiple" name="residual_deviation_tends_to_0"/>
    <testcase time="1.18300000000011" classname="ds.mean_math_residual_multiple" name="residual_deviation_tends_to_0"/>
    <testcase time="1.18299999999999" classname="ds.mean_math_residual_multiple" name="residual_deviation_tends_to_0"/>
    <testcase time="1.19399999999996" classname="ds.mean_math_residual_multiple" name="residual_deviation_tends_to_0"/>
    <testcase time="0.00199999999995271" classname="ds.mean_math_residual_multiple" name="residual_deviation_tends_to_0"/>
    <testcase time="0.00200000000006639" classname="ds.mean_math_residual_multiple" name="residual_deviation_tends_to_0"/>
    <testcase time="1.18399999999997" classname="ds.mean_math_residual_multiple" name="residual_deviation_tends_to_0"/>
    <testcase time="0.000999999999976353" classname="ds.mean_math_residual_multiple" name="residual_deviation_tends_to_0"/>
    <testcase time="0.00200000000006639" classname="ds.mean_math_residual_multiple" name="residual_deviation_tends_to_0"/>
    <testcase time="1.20799999999997" classname="ds.mean_math_residual_multiple" name="residual_deviation_tends_to_0"/>
    <testcase time="0.00199999999995271" classname="ds.mean_math_residual_multiple" name="residual_deviation_tends_to_0"/>
    <testcase time="0.00200000000006639" classname="ds.mean_math_residual_multiple" name="residual_deviation_tends_to_0"/>
    <testcase time="1.17899999999997" classname="ds.mean_math_residual_multiple" name="residual_deviation_tends_to_0"/>
    <testcase time="0.00199999999995271" classname="ds.mean_math_residual_multiple" name="residual_deviation_tends_to_0"/>
    <testcase time="0.00200000000006639" classname="ds.mean_math_residual_multiple" name="residual_deviation_tends_to_0"/>
    <testcase time="1.17700000000002" classname="ds.mean_math_residual_multiple" name="residual_deviation_tends_to_0"/>
    <testcase time="0.00199999999995271" classname="ds.mean_math_residual_multiple" name="residual_deviation_tends_to_0"/>
    <testcase time="0.00199999999995271" classname="ds.mean_math_residual_multiple" name="residual_deviation_tends_to_0"/>
    <testcase time="1.18400000000008" classname="ds.mean_math_residual_multiple" name="residual_deviation_tends_to_0"/>
    <testcase time="0.00199999999995271" classname="ds.mean_math_residual_multiple" name="residual_deviation_tends_to_0"/>
    <testcase time="0.000999999999976353" classname="ds.mean_math_residual_multiple" name="residual_deviation_tends_to_0"/>
    <testcase time="1.18399999999997" classname="ds.mean_math_residual_multiple" name="residual_deviation_tends_to_0"/>
    <testcase time="0.00199999999995271" classname="ds.mean_math_residual_multiple" name="residual_deviation_tends_to_0"/>
    <testcase time="0.00200000000006639" classname="ds.mean_math_residual_multiple" name="residual_deviation_tends_to_0"/>
    <testcase time="1.17999999999995" classname="ds.mean_math_residual_multiple" name="residual_deviation_tends_to_0"/>
    <testcase time="0.00200000000006639" classname="ds.mean_math_residual_multiple" name="residual_deviation_tends_to_0"/>
    <testcase time="0.00199999999995271" classname="ds.mean_math_residual_multiple" name="residual_deviation_tends_to_0"/>
  </testsuite>
  <testsuite name="ds.mean()::math::residual::single" timestamp="2019-11-22T14:12:28Z" hostname="fv-az53" tests="32" skipped="0" failures="0" errors="0" time="25.172">
    <testcase time="7.31700000000001" classname="ds.mean_math_residual_single" name="residual_deviation_tends_to_0"/>
    <testcase time="1.18999999999994" classname="ds.mean_math_residual_single" name="residual_deviation_tends_to_0"/>
    <testcase time="1.18299999999999" classname="ds.mean_math_residual_single" name="residual_deviation_tends_to_0"/>
    <testcase time="1.178" classname="ds.mean_math_residual_single" name="residual_deviation_tends_to_0"/>
    <testcase time="1.18500000000006" classname="ds.mean_math_residual_single" name="residual_deviation_tends_to_0"/>
    <testcase time="1.18700000000001" classname="ds.mean_math_residual_single" name="residual_deviation_tends_to_0"/>
    <testcase time="1.19299999999998" classname="ds.mean_math_residual_single" name="residual_deviation_tends_to_0"/>
    <testcase time="1.19200000000001" classname="ds.mean_math_residual_single" name="residual_deviation_tends_to_0"/>
    <testcase time="1.18700000000001" classname="ds.mean_math_residual_single" name="residual_deviation_tends_to_0"/>
    <testcase time="0.00199999999995271" classname="ds.mean_math_residual_single" name="residual_deviation_tends_to_0"/>
    <testcase time="0.00200000000006639" classname="ds.mean_math_residual_single" name="residual_deviation_tends_to_0"/>
    <testcase time="1.18299999999999" classname="ds.mean_math_residual_single" name="residual_deviation_tends_to_0"/>
    <testcase time="0.00199999999995271" classname="ds.mean_math_residual_single" name="residual_deviation_tends_to_0"/>
    <testcase time="0.00200000000006639" classname="ds.mean_math_residual_single" name="residual_deviation_tends_to_0"/>
    <testcase time="1.19399999999996" classname="ds.mean_math_residual_single" name="residual_deviation_tends_to_0"/>
    <testcase time="0.00199999999995271" classname="ds.mean_math_residual_single" name="residual_deviation_tends_to_0"/>
    <testcase time="0.00200000000006639" classname="ds.mean_math_residual_single" name="residual_deviation_tends_to_0"/>
    <testcase time="1.19099999999992" classname="ds.mean_math_residual_single" name="residual_deviation_tends_to_0"/>
    <testcase time="0.00200000000006639" classname="ds.mean_math_residual_single" name="residual_deviation_tends_to_0"/>
    <testcase time="0.00199999999995271" classname="ds.mean_math_residual_single" name="residual_deviation_tends_to_0"/>
    <testcase time="1.19400000000007" classname="ds.mean_math_residual_single" name="residual_deviation_tends_to_0"/>
    <testcase time="0.00199999999995271" classname="ds.mean_math_residual_single" name="residual_deviation_tends_to_0"/>
    <testcase time="0.00199999999995271" classname="ds.mean_math_residual_single" name="residual_deviation_tends_to_0"/>
    <testcase time="1.18100000000004" classname="ds.mean_math_residual_single" name="residual_deviation_tends_to_0"/>
    <testcase time="0.00200000000006639" classname="ds.mean_math_residual_single" name="residual_deviation_tends_to_0"/>
    <testcase time="0.00199999999995271" classname="ds.mean_math_residual_single" name="residual_deviation_tends_to_0"/>
    <testcase time="1.18899999999996" classname="ds.mean_math_residual_single" name="residual_deviation_tends_to_0"/>
    <testcase time="0.00300000000004275" classname="ds.mean_math_residual_single" name="residual_deviation_tends_to_0"/>
    <testcase time="0.000999999999976353" classname="ds.mean_math_residual_single" name="residual_deviation_tends_to_0"/>
    <testcase time="1.19600000000003" classname="ds.mean_math_residual_single" name="residual_deviation_tends_to_0"/>
    <testcase time="0.00199999999995271" classname="ds.mean_math_residual_single" name="residual_deviation_tends_to_0"/>
    <testcase time="0.00200000000006639" classname="ds.mean_math_residual_single" name="residual_deviation_tends_to_0"/>
  </testsuite>
  <testsuite name="ds.mean()::math::location_parameter::single" timestamp="2019-11-22T14:12:53Z" hostname="fv-az53" tests="8" skipped="0" failures="0" errors="0" time="20.478">
    <testcase time="5.86799999999994" classname="ds.mean_math_location_parameter_single" name="mean_X_a_mean_X_a"/>
    <testcase time="2.08000000000004" classname="ds.mean_math_location_parameter_single" name="mean_X_a_mean_X_a"/>
    <testcase time="2.09699999999998" classname="ds.mean_math_location_parameter_single" name="mean_X_a_mean_X_a"/>
    <testcase time="2.08699999999999" classname="ds.mean_math_location_parameter_single" name="mean_X_a_mean_X_a"/>
    <testcase time="2.096" classname="ds.mean_math_location_parameter_single" name="mean_X_a_mean_X_a"/>
    <testcase time="2.08799999999997" classname="ds.mean_math_location_parameter_single" name="mean_X_a_mean_X_a"/>
    <testcase time="2.08300000000008" classname="ds.mean_math_location_parameter_single" name="mean_X_a_mean_X_a"/>
    <testcase time="2.07899999999995" classname="ds.mean_math_location_parameter_single" name="mean_X_a_mean_X_a"/>
  </testsuite>
  <testsuite name="ds.mean()::math::location_parameter::multiple" timestamp="2019-11-22T14:13:13Z" hostname="fv-az53" tests="8" skipped="0" failures="0" errors="0" time="31.163">
    <testcase time="9.12900000000002" classname="ds.mean_math_location_parameter_multiple" name="mean_X_a_mean_X_a"/>
    <testcase time="3.15099999999995" classname="ds.mean_math_location_parameter_multiple" name="mean_X_a_mean_X_a"/>
    <testcase time="3.1400000000001" classname="ds.mean_math_location_parameter_multiple" name="mean_X_a_mean_X_a"/>
    <testcase time="3.14299999999992" classname="ds.mean_math_location_parameter_multiple" name="mean_X_a_mean_X_a"/>
    <testcase time="3.13700000000006" classname="ds.mean_math_location_parameter_multiple" name="mean_X_a_mean_X_a"/>
    <testcase time="3.14999999999998" classname="ds.mean_math_location_parameter_multiple" name="mean_X_a_mean_X_a"/>
    <testcase time="3.15899999999999" classname="ds.mean_math_location_parameter_multiple" name="mean_X_a_mean_X_a"/>
    <testcase time="3.154" classname="ds.mean_math_location_parameter_multiple" name="mean_X_a_mean_X_a"/>
  </testsuite>
  <testsuite name="ds.mean()::math::scale::multiple" timestamp="2019-11-22T14:13:44Z" hostname="fv-az53" tests="8" skipped="0" failures="0" errors="0" time="31.2">
    <testcase time="9.21299999999997" classname="ds.mean_math_scale_multiple" name="mean_X_a_mean_X_a"/>
    <testcase time="3.14700000000005" classname="ds.mean_math_scale_multiple" name="mean_X_a_mean_X_a"/>
    <testcase time="3.13999999999999" classname="ds.mean_math_scale_multiple" name="mean_X_a_mean_X_a"/>
    <testcase time="3.15099999999995" classname="ds.mean_math_scale_multiple" name="mean_X_a_mean_X_a"/>
    <testcase time="3.13900000000001" classname="ds.mean_math_scale_multiple" name="mean_X_a_mean_X_a"/>
    <testcase time="3.1400000000001" classname="ds.mean_math_scale_multiple" name="mean_X_a_mean_X_a"/>
    <testcase time="3.12799999999993" classname="ds.mean_math_scale_multiple" name="mean_X_a_mean_X_a"/>
    <testcase time="3.14200000000005" classname="ds.mean_math_scale_multiple" name="mean_X_a_mean_X_a"/>
  </testsuite>
  <testsuite name="ds.mean()::math::scale::single" timestamp="2019-11-22T14:14:16Z" hostname="fv-az53" tests="8" skipped="0" failures="0" errors="0" time="20.404">
    <testcase time="5.84699999999998" classname="ds.mean_math_scale_single" name="mean_X_a_mean_X_a"/>
    <testcase time="2.09000000000003" classname="ds.mean_math_scale_single" name="mean_X_a_mean_X_a"/>
    <testcase time="2.07299999999998" classname="ds.mean_math_scale_single" name="mean_X_a_mean_X_a"/>
    <testcase time="2.07999999999993" classname="ds.mean_math_scale_single" name="mean_X_a_mean_X_a"/>
    <testcase time="2.08300000000008" classname="ds.mean_math_scale_single" name="mean_X_a_mean_X_a"/>
    <testcase time="2.07299999999998" classname="ds.mean_math_scale_single" name="mean_X_a_mean_X_a"/>
    <testcase time="2.072" classname="ds.mean_math_scale_single" name="mean_X_a_mean_X_a"/>
    <testcase time="2.08600000000001" classname="ds.mean_math_scale_single" name="mean_X_a_mean_X_a"/>
  </testsuite>
  <testsuite name="ds.rUnif()::math::mean_variance::single" timestamp="2019-11-22T14:14:36Z" hostname="fv-az53" tests="12" skipped="0" failures="0" errors="0" time="12.885">
    <testcase time="6.87699999999995" classname="ds.rUnif_math_mean_variance_single" name="mean_variance"/>
    <testcase time="0.000999999999976353" classname="ds.rUnif_math_mean_variance_single" name="mean_variance"/>
    <testcase time="0.00100000000009004" classname="ds.rUnif_math_mean_variance_single" name="mean_variance"/>
    <testcase time="0.00199999999995271" classname="ds.rUnif_math_mean_variance_single" name="mean_variance"/>
    <testcase time="2.93700000000001" classname="ds.rUnif_math_mean_variance_single" name="mean_variance"/>
    <testcase time="0.00199999999995271" classname="ds.rUnif_math_mean_variance_single" name="mean_variance"/>
    <testcase time="0.00200000000006639" classname="ds.rUnif_math_mean_variance_single" name="mean_variance"/>
    <testcase time="0.000999999999976353" classname="ds.rUnif_math_mean_variance_single" name="mean_variance"/>
    <testcase time="3.05700000000002" classname="ds.rUnif_math_mean_variance_single" name="mean_variance"/>
    <testcase time="0.00199999999995271" classname="ds.rUnif_math_mean_variance_single" name="mean_variance"/>
    <testcase time="0.000999999999976353" classname="ds.rUnif_math_mean_variance_single" name="mean_variance"/>
    <testcase time="0.00200000000006639" classname="ds.rUnif_math_mean_variance_single" name="mean_variance"/>
  </testsuite>
  <testsuite name="ds.rUnif()::math::distributions comparison::single" timestamp="2019-11-22T14:14:49Z" hostname="fv-az53" tests="12" skipped="0" failures="0" errors="0" time="39.569">
    <testcase time="9.66399999999999" classname="ds.rUnif_math_distributions_comparison_single" name="changes_in_distribution"/>
    <testcase time="0.000999999999976353" classname="ds.rUnif_math_distributions_comparison_single" name="changes_in_distribution"/>
    <testcase time="5.97400000000005" classname="ds.rUnif_math_distributions_comparison_single" name="changes_in_distribution"/>
    <testcase time="0.00199999999995271" classname="ds.rUnif_math_distributions_comparison_single" name="changes_in_distribution"/>
    <testcase time="5.95900000000006" classname="ds.rUnif_math_distributions_comparison_single" name="changes_in_distribution"/>
    <testcase time="0.000999999999976353" classname="ds.rUnif_math_distributions_comparison_single" name="changes_in_distribution"/>
    <testcase time="5.99699999999996" classname="ds.rUnif_math_distributions_comparison_single" name="changes_in_distribution"/>
    <testcase time="0.00200000000006639" classname="ds.rUnif_math_distributions_comparison_single" name="changes_in_distribution"/>
    <testcase time="5.99699999999996" classname="ds.rUnif_math_distributions_comparison_single" name="changes_in_distribution"/>
    <testcase time="0.000999999999976353" classname="ds.rUnif_math_distributions_comparison_single" name="changes_in_distribution"/>
    <testcase time="5.96900000000005" classname="ds.rUnif_math_distributions_comparison_single" name="changes_in_distribution"/>
    <testcase time="0.00199999999995271" classname="ds.rUnif_math_distributions_comparison_single" name="changes_in_distribution"/>
  </testsuite>
  <testsuite name="ds.rUnif()::math::distributions comparison::multiple" timestamp="2019-11-22T14:15:28Z" hostname="fv-az53" tests="12" skipped="0" failures="0" errors="0" time="116.276">
    <testcase time="24.587" classname="ds.rUnif_math_distributions_comparison_multiple" name="changes_in_distribution"/>
    <testcase time="0.000999999999976353" classname="ds.rUnif_math_distributions_comparison_multiple" name="changes_in_distribution"/>
    <testcase time="18.462" classname="ds.rUnif_math_distributions_comparison_multiple" name="changes_in_distribution"/>
    <testcase time="0.00199999999995271" classname="ds.rUnif_math_distributions_comparison_multiple" name="changes_in_distribution"/>
    <testcase time="18.223" classname="ds.rUnif_math_distributions_comparison_multiple" name="changes_in_distribution"/>
    <testcase time="0.00200000000018008" classname="ds.rUnif_math_distributions_comparison_multiple" name="changes_in_distribution"/>
    <testcase time="18.357" classname="ds.rUnif_math_distributions_comparison_multiple" name="changes_in_distribution"/>
    <testcase time="0.00199999999995271" classname="ds.rUnif_math_distributions_comparison_multiple" name="changes_in_distribution"/>
    <testcase time="18.6610000000001" classname="ds.rUnif_math_distributions_comparison_multiple" name="changes_in_distribution"/>
    <testcase time="0.00199999999995271" classname="ds.rUnif_math_distributions_comparison_multiple" name="changes_in_distribution"/>
    <testcase time="17.9759999999999" classname="ds.rUnif_math_distributions_comparison_multiple" name="changes_in_distribution"/>
    <testcase time="0.000999999999976353" classname="ds.rUnif_math_distributions_comparison_multiple" name="changes_in_distribution"/>
  </testsuite>
  <testsuite name="ds.var()::math::positive_result::multiple" timestamp="2019-11-22T14:17:25Z" hostname="fv-az53" tests="32" skipped="0" failures="0" errors="0" time="25.392">
    <testcase time="7.404" classname="ds.var_math_positive_result_multiple" name="variance_0"/>
    <testcase time="1.18499999999995" classname="ds.var_math_positive_result_multiple" name="variance_0"/>
    <testcase time="1.19100000000003" classname="ds.var_math_positive_result_multiple" name="variance_0"/>
    <testcase time="1.1869999999999" classname="ds.var_math_positive_result_multiple" name="variance_0"/>
    <testcase time="1.19900000000007" classname="ds.var_math_positive_result_multiple" name="variance_0"/>
    <testcase time="1.1869999999999" classname="ds.var_math_positive_result_multiple" name="variance_0"/>
    <testcase time="1.17700000000013" classname="ds.var_math_positive_result_multiple" name="variance_0"/>
    <testcase time="1.18299999999999" classname="ds.var_math_positive_result_multiple" name="variance_0"/>
    <testcase time="1.19000000000005" classname="ds.var_math_positive_result_multiple" name="variance_0"/>
    <testcase time="0.000999999999976353" classname="ds.var_math_positive_result_multiple" name="variance_0"/>
    <testcase time="0.00199999999995271" classname="ds.var_math_positive_result_multiple" name="variance_0"/>
    <testcase time="1.1869999999999" classname="ds.var_math_positive_result_multiple" name="variance_0"/>
    <testcase time="0.00199999999995271" classname="ds.var_math_positive_result_multiple" name="variance_0"/>
    <testcase time="0.00100000000020373" classname="ds.var_math_positive_result_multiple" name="variance_0"/>
    <testcase time="1.173" classname="ds.var_math_positive_result_multiple" name="variance_0"/>
    <testcase time="0.000999999999976353" classname="ds.var_math_positive_result_multiple" name="variance_0"/>
    <testcase time="0.00199999999995271" classname="ds.var_math_positive_result_multiple" name="variance_0"/>
    <testcase time="1.18100000000004" classname="ds.var_math_positive_result_multiple" name="variance_0"/>
    <testcase time="0.00199999999995271" classname="ds.var_math_positive_result_multiple" name="variance_0"/>
    <testcase time="0.00199999999995271" classname="ds.var_math_positive_result_multiple" name="variance_0"/>
    <testcase time="1.18399999999997" classname="ds.var_math_positive_result_multiple" name="variance_0"/>
    <testcase time="0.00199999999995271" classname="ds.var_math_positive_result_multiple" name="variance_0"/>
    <testcase time="0.00200000000018008" classname="ds.var_math_positive_result_multiple" name="variance_0"/>
    <testcase time="1.18200000000002" classname="ds.var_math_positive_result_multiple" name="variance_0"/>
    <testcase time="0.202999999999975" classname="ds.var_math_positive_result_multiple" name="variance_0"/>
    <testcase time="0.00199999999995271" classname="ds.var_math_positive_result_multiple" name="variance_0"/>
    <testcase time="1.17699999999991" classname="ds.var_math_positive_result_multiple" name="variance_0"/>
    <testcase time="0.00200000000018008" classname="ds.var_math_positive_result_multiple" name="variance_0"/>
    <testcase time="0.00199999999995271" classname="ds.var_math_positive_result_multiple" name="variance_0"/>
    <testcase time="1.17599999999993" classname="ds.var_math_positive_result_multiple" name="variance_0"/>
    <testcase time="0.000999999999976353" classname="ds.var_math_positive_result_multiple" name="variance_0"/>
    <testcase time="0.00199999999995271" classname="ds.var_math_positive_result_multiple" name="variance_0"/>
  </testsuite>
  <testsuite name="ds.var()::math::positive_result::single" timestamp="2019-11-22T14:17:50Z" hostname="fv-az53" tests="32" skipped="0" failures="0" errors="0" time="14.876">
    <testcase time="4.5440000000001" classname="ds.var_math_positive_result_single" name="variance_0"/>
    <testcase time="0.689000000000078" classname="ds.var_math_positive_result_single" name="variance_0"/>
[...]
    <testcase time="1.19200000000001" classname="ds.table1D_smk_generate_a_one_dimensional_table_outputting_study_specific_and_combined_contingency_tables" name="GENDER_normal_2"/>
    <testcase time="0.00199999999995271" classname="ds.table1D_smk_generate_a_one_dimensional_table_outputting_study_specific_and_combined_contingency_tables" name="GENDER_normal_2"/>
    <testcase time="0.00100000000020373" classname="ds.table1D_smk_generate_a_one_dimensional_table_outputting_study_specific_and_combined_contingency_tables" name="GENDER_normal_2"/>
  </testsuite>
  <testsuite name="ds.table1D::smk::test errors" timestamp="2019-11-22T14:30:24Z" hostname="fv-az53" tests="2" skipped="0" failures="0" errors="0" time="1.259">
    <testcase time="0.0449999999998454" classname="ds.table1D_smk_test_errors" name="table1D_erros"/>
    <testcase time="1.21399999999994" classname="ds.table1D_smk_test_errors" name="table1D_erros"/>
  </testsuite>
  <testsuite name="ds.table2D::smk" timestamp="2019-11-22T14:30:32Z" hostname="fv-az53" tests="22" skipped="0" failures="0" errors="0" time="7.624">
    <testcase time="7.59300000000007" classname="ds.table2D_smk" name="simple_table2D"/>
    <testcase time="0.000999999999976353" classname="ds.table2D_smk" name="simple_table2D"/>
    <testcase time="0.00199999999995271" classname="ds.table2D_smk" name="simple_table2D"/>
    <testcase time="0.00100000000020373" classname="ds.table2D_smk" name="simple_table2D"/>
    <testcase time="0.000999999999976353" classname="ds.table2D_smk" name="simple_table2D"/>
    <testcase time="0.00199999999995271" classname="ds.table2D_smk" name="simple_table2D"/>
    <testcase time="0.000999999999976353" classname="ds.table2D_smk" name="simple_table2D"/>
    <testcase time="0.000999999999976353" classname="ds.table2D_smk" name="simple_table2D"/>
    <testcase time="0.00199999999995271" classname="ds.table2D_smk" name="simple_table2D"/>
    <testcase time="0.000999999999976353" classname="ds.table2D_smk" name="simple_table2D"/>
    <testcase time="0.00200000000018008" classname="ds.table2D_smk" name="simple_table2D"/>
    <testcase time="0.000999999999976353" classname="ds.table2D_smk" name="simple_table2D"/>
    <testcase time="0.00199999999995271" classname="ds.table2D_smk" name="simple_table2D"/>
    <testcase time="0.000999999999976353" classname="ds.table2D_smk" name="simple_table2D"/>
    <testcase time="0.00199999999995271" classname="ds.table2D_smk" name="simple_table2D"/>
    <testcase time="0.000999999999976353" classname="ds.table2D_smk" name="simple_table2D"/>
    <testcase time="0.00200000000018008" classname="ds.table2D_smk" name="simple_table2D"/>
    <testcase time="0.000999999999976353" classname="ds.table2D_smk" name="simple_table2D"/>
    <testcase time="0.00199999999995271" classname="ds.table2D_smk" name="simple_table2D"/>
    <testcase time="0.00199999999995271" classname="ds.table2D_smk" name="simple_table2D"/>
    <testcase time="0.000999999999976353" classname="ds.table2D_smk" name="simple_table2D"/>
    <testcase time="0.00199999999995271" classname="ds.table2D_smk" name="simple_table2D"/>
  </testsuite>
  <testsuite name="ds.testObjExists::smk" timestamp="2019-11-22T14:30:39Z" hostname="fv-az53" tests="2" skipped="0" failures="0" errors="0" time="6.945">
    <testcase time="6.94400000000019" classname="ds.testObjExists_smk" name="simple_testObjExists"/>
    <testcase time="0.000999999999976353" classname="ds.testObjExists_smk" name="simple_testObjExists"/>
  </testsuite>
  <testsuite name="ds.unList::smk::simple test" timestamp="2019-11-22T14:30:46Z" hostname="fv-az53" tests="10" skipped="0" failures="0" errors="0" time="7.139">
    <testcase time="7.12599999999998" classname="ds.unList_smk_simple_test" name="simple_test"/>
    <testcase time="0.000999999999976353" classname="ds.unList_smk_simple_test" name="simple_test"/>
    <testcase time="0.000999999999976353" classname="ds.unList_smk_simple_test" name="simple_test"/>
    <testcase time="0.00199999999995271" classname="ds.unList_smk_simple_test" name="simple_test"/>
    <testcase time="0.000999999999976353" classname="ds.unList_smk_simple_test" name="simple_test"/>
    <testcase time="0.000999999999976353" classname="ds.unList_smk_simple_test" name="simple_test"/>
    <testcase time="0.00200000000018008" classname="ds.unList_smk_simple_test" name="simple_test"/>
    <testcase time="0.00199999999995271" classname="ds.unList_smk_simple_test" name="simple_test"/>
    <testcase time="0.000999999999976353" classname="ds.unList_smk_simple_test" name="simple_test"/>
    <testcase time="0.00199999999995271" classname="ds.unList_smk_simple_test" name="simple_test"/>
  </testsuite>
  <testsuite name="ds.var::smk::split" timestamp="2019-11-22T14:30:53Z" hostname="fv-az53" tests="19" skipped="0" failures="0" errors="0" time="6.88">
    <testcase time="6.85500000000002" classname="ds.var_smk_split" name="simple_var_split"/>
    <testcase time="0.000999999999976353" classname="ds.var_smk_split" name="simple_var_split"/>
    <testcase time="0.00199999999995271" classname="ds.var_smk_split" name="simple_var_split"/>
    <testcase time="0.000999999999976353" classname="ds.var_smk_split" name="simple_var_split"/>
    <testcase time="0.00100000000020373" classname="ds.var_smk_split" name="simple_var_split"/>
    <testcase time="0.000999999999976353" classname="ds.var_smk_split" name="simple_var_split"/>
    <testcase time="0.000999999999976353" classname="ds.var_smk_split" name="simple_var_split"/>
    <testcase time="0.00199999999995271" classname="ds.var_smk_split" name="simple_var_split"/>
    <testcase time="0.000999999999976353" classname="ds.var_smk_split" name="simple_var_split"/>
    <testcase time="0.00199999999995271" classname="ds.var_smk_split" name="simple_var_split"/>
    <testcase time="0.000999999999976353" classname="ds.var_smk_split" name="simple_var_split"/>
    <testcase time="0.00200000000018008" classname="ds.var_smk_split" name="simple_var_split"/>
    <testcase time="0.000999999999976353" classname="ds.var_smk_split" name="simple_var_split"/>
    <testcase time="0.00199999999995271" classname="ds.var_smk_split" name="simple_var_split"/>
    <testcase time="0.000999999999976353" classname="ds.var_smk_split" name="simple_var_split"/>
    <testcase time="0.00199999999995271" classname="ds.var_smk_split" name="simple_var_split"/>
    <testcase time="0.000999999999976353" classname="ds.var_smk_split" name="simple_var_split"/>
    <testcase time="0.00200000000018008" classname="ds.var_smk_split" name="simple_var_split"/>
    <testcase time="0.000999999999976353" classname="ds.var_smk_split" name="simple_var_split"/>
  </testsuite>
  <testsuite name="ds.var::smk::combine" timestamp="2019-11-22T14:30:54Z" hostname="fv-az53" tests="11" skipped="0" failures="0" errors="0" time="0.272">
    <testcase time="0.259000000000015" classname="ds.var_smk_combine" name="simple_var_combine"/>
    <testcase time="0.000999999999976353" classname="ds.var_smk_combine" name="simple_var_combine"/>
    <testcase time="0.000999999999976353" classname="ds.var_smk_combine" name="simple_var_combine"/>
    <testcase time="0.00199999999995271" classname="ds.var_smk_combine" name="simple_var_combine"/>
    <testcase time="0.000999999999976353" classname="ds.var_smk_combine" name="simple_var_combine"/>
    <testcase time="0.00199999999995271" classname="ds.var_smk_combine" name="simple_var_combine"/>
    <testcase time="0.000999999999976353" classname="ds.var_smk_combine" name="simple_var_combine"/>
    <testcase time="0.00100000000020373" classname="ds.var_smk_combine" name="simple_var_combine"/>
    <testcase time="0.00199999999995271" classname="ds.var_smk_combine" name="simple_var_combine"/>
    <testcase time="0.000999999999976353" classname="ds.var_smk_combine" name="simple_var_combine"/>
    <testcase time="0.000999999999976353" classname="ds.var_smk_combine" name="simple_var_combine"/>
  </testsuite>
  <testsuite name="ds.var::smk::both" timestamp="2019-11-22T14:30:54Z" hostname="fv-az53" tests="24" skipped="0" failures="0" errors="0" time="0.3">
    <testcase time="0.2650000000001" classname="ds.var_smk_both" name="simple_var_both"/>
    <testcase time="0.000999999999976353" classname="ds.var_smk_both" name="simple_var_both"/>
    <testcase time="0.000999999999976353" classname="ds.var_smk_both" name="simple_var_both"/>
    <testcase time="0.00199999999995271" classname="ds.var_smk_both" name="simple_var_both"/>
    <testcase time="0.000999999999976353" classname="ds.var_smk_both" name="simple_var_both"/>
    <testcase time="0.000999999999976353" classname="ds.var_smk_both" name="simple_var_both"/>
    <testcase time="0.00199999999995271" classname="ds.var_smk_both" name="simple_var_both"/>
    <testcase time="0.000999999999976353" classname="ds.var_smk_both" name="simple_var_both"/>
    <testcase time="0.00200000000018008" classname="ds.var_smk_both" name="simple_var_both"/>
    <testcase time="0.000999999999976353" classname="ds.var_smk_both" name="simple_var_both"/>
    <testcase time="0.00199999999995271" classname="ds.var_smk_both" name="simple_var_both"/>
    <testcase time="0.000999999999976353" classname="ds.var_smk_both" name="simple_var_both"/>
    <testcase time="0.000999999999976353" classname="ds.var_smk_both" name="simple_var_both"/>
    <testcase time="0.00300000000015643" classname="ds.var_smk_both" name="simple_var_both"/>
    <testcase time="0.000999999999976353" classname="ds.var_smk_both" name="simple_var_both"/>
    <testcase time="0.00199999999995271" classname="ds.var_smk_both" name="simple_var_both"/>
    <testcase time="0.000999999999976353" classname="ds.var_smk_both" name="simple_var_both"/>
    <testcase time="0.00299999999992906" classname="ds.var_smk_both" name="simple_var_both"/>
    <testcase time="0.000999999999976353" classname="ds.var_smk_both" name="simple_var_both"/>
    <testcase time="0.00200000000018008" classname="ds.var_smk_both" name="simple_var_both"/>
    <testcase time="0.000999999999976353" classname="ds.var_smk_both" name="simple_var_both"/>
    <testcase time="0.00199999999995271" classname="ds.var_smk_both" name="simple_var_both"/>
    <testcase time="0.000999999999976353" classname="ds.var_smk_both" name="simple_var_both"/>
    <testcase time="0.00199999999995271" classname="ds.var_smk_both" name="simple_var_both"/>
  </testsuite>
  <testsuite name="ds.mean::smk_expt::type=combine" timestamp="2019-11-22T14:31:01Z" hostname="fv-az53" tests="1" skipped="0" failures="0" errors="0" time="7.089">
    <testcase time="7.08899999999994" classname="ds.mean_smk_expt_type_combine" name="mean_values_combine_"/>
  </testsuite>
  <testsuite name="ds.mean::smk_expt::type=split" timestamp="2019-11-22T14:31:01Z" hostname="fv-az53" tests="1" skipped="0" failures="0" errors="0" time="0.268">
    <testcase time="0.268000000000029" classname="ds.mean_smk_expt_type_split" name="mean_values_split_"/>
  </testsuite>
  <testsuite name="ds.mean::smk_expt::type=both" timestamp="2019-11-22T14:31:02Z" hostname="fv-az53" tests="1" skipped="0" failures="0" errors="0" time="0.264">
    <testcase time="0.264000000000124" classname="ds.mean_smk_expt_type_both" name="mean_values_both_"/>
  </testsuite>
  <testsuite name="ds.mean::smk_expt::type=combine" timestamp="2019-11-22T14:31:02Z" hostname="fv-az53" tests="1" skipped="0" failures="0" errors="0" time="0.261">
    <testcase time="0.260999999999967" classname="ds.mean_smk_expt_type_combine" name="mean_values_combine_"/>
  </testsuite>
  <testsuite name="ds.mean::smk_expt::type=split" timestamp="2019-11-22T14:31:02Z" hostname="fv-az53" tests="1" skipped="0" failures="0" errors="0" time="0.265">
    <testcase time="0.264999999999873" classname="ds.mean_smk_expt_type_split" name="mean_values_split_"/>
  </testsuite>
  <testsuite name="ds.mean::smk_expt::type=both" timestamp="2019-11-22T14:31:02Z" hostname="fv-az53" tests="1" skipped="0" failures="0" errors="0" time="0.265">
    <testcase time="0.2650000000001" classname="ds.mean_smk_expt_type_both" name="mean_values_both_"/>
  </testsuite>
  <testsuite name="ds.mean::smk_expt::type=combine" timestamp="2019-11-22T14:31:03Z" hostname="fv-az53" tests="1" skipped="0" failures="0" errors="0" time="0.265">
    <testcase time="0.2650000000001" classname="ds.mean_smk_expt_type_combine" name="mean_values_combine_"/>
  </testsuite>
  <testsuite name="ds.mean::smk_expt::type=split" timestamp="2019-11-22T14:31:03Z" hostname="fv-az53" tests="1" skipped="0" failures="0" errors="0" time="0.263">
    <testcase time="0.26299999999992" classname="ds.mean_smk_expt_type_split" name="mean_values_split_"/>
  </testsuite>
  <testsuite name="ds.mean::smk_expt::type=both" timestamp="2019-11-22T14:31:03Z" hostname="fv-az53" tests="1" skipped="0" failures="0" errors="0" time="0.26">
    <testcase time="0.259999999999991" classname="ds.mean_smk_expt_type_both" name="mean_values_both_"/>
  </testsuite>
  <testsuite name="ds.mean::smk_expt::type=combine" timestamp="2019-11-22T14:31:03Z" hostname="fv-az53" tests="1" skipped="0" failures="0" errors="0" time="0.265">
    <testcase time="0.2650000000001" classname="ds.mean_smk_expt_type_combine" name="mean_values_combine_"/>
  </testsuite>
  <testsuite name="ds.mean::smk_expt::type=split" timestamp="2019-11-22T14:31:04Z" hostname="fv-az53" tests="1" skipped="0" failures="0" errors="0" time="0.267">
    <testcase time="0.266999999999825" classname="ds.mean_smk_expt_type_split" name="mean_values_split_"/>
  </testsuite>
  <testsuite name="ds.mean::smk_expt::type=both" timestamp="2019-11-22T14:31:04Z" hostname="fv-az53" tests="1" skipped="0" failures="0" errors="0" time="0.263">
    <testcase time="0.263000000000147" classname="ds.mean_smk_expt_type_both" name="mean_values_both_"/>
  </testsuite>
  <testsuite name="ds.mean::smk_expt::type=combine" timestamp="2019-11-22T14:31:04Z" hostname="fv-az53" tests="1" skipped="0" failures="0" errors="0" time="0.269">
    <testcase time="0.269000000000005" classname="ds.mean_smk_expt_type_combine" name="mean_values_combine_"/>
  </testsuite>
  <testsuite name="ds.mean::smk_expt::type=split" timestamp="2019-11-22T14:31:05Z" hostname="fv-az53" tests="1" skipped="0" failures="0" errors="0" time="0.268">
    <testcase time="0.268000000000029" classname="ds.mean_smk_expt_type_split" name="mean_values_split_"/>
  </testsuite>
  <testsuite name="ds.mean::smk_expt::type=both" timestamp="2019-11-22T14:31:05Z" hostname="fv-az53" tests="1" skipped="0" failures="0" errors="0" time="0.269">
    <testcase time="0.269000000000005" classname="ds.mean_smk_expt_type_both" name="mean_values_both_"/>
  </testsuite>
  <testsuite name="ds.mean::smk_expt::type=combine" timestamp="2019-11-22T14:31:05Z" hostname="fv-az53" tests="1" skipped="0" failures="0" errors="0" time="0.281">
    <testcase time="0.280999999999949" classname="ds.mean_smk_expt_type_combine" name="mean_values_combine_"/>
  </testsuite>
  <testsuite name="ds.mean::smk_expt::type=split" timestamp="2019-11-22T14:31:05Z" hostname="fv-az53" tests="1" skipped="0" failures="0" errors="0" time="0.26">
    <testcase time="0.259999999999991" classname="ds.mean_smk_expt_type_split" name="mean_values_split_"/>
  </testsuite>
  <testsuite name="ds.mean::smk_expt::type=both" timestamp="2019-11-22T14:31:06Z" hostname="fv-az53" tests="1" skipped="0" failures="0" errors="0" time="0.266">
    <testcase time="0.265999999999849" classname="ds.mean_smk_expt_type_both" name="mean_values_both_"/>
  </testsuite>
  <testsuite name="ds.mean::smk_expt::type=combine" timestamp="2019-11-22T14:31:06Z" hostname="fv-az53" tests="1" skipped="0" failures="0" errors="0" time="0.261">
    <testcase time="0.261000000000195" classname="ds.mean_smk_expt_type_combine" name="mean_values_combine_"/>
  </testsuite>
  <testsuite name="ds.mean::smk_expt::type=split" timestamp="2019-11-22T14:31:06Z" hostname="fv-az53" tests="1" skipped="0" failures="0" errors="0" time="0.26">
    <testcase time="0.259999999999991" classname="ds.mean_smk_expt_type_split" name="mean_values_split_"/>
  </testsuite>
  <testsuite name="ds.mean::smk_expt::type=both" timestamp="2019-11-22T14:31:06Z" hostname="fv-az53" tests="1" skipped="0" failures="0" errors="0" time="0.262">
    <testcase time="0.261999999999944" classname="ds.mean_smk_expt_type_both" name="mean_values_both_"/>
  </testsuite>
  <testsuite name="ds.mean::smk_expt::type=combine" timestamp="2019-11-22T14:31:07Z" hostname="fv-az53" tests="1" skipped="0" failures="0" errors="0" time="0.262">
    <testcase time="0.261999999999944" classname="ds.mean_smk_expt_type_combine" name="mean_values_combine_"/>
  </testsuite>
  <testsuite name="ds.mean::smk_expt::type=split" timestamp="2019-11-22T14:31:07Z" hostname="fv-az53" tests="1" skipped="0" failures="0" errors="0" time="0.261">
    <testcase time="0.260999999999967" classname="ds.mean_smk_expt_type_split" name="mean_values_split_"/>
  </testsuite>
  <testsuite name="ds.mean::smk_expt::type=both" timestamp="2019-11-22T14:31:07Z" hostname="fv-az53" tests="1" skipped="0" failures="0" errors="0" time="0.261">
    <testcase time="0.260999999999967" classname="ds.mean_smk_expt_type_both" name="mean_values_both_"/>
  </testsuite>
  <testsuite name="ds.mean::smk_expt::type=combine" timestamp="2019-11-22T14:31:07Z" hostname="fv-az53" tests="1" skipped="0" failures="0" errors="0" time="0.261">
    <testcase time="0.261000000000195" classname="ds.mean_smk_expt_type_combine" name="mean_values_combine_"/>
  </testsuite>
  <testsuite name="ds.mean::smk_expt::type=split" timestamp="2019-11-22T14:31:08Z" hostname="fv-az53" tests="1" skipped="0" failures="0" errors="0" time="0.259">
    <testcase time="0.258999999999787" classname="ds.mean_smk_expt_type_split" name="mean_values_split_"/>
  </testsuite>
  <testsuite name="ds.mean::smk_expt::type=both" timestamp="2019-11-22T14:31:08Z" hostname="fv-az53" tests="1" skipped="0" failures="0" errors="0" time="0.266">
    <testcase time="0.266000000000076" classname="ds.mean_smk_expt_type_both" name="mean_values_both_"/>
  </testsuite>
  <testsuite name="ds.mean::smk_expt::type=combine" timestamp="2019-11-22T14:31:08Z" hostname="fv-az53" tests="1" skipped="0" failures="0" errors="0" time="0.264">
    <testcase time="0.264000000000124" classname="ds.mean_smk_expt_type_combine" name="mean_values_combine_"/>
  </testsuite>
  <testsuite name="ds.mean::smk_expt::type=split" timestamp="2019-11-22T14:31:09Z" hostname="fv-az53" tests="1" skipped="0" failures="0" errors="0" time="0.268">
    <testcase time="0.267999999999802" classname="ds.mean_smk_expt_type_split" name="mean_values_split_"/>
  </testsuite>
  <testsuite name="ds.mean::smk_expt::type=both" timestamp="2019-11-22T14:31:09Z" hostname="fv-az53" tests="1" skipped="0" failures="0" errors="0" time="0.265">
    <testcase time="0.2650000000001" classname="ds.mean_smk_expt_type_both" name="mean_values_both_"/>
  </testsuite>
  <testsuite name="ds.mean::smk_expt::type=combine" timestamp="2019-11-22T14:31:09Z" hostname="fv-az53" tests="1" skipped="0" failures="0" errors="0" time="0.265">
    <testcase time="0.2650000000001" classname="ds.mean_smk_expt_type_combine" name="mean_values_combine_"/>
  </testsuite>
  <testsuite name="ds.mean::smk_expt::type=split" timestamp="2019-11-22T14:31:09Z" hostname="fv-az53" tests="1" skipped="0" failures="0" errors="0" time="0.278">
    <testcase time="0.27800000000002" classname="ds.mean_smk_expt_type_split" name="mean_values_split_"/>
  </testsuite>
  <testsuite name="ds.mean::smk_expt::type=both" timestamp="2019-11-22T14:31:10Z" hostname="fv-az53" tests="1" skipped="0" failures="0" errors="0" time="0.264">
    <testcase time="0.263999999999896" classname="ds.mean_smk_expt_type_both" name="mean_values_both_"/>
  </testsuite>
</testsuites>
